2021-08-25 17:11:29,189 - INFO - -----SETUP INTEGRATOR_LWMAIL----
2021-08-25 17:11:29,266 - INFO - CONNECTED TO MIGRATION REPOSITORY: <repositories.migrator_db.MigrationRepository object at 0xffff9646aaf0> 
2021-08-25 17:11:29,558 - INFO - CONNECTED TO GLOBOMAIL REPOSITORY: <repositories.globomail.GlobomailRepository object at 0xffff9646abb0> 
2021-08-25 17:11:29,718 - INFO - CONNECTED TO ROUNDCUBE REPOSITORY: <repositories.roundcube.RoundcubeRepository object at 0xffff9626b9a0> 
2021-08-25 17:11:29,737 - INFO - -----ENDING SETUP INTEGRATOR_LWMAIL----
2021-08-25 17:11:29,738 - INFO - starting integration process for new email migrations
2021-08-25 17:11:30,326 - INFO - CLOSED MIGRATION REPOSITORY CONNECTION
2021-08-25 17:11:30,329 - INFO - CLOSED GLOBOMAIL REPOSITORY CONNECTION
2021-08-25 17:11:30,332 - INFO - CLOSED ROUNDCUBE REPOSITORY CONNECTION
2021-08-25 17:12:30,594 - INFO - -----SETUP INTEGRATOR_LWMAIL----
2021-08-25 17:12:30,619 - INFO - CONNECTED TO MIGRATION REPOSITORY: <repositories.migrator_db.MigrationRepository object at 0xffff9646a940> 
2021-08-25 17:12:30,845 - INFO - CONNECTED TO GLOBOMAIL REPOSITORY: <repositories.globomail.GlobomailRepository object at 0xffff9626bfd0> 
2021-08-25 17:12:31,002 - INFO - CONNECTED TO ROUNDCUBE REPOSITORY: <repositories.roundcube.RoundcubeRepository object at 0xffff9626bd90> 
2021-08-25 17:12:31,004 - INFO - -----ENDING SETUP INTEGRATOR_LWMAIL----
2021-08-25 17:12:31,005 - INFO - starting integration process for new email migrations
2021-08-25 17:12:31,583 - INFO - CLOSED MIGRATION REPOSITORY CONNECTION
2021-08-25 17:12:31,586 - INFO - CLOSED GLOBOMAIL REPOSITORY CONNECTION
2021-08-25 17:12:31,593 - INFO - CLOSED ROUNDCUBE REPOSITORY CONNECTION
2021-08-25 17:13:31,866 - INFO - -----SETUP INTEGRATOR_LWMAIL----
2021-08-25 17:13:31,904 - INFO - CONNECTED TO MIGRATION REPOSITORY: <repositories.migrator_db.MigrationRepository object at 0xffff9646aa90> 
2021-08-25 17:13:32,233 - INFO - CONNECTED TO GLOBOMAIL REPOSITORY: <repositories.globomail.GlobomailRepository object at 0xffff96280610> 
2021-08-25 17:13:32,398 - INFO - CONNECTED TO ROUNDCUBE REPOSITORY: <repositories.roundcube.RoundcubeRepository object at 0xffff962803a0> 
2021-08-25 17:13:32,400 - INFO - -----ENDING SETUP INTEGRATOR_LWMAIL----
2021-08-25 17:13:32,401 - INFO - starting integration process for new email migrations
2021-08-25 17:13:33,009 - INFO - CLOSED MIGRATION REPOSITORY CONNECTION
2021-08-25 17:13:33,014 - INFO - CLOSED GLOBOMAIL REPOSITORY CONNECTION
2021-08-25 17:13:33,018 - INFO - CLOSED ROUNDCUBE REPOSITORY CONNECTION
2021-08-25 17:14:33,299 - INFO - -----SETUP INTEGRATOR_LWMAIL----
2021-08-25 17:14:33,303 - INFO - CONNECTED TO MIGRATION REPOSITORY: <repositories.migrator_db.MigrationRepository object at 0xffff9646aa60> 
2021-08-25 17:14:33,469 - INFO - CONNECTED TO GLOBOMAIL REPOSITORY: <repositories.globomail.GlobomailRepository object at 0xffff95ca5be0> 
2021-08-25 17:14:33,630 - INFO - CONNECTED TO ROUNDCUBE REPOSITORY: <repositories.roundcube.RoundcubeRepository object at 0xffff96280130> 
2021-08-25 17:14:33,631 - INFO - -----ENDING SETUP INTEGRATOR_LWMAIL----
2021-08-25 17:14:33,632 - INFO - starting integration process for new email migrations
2021-08-25 17:14:34,272 - INFO - CLOSED MIGRATION REPOSITORY CONNECTION
2021-08-25 17:14:34,277 - INFO - CLOSED GLOBOMAIL REPOSITORY CONNECTION
2021-08-25 17:14:34,280 - INFO - CLOSED ROUNDCUBE REPOSITORY CONNECTION
2021-08-25 17:15:34,505 - INFO - -----SETUP INTEGRATOR_LWMAIL----
2021-08-25 17:15:34,537 - INFO - CONNECTED TO MIGRATION REPOSITORY: <repositories.migrator_db.MigrationRepository object at 0xffff9627e820> 
2021-08-25 17:15:35,016 - INFO - CONNECTED TO GLOBOMAIL REPOSITORY: <repositories.globomail.GlobomailRepository object at 0xffff9627e6d0> 
2021-08-25 17:15:35,251 - INFO - CONNECTED TO ROUNDCUBE REPOSITORY: <repositories.roundcube.RoundcubeRepository object at 0xffff9627e460> 
2021-08-25 17:15:35,258 - INFO - -----ENDING SETUP INTEGRATOR_LWMAIL----
2021-08-25 17:15:35,265 - INFO - starting integration process for new email migrations
2021-08-25 17:15:35,894 - INFO - CLOSED MIGRATION REPOSITORY CONNECTION
2021-08-25 17:15:35,898 - INFO - CLOSED GLOBOMAIL REPOSITORY CONNECTION
2021-08-25 17:15:35,901 - INFO - CLOSED ROUNDCUBE REPOSITORY CONNECTION
2021-08-25 17:16:36,138 - INFO - -----SETUP INTEGRATOR_LWMAIL----
2021-08-25 17:16:36,174 - INFO - CONNECTED TO MIGRATION REPOSITORY: <repositories.migrator_db.MigrationRepository object at 0xffff9627e8e0> 
2021-08-25 17:16:36,423 - INFO - CONNECTED TO GLOBOMAIL REPOSITORY: <repositories.globomail.GlobomailRepository object at 0xffff9627e4c0> 
2021-08-25 17:16:36,580 - INFO - CONNECTED TO ROUNDCUBE REPOSITORY: <repositories.roundcube.RoundcubeRepository object at 0xffff9627e280> 
2021-08-25 17:16:36,584 - INFO - -----ENDING SETUP INTEGRATOR_LWMAIL----
2021-08-25 17:16:36,585 - INFO - starting integration process for new email migrations
2021-08-25 17:16:37,218 - INFO - CLOSED MIGRATION REPOSITORY CONNECTION
2021-08-25 17:16:37,220 - INFO - CLOSED GLOBOMAIL REPOSITORY CONNECTION
2021-08-25 17:16:37,221 - INFO - CLOSED ROUNDCUBE REPOSITORY CONNECTION
2021-08-25 17:17:37,456 - INFO - -----SETUP INTEGRATOR_LWMAIL----
2021-08-25 17:17:37,518 - INFO - CONNECTED TO MIGRATION REPOSITORY: <repositories.migrator_db.MigrationRepository object at 0xffff9626be20> 
2021-08-25 17:17:37,808 - INFO - CONNECTED TO GLOBOMAIL REPOSITORY: <repositories.globomail.GlobomailRepository object at 0xffff9626bac0> 
2021-08-25 17:17:37,980 - INFO - CONNECTED TO ROUNDCUBE REPOSITORY: <repositories.roundcube.RoundcubeRepository object at 0xffff9627efa0> 
2021-08-25 17:17:37,983 - INFO - -----ENDING SETUP INTEGRATOR_LWMAIL----
2021-08-25 17:17:37,983 - INFO - starting integration process for new email migrations
2021-08-25 17:17:38,638 - INFO - CLOSED MIGRATION REPOSITORY CONNECTION
2021-08-25 17:17:38,642 - INFO - CLOSED GLOBOMAIL REPOSITORY CONNECTION
2021-08-25 17:17:38,644 - INFO - CLOSED ROUNDCUBE REPOSITORY CONNECTION
2021-08-25 17:18:38,894 - INFO - -----SETUP INTEGRATOR_LWMAIL----
2021-08-25 17:18:38,933 - INFO - CONNECTED TO MIGRATION REPOSITORY: <repositories.migrator_db.MigrationRepository object at 0xffff9646abb0> 
2021-08-25 17:18:39,152 - INFO - CONNECTED TO GLOBOMAIL REPOSITORY: <repositories.globomail.GlobomailRepository object at 0xffff9626bbe0> 
2021-08-25 17:18:39,322 - INFO - CONNECTED TO ROUNDCUBE REPOSITORY: <repositories.roundcube.RoundcubeRepository object at 0xffff95c3d280> 
2021-08-25 17:18:39,326 - INFO - -----ENDING SETUP INTEGRATOR_LWMAIL----
2021-08-25 17:18:39,331 - INFO - starting integration process for new email migrations
2021-08-25 17:18:39,944 - INFO - CLOSED MIGRATION REPOSITORY CONNECTION
2021-08-25 17:18:39,951 - INFO - CLOSED GLOBOMAIL REPOSITORY CONNECTION
2021-08-25 17:18:39,953 - INFO - CLOSED ROUNDCUBE REPOSITORY CONNECTION
2021-08-25 17:19:40,196 - INFO - -----SETUP INTEGRATOR_LWMAIL----
2021-08-25 17:19:40,225 - INFO - CONNECTED TO MIGRATION REPOSITORY: <repositories.migrator_db.MigrationRepository object at 0xffff96280310> 
2021-08-25 17:19:41,543 - INFO - CONNECTED TO GLOBOMAIL REPOSITORY: <repositories.globomail.GlobomailRepository object at 0xffff96280520> 
2021-08-25 17:19:41,718 - INFO - CONNECTED TO ROUNDCUBE REPOSITORY: <repositories.roundcube.RoundcubeRepository object at 0xffff95c5dd60> 
2021-08-25 17:19:41,723 - INFO - -----ENDING SETUP INTEGRATOR_LWMAIL----
2021-08-25 17:19:41,725 - INFO - starting integration process for new email migrations
2021-08-25 17:19:42,329 - INFO - CLOSED MIGRATION REPOSITORY CONNECTION
2021-08-25 17:19:42,335 - INFO - CLOSED GLOBOMAIL REPOSITORY CONNECTION
2021-08-25 17:19:42,340 - INFO - CLOSED ROUNDCUBE REPOSITORY CONNECTION
2021-08-25 17:20:42,601 - INFO - -----SETUP INTEGRATOR_LWMAIL----
2021-08-25 17:20:42,621 - INFO - CONNECTED TO MIGRATION REPOSITORY: <repositories.migrator_db.MigrationRepository object at 0xffff962800d0> 
2021-08-25 17:20:42,829 - INFO - CONNECTED TO GLOBOMAIL REPOSITORY: <repositories.globomail.GlobomailRepository object at 0xffff95c5dd90> 
2021-08-25 17:20:42,984 - INFO - CONNECTED TO ROUNDCUBE REPOSITORY: <repositories.roundcube.RoundcubeRepository object at 0xffff95c5ddc0> 
2021-08-25 17:20:42,989 - INFO - -----ENDING SETUP INTEGRATOR_LWMAIL----
2021-08-25 17:20:42,990 - INFO - starting integration process for new email migrations
2021-08-25 17:20:43,586 - INFO - CLOSED MIGRATION REPOSITORY CONNECTION
2021-08-25 17:20:43,589 - INFO - CLOSED GLOBOMAIL REPOSITORY CONNECTION
2021-08-25 17:20:43,592 - INFO - CLOSED ROUNDCUBE REPOSITORY CONNECTION
2021-08-25 17:21:43,871 - INFO - -----SETUP INTEGRATOR_LWMAIL----
2021-08-25 17:21:43,884 - INFO - CONNECTED TO MIGRATION REPOSITORY: <repositories.migrator_db.MigrationRepository object at 0xffff9626bf70> 
2021-08-25 17:21:44,158 - INFO - CONNECTED TO GLOBOMAIL REPOSITORY: <repositories.globomail.GlobomailRepository object at 0xffff9626b910> 
2021-08-25 17:21:44,342 - INFO - CONNECTED TO ROUNDCUBE REPOSITORY: <repositories.roundcube.RoundcubeRepository object at 0xffff95c5d220> 
2021-08-25 17:21:44,355 - INFO - -----ENDING SETUP INTEGRATOR_LWMAIL----
2021-08-25 17:21:44,358 - INFO - starting integration process for new email migrations
2021-08-25 17:21:44,977 - INFO - CLOSED MIGRATION REPOSITORY CONNECTION
2021-08-25 17:21:44,986 - INFO - CLOSED GLOBOMAIL REPOSITORY CONNECTION
2021-08-25 17:21:44,993 - INFO - CLOSED ROUNDCUBE REPOSITORY CONNECTION
2021-08-25 17:22:45,261 - INFO - -----SETUP INTEGRATOR_LWMAIL----
2021-08-25 17:22:45,265 - INFO - CONNECTED TO MIGRATION REPOSITORY: <repositories.migrator_db.MigrationRepository object at 0xffff9626b940> 
2021-08-25 17:22:45,435 - INFO - CONNECTED TO GLOBOMAIL REPOSITORY: <repositories.globomail.GlobomailRepository object at 0xffff95c5d040> 
2021-08-25 17:22:45,602 - INFO - CONNECTED TO ROUNDCUBE REPOSITORY: <repositories.roundcube.RoundcubeRepository object at 0xffff9627e4c0> 
2021-08-25 17:22:45,604 - INFO - -----ENDING SETUP INTEGRATOR_LWMAIL----
2021-08-25 17:22:45,605 - INFO - starting integration process for new email migrations
2021-08-25 17:22:46,218 - INFO - CLOSED MIGRATION REPOSITORY CONNECTION
2021-08-25 17:22:46,220 - INFO - CLOSED GLOBOMAIL REPOSITORY CONNECTION
2021-08-25 17:22:46,222 - INFO - CLOSED ROUNDCUBE REPOSITORY CONNECTION
2021-08-25 17:23:46,497 - INFO - -----SETUP INTEGRATOR_LWMAIL----
2021-08-25 17:23:46,518 - INFO - CONNECTED TO MIGRATION REPOSITORY: <repositories.migrator_db.MigrationRepository object at 0xffff9627e8b0> 
2021-08-25 17:23:46,847 - INFO - CONNECTED TO GLOBOMAIL REPOSITORY: <repositories.globomail.GlobomailRepository object at 0xffff9627e2e0> 
2021-08-25 17:23:47,038 - INFO - CONNECTED TO ROUNDCUBE REPOSITORY: <repositories.roundcube.RoundcubeRepository object at 0xffff9627ed60> 
2021-08-25 17:23:47,041 - INFO - -----ENDING SETUP INTEGRATOR_LWMAIL----
2021-08-25 17:23:47,042 - INFO - starting integration process for new email migrations
2021-08-25 17:23:47,649 - INFO - CLOSED MIGRATION REPOSITORY CONNECTION
2021-08-25 17:23:47,654 - INFO - CLOSED GLOBOMAIL REPOSITORY CONNECTION
2021-08-25 17:23:47,659 - INFO - CLOSED ROUNDCUBE REPOSITORY CONNECTION
2021-08-25 17:24:47,947 - INFO - -----SETUP INTEGRATOR_LWMAIL----
2021-08-25 17:24:47,959 - INFO - CONNECTED TO MIGRATION REPOSITORY: <repositories.migrator_db.MigrationRepository object at 0xffff9627e760> 
2021-08-25 17:24:48,162 - INFO - CONNECTED TO GLOBOMAIL REPOSITORY: <repositories.globomail.GlobomailRepository object at 0xffff9627e5e0> 
2021-08-25 17:24:48,346 - INFO - CONNECTED TO ROUNDCUBE REPOSITORY: <repositories.roundcube.RoundcubeRepository object at 0xffff95c6c880> 
2021-08-25 17:24:48,349 - INFO - -----ENDING SETUP INTEGRATOR_LWMAIL----
2021-08-25 17:24:48,351 - INFO - starting integration process for new email migrations
2021-08-25 17:24:48,981 - INFO - CLOSED MIGRATION REPOSITORY CONNECTION
2021-08-25 17:24:48,986 - INFO - CLOSED GLOBOMAIL REPOSITORY CONNECTION
2021-08-25 17:24:48,989 - INFO - CLOSED ROUNDCUBE REPOSITORY CONNECTION
2021-08-25 17:25:49,262 - INFO - -----SETUP INTEGRATOR_LWMAIL----
2021-08-25 17:25:49,278 - INFO - CONNECTED TO MIGRATION REPOSITORY: <repositories.migrator_db.MigrationRepository object at 0xffff95c6c100> 
2021-08-25 17:25:49,512 - INFO - CONNECTED TO GLOBOMAIL REPOSITORY: <repositories.globomail.GlobomailRepository object at 0xffff95c6c340> 
2021-08-25 17:25:49,675 - INFO - CONNECTED TO ROUNDCUBE REPOSITORY: <repositories.roundcube.RoundcubeRepository object at 0xffff95c6c670> 
2021-08-25 17:25:49,678 - INFO - -----ENDING SETUP INTEGRATOR_LWMAIL----
2021-08-25 17:25:49,679 - INFO - starting integration process for new email migrations
2021-08-25 17:25:50,280 - INFO - CLOSED MIGRATION REPOSITORY CONNECTION
2021-08-25 17:25:50,285 - INFO - CLOSED GLOBOMAIL REPOSITORY CONNECTION
2021-08-25 17:25:50,288 - INFO - CLOSED ROUNDCUBE REPOSITORY CONNECTION
2021-08-25 17:26:50,592 - INFO - -----SETUP INTEGRATOR_LWMAIL----
2021-08-25 17:26:50,599 - INFO - CONNECTED TO MIGRATION REPOSITORY: <repositories.migrator_db.MigrationRepository object at 0xffff9626bcd0> 
2021-08-25 17:26:50,787 - INFO - CONNECTED TO GLOBOMAIL REPOSITORY: <repositories.globomail.GlobomailRepository object at 0xffff96280040> 
2021-08-25 17:26:50,975 - INFO - CONNECTED TO ROUNDCUBE REPOSITORY: <repositories.roundcube.RoundcubeRepository object at 0xffff95c6c580> 
2021-08-25 17:26:50,976 - INFO - -----ENDING SETUP INTEGRATOR_LWMAIL----
2021-08-25 17:26:50,977 - INFO - starting integration process for new email migrations
2021-08-25 17:26:51,602 - INFO - CLOSED MIGRATION REPOSITORY CONNECTION
2021-08-25 17:26:51,604 - INFO - CLOSED GLOBOMAIL REPOSITORY CONNECTION
2021-08-25 17:26:51,606 - INFO - CLOSED ROUNDCUBE REPOSITORY CONNECTION
2021-08-25 17:27:51,894 - INFO - -----SETUP INTEGRATOR_LWMAIL----
2021-08-25 17:27:51,924 - INFO - CONNECTED TO MIGRATION REPOSITORY: <repositories.migrator_db.MigrationRepository object at 0xffff96280040> 
2021-08-25 17:27:52,229 - INFO - CONNECTED TO GLOBOMAIL REPOSITORY: <repositories.globomail.GlobomailRepository object at 0xffff96280490> 
2021-08-25 17:27:52,465 - INFO - CONNECTED TO ROUNDCUBE REPOSITORY: <repositories.roundcube.RoundcubeRepository object at 0xffff95c6cb80> 
2021-08-25 17:27:52,470 - INFO - -----ENDING SETUP INTEGRATOR_LWMAIL----
2021-08-25 17:27:52,472 - INFO - starting integration process for new email migrations
2021-08-25 17:27:53,086 - INFO - CLOSED MIGRATION REPOSITORY CONNECTION
2021-08-25 17:27:53,089 - INFO - CLOSED GLOBOMAIL REPOSITORY CONNECTION
2021-08-25 17:27:53,092 - INFO - CLOSED ROUNDCUBE REPOSITORY CONNECTION
2021-08-25 17:28:53,347 - INFO - -----SETUP INTEGRATOR_LWMAIL----
2021-08-25 17:28:53,351 - INFO - CONNECTED TO MIGRATION REPOSITORY: <repositories.migrator_db.MigrationRepository object at 0xffff962615e0> 
2021-08-25 17:28:53,523 - INFO - CONNECTED TO GLOBOMAIL REPOSITORY: <repositories.globomail.GlobomailRepository object at 0xffff95c5daf0> 
2021-08-25 17:28:53,685 - INFO - CONNECTED TO ROUNDCUBE REPOSITORY: <repositories.roundcube.RoundcubeRepository object at 0xffff95c6c310> 
2021-08-25 17:28:53,686 - INFO - -----ENDING SETUP INTEGRATOR_LWMAIL----
2021-08-25 17:28:53,687 - INFO - starting integration process for new email migrations
2021-08-25 17:28:54,292 - INFO - CLOSED MIGRATION REPOSITORY CONNECTION
2021-08-25 17:28:54,299 - INFO - CLOSED GLOBOMAIL REPOSITORY CONNECTION
2021-08-25 17:28:54,308 - INFO - CLOSED ROUNDCUBE REPOSITORY CONNECTION
2021-08-25 17:29:54,598 - INFO - -----SETUP INTEGRATOR_LWMAIL----
2021-08-25 17:29:54,640 - INFO - CONNECTED TO MIGRATION REPOSITORY: <repositories.migrator_db.MigrationRepository object at 0xffff964186a0> 
2021-08-25 17:29:54,956 - INFO - CONNECTED TO GLOBOMAIL REPOSITORY: <repositories.globomail.GlobomailRepository object at 0xffff95c6c160> 
2021-08-25 17:29:55,156 - INFO - CONNECTED TO ROUNDCUBE REPOSITORY: <repositories.roundcube.RoundcubeRepository object at 0xffff95c6c5e0> 
2021-08-25 17:29:55,165 - INFO - -----ENDING SETUP INTEGRATOR_LWMAIL----
2021-08-25 17:29:55,173 - INFO - starting integration process for new email migrations
2021-08-25 17:29:55,780 - INFO - CLOSED MIGRATION REPOSITORY CONNECTION
2021-08-25 17:29:55,785 - INFO - CLOSED GLOBOMAIL REPOSITORY CONNECTION
2021-08-25 17:29:55,791 - INFO - CLOSED ROUNDCUBE REPOSITORY CONNECTION
2021-08-25 17:30:56,068 - INFO - -----SETUP INTEGRATOR_LWMAIL----
2021-08-25 17:30:56,082 - INFO - CONNECTED TO MIGRATION REPOSITORY: <repositories.migrator_db.MigrationRepository object at 0xffff96418700> 
2021-08-25 17:30:56,309 - INFO - CONNECTED TO GLOBOMAIL REPOSITORY: <repositories.globomail.GlobomailRepository object at 0xffff95c6c220> 
2021-08-25 17:30:56,488 - INFO - CONNECTED TO ROUNDCUBE REPOSITORY: <repositories.roundcube.RoundcubeRepository object at 0xffff9627e8b0> 
2021-08-25 17:30:56,499 - INFO - -----ENDING SETUP INTEGRATOR_LWMAIL----
2021-08-25 17:30:56,502 - INFO - starting integration process for new email migrations
2021-08-25 17:30:57,129 - INFO - CLOSED MIGRATION REPOSITORY CONNECTION
2021-08-25 17:30:57,132 - INFO - CLOSED GLOBOMAIL REPOSITORY CONNECTION
2021-08-25 17:30:57,135 - INFO - CLOSED ROUNDCUBE REPOSITORY CONNECTION
2021-08-25 17:31:57,394 - INFO - -----SETUP INTEGRATOR_LWMAIL----
2021-08-25 17:31:57,431 - INFO - CONNECTED TO MIGRATION REPOSITORY: <repositories.migrator_db.MigrationRepository object at 0xffff9646aa90> 
2021-08-25 17:31:57,747 - INFO - CONNECTED TO GLOBOMAIL REPOSITORY: <repositories.globomail.GlobomailRepository object at 0xffff95c733a0> 
2021-08-25 17:31:57,953 - INFO - CONNECTED TO ROUNDCUBE REPOSITORY: <repositories.roundcube.RoundcubeRepository object at 0xffff95c73c10> 
2021-08-25 17:31:57,959 - INFO - -----ENDING SETUP INTEGRATOR_LWMAIL----
2021-08-25 17:31:57,961 - INFO - starting integration process for new email migrations
2021-08-25 17:31:58,576 - INFO - CLOSED MIGRATION REPOSITORY CONNECTION
2021-08-25 17:31:58,582 - INFO - CLOSED GLOBOMAIL REPOSITORY CONNECTION
2021-08-25 17:31:58,587 - INFO - CLOSED ROUNDCUBE REPOSITORY CONNECTION
2021-08-25 17:32:58,840 - INFO - -----SETUP INTEGRATOR_LWMAIL----
2021-08-25 17:32:58,853 - INFO - CONNECTED TO MIGRATION REPOSITORY: <repositories.migrator_db.MigrationRepository object at 0xffff95c73580> 
2021-08-25 17:32:59,036 - INFO - CONNECTED TO GLOBOMAIL REPOSITORY: <repositories.globomail.GlobomailRepository object at 0xffff95c73610> 
2021-08-25 17:32:59,200 - INFO - CONNECTED TO ROUNDCUBE REPOSITORY: <repositories.roundcube.RoundcubeRepository object at 0xffff95c73b50> 
2021-08-25 17:32:59,204 - INFO - -----ENDING SETUP INTEGRATOR_LWMAIL----
2021-08-25 17:32:59,208 - INFO - starting integration process for new email migrations
2021-08-25 17:32:59,823 - INFO - CLOSED MIGRATION REPOSITORY CONNECTION
2021-08-25 17:32:59,830 - INFO - CLOSED GLOBOMAIL REPOSITORY CONNECTION
2021-08-25 17:32:59,833 - INFO - CLOSED ROUNDCUBE REPOSITORY CONNECTION
2021-08-25 17:34:00,133 - INFO - -----SETUP INTEGRATOR_LWMAIL----
2021-08-25 17:34:00,178 - INFO - CONNECTED TO MIGRATION REPOSITORY: <repositories.migrator_db.MigrationRepository object at 0xffff962615e0> 
2021-08-25 17:34:00,436 - INFO - CONNECTED TO GLOBOMAIL REPOSITORY: <repositories.globomail.GlobomailRepository object at 0xffff9626b910> 
2021-08-25 17:34:00,597 - INFO - CONNECTED TO ROUNDCUBE REPOSITORY: <repositories.roundcube.RoundcubeRepository object at 0xffff95c6c070> 
2021-08-25 17:34:00,602 - INFO - -----ENDING SETUP INTEGRATOR_LWMAIL----
2021-08-25 17:34:00,603 - INFO - starting integration process for new email migrations
2021-08-25 17:34:01,263 - INFO - CLOSED MIGRATION REPOSITORY CONNECTION
2021-08-25 17:34:01,270 - INFO - CLOSED GLOBOMAIL REPOSITORY CONNECTION
2021-08-25 17:34:01,274 - INFO - CLOSED ROUNDCUBE REPOSITORY CONNECTION
2021-08-25 17:35:01,538 - INFO - -----SETUP INTEGRATOR_LWMAIL----
2021-08-25 17:35:01,556 - INFO - CONNECTED TO MIGRATION REPOSITORY: <repositories.migrator_db.MigrationRepository object at 0xffff95c5d6a0> 
2021-08-25 17:35:01,785 - INFO - CONNECTED TO GLOBOMAIL REPOSITORY: <repositories.globomail.GlobomailRepository object at 0xffff95c5de80> 
2021-08-25 17:35:01,951 - INFO - CONNECTED TO ROUNDCUBE REPOSITORY: <repositories.roundcube.RoundcubeRepository object at 0xffff95c6c0a0> 
2021-08-25 17:35:01,955 - INFO - -----ENDING SETUP INTEGRATOR_LWMAIL----
2021-08-25 17:35:01,959 - INFO - starting integration process for new email migrations
2021-08-25 17:35:02,563 - INFO - CLOSED MIGRATION REPOSITORY CONNECTION
2021-08-25 17:35:02,566 - INFO - CLOSED GLOBOMAIL REPOSITORY CONNECTION
2021-08-25 17:35:02,569 - INFO - CLOSED ROUNDCUBE REPOSITORY CONNECTION
2021-08-25 17:36:02,854 - INFO - -----SETUP INTEGRATOR_LWMAIL----
2021-08-25 17:36:02,867 - INFO - CONNECTED TO MIGRATION REPOSITORY: <repositories.migrator_db.MigrationRepository object at 0xffff95c02d30> 
2021-08-25 17:36:03,166 - INFO - CONNECTED TO GLOBOMAIL REPOSITORY: <repositories.globomail.GlobomailRepository object at 0xffff95c02c40> 
2021-08-25 17:36:03,380 - INFO - CONNECTED TO ROUNDCUBE REPOSITORY: <repositories.roundcube.RoundcubeRepository object at 0xffff95c02700> 
2021-08-25 17:36:03,382 - INFO - -----ENDING SETUP INTEGRATOR_LWMAIL----
2021-08-25 17:36:03,384 - INFO - starting integration process for new email migrations
2021-08-25 17:36:04,037 - INFO - CLOSED MIGRATION REPOSITORY CONNECTION
2021-08-25 17:36:04,040 - INFO - CLOSED GLOBOMAIL REPOSITORY CONNECTION
2021-08-25 17:36:04,043 - INFO - CLOSED ROUNDCUBE REPOSITORY CONNECTION
2021-08-25 17:37:04,316 - INFO - -----SETUP INTEGRATOR_LWMAIL----
2021-08-25 17:37:04,323 - INFO - CONNECTED TO MIGRATION REPOSITORY: <repositories.migrator_db.MigrationRepository object at 0xffff9646aa90> 
2021-08-25 17:37:04,492 - INFO - CONNECTED TO GLOBOMAIL REPOSITORY: <repositories.globomail.GlobomailRepository object at 0xffff95c028e0> 
2021-08-25 17:37:04,656 - INFO - CONNECTED TO ROUNDCUBE REPOSITORY: <repositories.roundcube.RoundcubeRepository object at 0xffff95c02370> 
2021-08-25 17:37:04,657 - INFO - -----ENDING SETUP INTEGRATOR_LWMAIL----
2021-08-25 17:37:04,658 - INFO - starting integration process for new email migrations
2021-08-25 17:37:05,278 - INFO - CLOSED MIGRATION REPOSITORY CONNECTION
2021-08-25 17:37:05,281 - INFO - CLOSED GLOBOMAIL REPOSITORY CONNECTION
2021-08-25 17:37:05,284 - INFO - CLOSED ROUNDCUBE REPOSITORY CONNECTION
2021-08-25 17:38:05,555 - INFO - -----SETUP INTEGRATOR_LWMAIL----
2021-08-25 17:38:05,558 - INFO - CONNECTED TO MIGRATION REPOSITORY: <repositories.migrator_db.MigrationRepository object at 0xffff95c5d670> 
2021-08-25 17:38:05,825 - INFO - CONNECTED TO GLOBOMAIL REPOSITORY: <repositories.globomail.GlobomailRepository object at 0xffff95c5d130> 
2021-08-25 17:38:06,020 - INFO - CONNECTED TO ROUNDCUBE REPOSITORY: <repositories.roundcube.RoundcubeRepository object at 0xffff95c02fa0> 
2021-08-25 17:38:06,022 - INFO - -----ENDING SETUP INTEGRATOR_LWMAIL----
2021-08-25 17:38:06,024 - INFO - starting integration process for new email migrations
2021-08-25 17:38:06,657 - INFO - CLOSED MIGRATION REPOSITORY CONNECTION
2021-08-25 17:38:06,659 - INFO - CLOSED GLOBOMAIL REPOSITORY CONNECTION
2021-08-25 17:38:06,661 - INFO - CLOSED ROUNDCUBE REPOSITORY CONNECTION
2021-08-25 17:39:06,925 - INFO - -----SETUP INTEGRATOR_LWMAIL----
2021-08-25 17:39:06,929 - INFO - CONNECTED TO MIGRATION REPOSITORY: <repositories.migrator_db.MigrationRepository object at 0xffff95c5d970> 
2021-08-25 17:39:07,128 - INFO - CONNECTED TO GLOBOMAIL REPOSITORY: <repositories.globomail.GlobomailRepository object at 0xffff95c02850> 
2021-08-25 17:39:07,300 - INFO - CONNECTED TO ROUNDCUBE REPOSITORY: <repositories.roundcube.RoundcubeRepository object at 0xffff9627e850> 
2021-08-25 17:39:07,302 - INFO - -----ENDING SETUP INTEGRATOR_LWMAIL----
2021-08-25 17:39:07,303 - INFO - starting integration process for new email migrations
2021-08-25 17:39:07,916 - INFO - CLOSED MIGRATION REPOSITORY CONNECTION
2021-08-25 17:39:07,918 - INFO - CLOSED GLOBOMAIL REPOSITORY CONNECTION
2021-08-25 17:39:07,921 - INFO - CLOSED ROUNDCUBE REPOSITORY CONNECTION
2021-08-25 17:40:08,184 - INFO - -----SETUP INTEGRATOR_LWMAIL----
2021-08-25 17:40:08,188 - INFO - CONNECTED TO MIGRATION REPOSITORY: <repositories.migrator_db.MigrationRepository object at 0xffff95c73940> 
2021-08-25 17:40:08,437 - INFO - CONNECTED TO GLOBOMAIL REPOSITORY: <repositories.globomail.GlobomailRepository object at 0xffff95c73310> 
2021-08-25 17:40:08,645 - INFO - CONNECTED TO ROUNDCUBE REPOSITORY: <repositories.roundcube.RoundcubeRepository object at 0xffff95c6cc10> 
2021-08-25 17:40:08,649 - INFO - -----ENDING SETUP INTEGRATOR_LWMAIL----
2021-08-25 17:40:08,651 - INFO - starting integration process for new email migrations
2021-08-25 17:40:09,262 - INFO - CLOSED MIGRATION REPOSITORY CONNECTION
2021-08-25 17:40:09,265 - INFO - CLOSED GLOBOMAIL REPOSITORY CONNECTION
2021-08-25 17:40:09,268 - INFO - CLOSED ROUNDCUBE REPOSITORY CONNECTION
2021-08-25 17:41:09,534 - INFO - -----SETUP INTEGRATOR_LWMAIL----
2021-08-25 17:41:09,537 - INFO - CONNECTED TO MIGRATION REPOSITORY: <repositories.migrator_db.MigrationRepository object at 0xffff9627e610> 
2021-08-25 17:41:09,747 - INFO - CONNECTED TO GLOBOMAIL REPOSITORY: <repositories.globomail.GlobomailRepository object at 0xffff9627e8b0> 
2021-08-25 17:41:09,952 - INFO - CONNECTED TO ROUNDCUBE REPOSITORY: <repositories.roundcube.RoundcubeRepository object at 0xffff95c6cbe0> 
2021-08-25 17:41:09,957 - INFO - -----ENDING SETUP INTEGRATOR_LWMAIL----
2021-08-25 17:41:09,960 - INFO - starting integration process for new email migrations
2021-08-25 17:41:10,598 - INFO - CLOSED MIGRATION REPOSITORY CONNECTION
2021-08-25 17:41:10,599 - INFO - CLOSED GLOBOMAIL REPOSITORY CONNECTION
2021-08-25 17:41:10,601 - INFO - CLOSED ROUNDCUBE REPOSITORY CONNECTION
2021-08-25 17:42:10,900 - INFO - -----SETUP INTEGRATOR_LWMAIL----
2021-08-25 17:42:10,903 - INFO - CONNECTED TO MIGRATION REPOSITORY: <repositories.migrator_db.MigrationRepository object at 0xffff95c5d130> 
2021-08-25 17:42:11,162 - INFO - CONNECTED TO GLOBOMAIL REPOSITORY: <repositories.globomail.GlobomailRepository object at 0xffff95c5dee0> 
2021-08-25 17:42:11,351 - INFO - CONNECTED TO ROUNDCUBE REPOSITORY: <repositories.roundcube.RoundcubeRepository object at 0xffff95c6c250> 
2021-08-25 17:42:11,358 - INFO - -----ENDING SETUP INTEGRATOR_LWMAIL----
2021-08-25 17:42:11,361 - INFO - starting integration process for new email migrations
2021-08-25 17:42:12,037 - INFO - CLOSED MIGRATION REPOSITORY CONNECTION
2021-08-25 17:42:12,040 - INFO - CLOSED GLOBOMAIL REPOSITORY CONNECTION
2021-08-25 17:42:12,042 - INFO - CLOSED ROUNDCUBE REPOSITORY CONNECTION
2021-08-25 17:43:12,263 - INFO - -----SETUP INTEGRATOR_LWMAIL----
2021-08-25 17:43:12,271 - INFO - CONNECTED TO MIGRATION REPOSITORY: <repositories.migrator_db.MigrationRepository object at 0xffff95c5de50> 
2021-08-25 17:43:12,537 - INFO - CONNECTED TO GLOBOMAIL REPOSITORY: <repositories.globomail.GlobomailRepository object at 0xffff95c738e0> 
2021-08-25 17:43:12,705 - INFO - CONNECTED TO ROUNDCUBE REPOSITORY: <repositories.roundcube.RoundcubeRepository object at 0xffff95c02d30> 
2021-08-25 17:43:12,707 - INFO - -----ENDING SETUP INTEGRATOR_LWMAIL----
2021-08-25 17:43:12,709 - INFO - starting integration process for new email migrations
2021-08-25 17:43:13,316 - INFO - CLOSED MIGRATION REPOSITORY CONNECTION
2021-08-25 17:43:13,319 - INFO - CLOSED GLOBOMAIL REPOSITORY CONNECTION
2021-08-25 17:43:13,322 - INFO - CLOSED ROUNDCUBE REPOSITORY CONNECTION
2021-08-25 17:44:13,601 - INFO - -----SETUP INTEGRATOR_LWMAIL----
2021-08-25 17:44:13,604 - INFO - CONNECTED TO MIGRATION REPOSITORY: <repositories.migrator_db.MigrationRepository object at 0xffff95c11460> 
2021-08-25 17:44:13,854 - INFO - CONNECTED TO GLOBOMAIL REPOSITORY: <repositories.globomail.GlobomailRepository object at 0xffff95c11df0> 
2021-08-25 17:44:14,035 - INFO - CONNECTED TO ROUNDCUBE REPOSITORY: <repositories.roundcube.RoundcubeRepository object at 0xffff95c117c0> 
2021-08-25 17:44:14,041 - INFO - -----ENDING SETUP INTEGRATOR_LWMAIL----
2021-08-25 17:44:14,046 - INFO - starting integration process for new email migrations
2021-08-25 17:44:14,686 - INFO - CLOSED MIGRATION REPOSITORY CONNECTION
2021-08-25 17:44:14,691 - INFO - CLOSED GLOBOMAIL REPOSITORY CONNECTION
2021-08-25 17:44:14,695 - INFO - CLOSED ROUNDCUBE REPOSITORY CONNECTION
2021-08-25 17:45:14,964 - INFO - -----SETUP INTEGRATOR_LWMAIL----
2021-08-25 17:45:14,971 - INFO - CONNECTED TO MIGRATION REPOSITORY: <repositories.migrator_db.MigrationRepository object at 0xffff95c112b0> 
2021-08-25 17:45:15,192 - INFO - CONNECTED TO GLOBOMAIL REPOSITORY: <repositories.globomail.GlobomailRepository object at 0xffff95c117c0> 
2021-08-25 17:45:15,406 - INFO - CONNECTED TO ROUNDCUBE REPOSITORY: <repositories.roundcube.RoundcubeRepository object at 0xffff9626b250> 
2021-08-25 17:45:15,409 - INFO - -----ENDING SETUP INTEGRATOR_LWMAIL----
2021-08-25 17:45:15,413 - INFO - starting integration process for new email migrations
2021-08-25 17:45:16,006 - INFO - CLOSED MIGRATION REPOSITORY CONNECTION
2021-08-25 17:45:16,008 - INFO - CLOSED GLOBOMAIL REPOSITORY CONNECTION
2021-08-25 17:45:16,012 - INFO - CLOSED ROUNDCUBE REPOSITORY CONNECTION
2021-08-25 17:46:16,311 - INFO - -----SETUP INTEGRATOR_LWMAIL----
2021-08-25 17:46:16,315 - INFO - CONNECTED TO MIGRATION REPOSITORY: <repositories.migrator_db.MigrationRepository object at 0xffff9626bac0> 
2021-08-25 17:46:16,568 - INFO - CONNECTED TO GLOBOMAIL REPOSITORY: <repositories.globomail.GlobomailRepository object at 0xffff9626bf40> 
2021-08-25 17:46:16,788 - INFO - CONNECTED TO ROUNDCUBE REPOSITORY: <repositories.roundcube.RoundcubeRepository object at 0xffff95c73eb0> 
2021-08-25 17:46:16,792 - INFO - -----ENDING SETUP INTEGRATOR_LWMAIL----
2021-08-25 17:46:16,795 - INFO - starting integration process for new email migrations
2021-08-25 17:46:17,384 - INFO - CLOSED MIGRATION REPOSITORY CONNECTION
2021-08-25 17:46:17,388 - INFO - CLOSED GLOBOMAIL REPOSITORY CONNECTION
2021-08-25 17:46:17,390 - INFO - CLOSED ROUNDCUBE REPOSITORY CONNECTION
2021-08-25 17:47:17,660 - INFO - -----SETUP INTEGRATOR_LWMAIL----
2021-08-25 17:47:17,679 - INFO - CONNECTED TO MIGRATION REPOSITORY: <repositories.migrator_db.MigrationRepository object at 0xffff964186a0> 
2021-08-25 17:47:17,906 - INFO - CONNECTED TO GLOBOMAIL REPOSITORY: <repositories.globomail.GlobomailRepository object at 0xffff95c73c10> 
2021-08-25 17:47:18,078 - INFO - CONNECTED TO ROUNDCUBE REPOSITORY: <repositories.roundcube.RoundcubeRepository object at 0xffff95c026a0> 
2021-08-25 17:47:18,082 - INFO - -----ENDING SETUP INTEGRATOR_LWMAIL----
2021-08-25 17:47:18,084 - INFO - starting integration process for new email migrations
2021-08-25 17:47:18,678 - INFO - CLOSED MIGRATION REPOSITORY CONNECTION
2021-08-25 17:47:18,680 - INFO - CLOSED GLOBOMAIL REPOSITORY CONNECTION
2021-08-25 17:47:18,682 - INFO - CLOSED ROUNDCUBE REPOSITORY CONNECTION
2021-08-25 17:48:18,976 - INFO - -----SETUP INTEGRATOR_LWMAIL----
2021-08-25 17:48:18,979 - INFO - CONNECTED TO MIGRATION REPOSITORY: <repositories.migrator_db.MigrationRepository object at 0xffff96418700> 
2021-08-25 17:48:19,313 - INFO - CONNECTED TO GLOBOMAIL REPOSITORY: <repositories.globomail.GlobomailRepository object at 0xffff95c6c400> 
2021-08-25 17:48:19,471 - INFO - CONNECTED TO ROUNDCUBE REPOSITORY: <repositories.roundcube.RoundcubeRepository object at 0xffff95c3d7f0> 
2021-08-25 17:48:19,472 - INFO - -----ENDING SETUP INTEGRATOR_LWMAIL----
2021-08-25 17:48:19,474 - INFO - starting integration process for new email migrations
2021-08-25 17:48:20,069 - INFO - CLOSED MIGRATION REPOSITORY CONNECTION
2021-08-25 17:48:20,074 - INFO - CLOSED GLOBOMAIL REPOSITORY CONNECTION
2021-08-25 17:48:20,077 - INFO - CLOSED ROUNDCUBE REPOSITORY CONNECTION
2021-08-25 17:49:20,340 - INFO - -----SETUP INTEGRATOR_LWMAIL----
2021-08-25 17:49:20,348 - INFO - CONNECTED TO MIGRATION REPOSITORY: <repositories.migrator_db.MigrationRepository object at 0xffff96280430> 
2021-08-25 17:49:20,534 - INFO - CONNECTED TO GLOBOMAIL REPOSITORY: <repositories.globomail.GlobomailRepository object at 0xffff95c73220> 
2021-08-25 17:49:20,760 - INFO - CONNECTED TO ROUNDCUBE REPOSITORY: <repositories.roundcube.RoundcubeRepository object at 0xffff95c021f0> 
2021-08-25 17:49:20,768 - INFO - -----ENDING SETUP INTEGRATOR_LWMAIL----
2021-08-25 17:49:20,773 - INFO - starting integration process for new email migrations
2021-08-25 17:49:21,435 - INFO - CLOSED MIGRATION REPOSITORY CONNECTION
2021-08-25 17:49:21,438 - INFO - CLOSED GLOBOMAIL REPOSITORY CONNECTION
2021-08-25 17:49:21,440 - INFO - CLOSED ROUNDCUBE REPOSITORY CONNECTION
2021-08-25 17:50:21,712 - INFO - -----SETUP INTEGRATOR_LWMAIL----
2021-08-25 17:50:21,714 - INFO - CONNECTED TO MIGRATION REPOSITORY: <repositories.migrator_db.MigrationRepository object at 0xffff964186a0> 
2021-08-25 17:50:21,968 - INFO - CONNECTED TO GLOBOMAIL REPOSITORY: <repositories.globomail.GlobomailRepository object at 0xffff9627e4c0> 
2021-08-25 17:50:22,140 - INFO - CONNECTED TO ROUNDCUBE REPOSITORY: <repositories.roundcube.RoundcubeRepository object at 0xffff95c3da90> 
2021-08-25 17:50:22,143 - INFO - -----ENDING SETUP INTEGRATOR_LWMAIL----
2021-08-25 17:50:22,146 - INFO - starting integration process for new email migrations
2021-08-25 17:50:22,803 - INFO - CLOSED MIGRATION REPOSITORY CONNECTION
2021-08-25 17:50:22,805 - INFO - CLOSED GLOBOMAIL REPOSITORY CONNECTION
2021-08-25 17:50:22,807 - INFO - CLOSED ROUNDCUBE REPOSITORY CONNECTION
2021-08-25 17:51:23,045 - INFO - -----SETUP INTEGRATOR_LWMAIL----
2021-08-25 17:51:23,053 - INFO - CONNECTED TO MIGRATION REPOSITORY: <repositories.migrator_db.MigrationRepository object at 0xffff9626bf40> 
2021-08-25 17:51:23,237 - INFO - CONNECTED TO GLOBOMAIL REPOSITORY: <repositories.globomail.GlobomailRepository object at 0xffff95c3ddc0> 
2021-08-25 17:51:23,426 - INFO - CONNECTED TO ROUNDCUBE REPOSITORY: <repositories.roundcube.RoundcubeRepository object at 0xffff95c3d700> 
2021-08-25 17:51:23,428 - INFO - -----ENDING SETUP INTEGRATOR_LWMAIL----
2021-08-25 17:51:23,429 - INFO - starting integration process for new email migrations
2021-08-25 17:51:24,015 - INFO - CLOSED MIGRATION REPOSITORY CONNECTION
2021-08-25 17:51:24,020 - INFO - CLOSED GLOBOMAIL REPOSITORY CONNECTION
2021-08-25 17:51:24,024 - INFO - CLOSED ROUNDCUBE REPOSITORY CONNECTION
2021-08-25 17:52:24,306 - INFO - -----SETUP INTEGRATOR_LWMAIL----
2021-08-25 17:52:24,313 - INFO - CONNECTED TO MIGRATION REPOSITORY: <repositories.migrator_db.MigrationRepository object at 0xffff95c16520> 
2021-08-25 17:52:24,628 - INFO - CONNECTED TO GLOBOMAIL REPOSITORY: <repositories.globomail.GlobomailRepository object at 0xffff95c16940> 
2021-08-25 17:52:24,823 - INFO - CONNECTED TO ROUNDCUBE REPOSITORY: <repositories.roundcube.RoundcubeRepository object at 0xffff95c16d60> 
2021-08-25 17:52:24,825 - INFO - -----ENDING SETUP INTEGRATOR_LWMAIL----
2021-08-25 17:52:24,826 - INFO - starting integration process for new email migrations
2021-08-25 17:52:25,448 - INFO - CLOSED MIGRATION REPOSITORY CONNECTION
2021-08-25 17:52:25,450 - INFO - CLOSED GLOBOMAIL REPOSITORY CONNECTION
2021-08-25 17:52:25,452 - INFO - CLOSED ROUNDCUBE REPOSITORY CONNECTION
2021-08-25 17:53:25,722 - INFO - -----SETUP INTEGRATOR_LWMAIL----
2021-08-25 17:53:25,725 - INFO - CONNECTED TO MIGRATION REPOSITORY: <repositories.migrator_db.MigrationRepository object at 0xffff95c162b0> 
2021-08-25 17:53:25,979 - INFO - CONNECTED TO GLOBOMAIL REPOSITORY: <repositories.globomail.GlobomailRepository object at 0xffff95c16610> 
2021-08-25 17:53:26,189 - INFO - CONNECTED TO ROUNDCUBE REPOSITORY: <repositories.roundcube.RoundcubeRepository object at 0xffff95c16bb0> 
2021-08-25 17:53:26,194 - INFO - -----ENDING SETUP INTEGRATOR_LWMAIL----
2021-08-25 17:53:26,197 - INFO - starting integration process for new email migrations
2021-08-25 17:53:26,783 - INFO - CLOSED MIGRATION REPOSITORY CONNECTION
2021-08-25 17:53:26,786 - INFO - CLOSED GLOBOMAIL REPOSITORY CONNECTION
2021-08-25 17:53:26,788 - INFO - CLOSED ROUNDCUBE REPOSITORY CONNECTION
2021-08-25 17:54:27,027 - INFO - -----SETUP INTEGRATOR_LWMAIL----
2021-08-25 17:54:27,031 - INFO - CONNECTED TO MIGRATION REPOSITORY: <repositories.migrator_db.MigrationRepository object at 0xffff95c16550> 
2021-08-25 17:54:27,318 - INFO - CONNECTED TO GLOBOMAIL REPOSITORY: <repositories.globomail.GlobomailRepository object at 0xffff95c162b0> 
2021-08-25 17:54:27,479 - INFO - CONNECTED TO ROUNDCUBE REPOSITORY: <repositories.roundcube.RoundcubeRepository object at 0xffff95c11b50> 
2021-08-25 17:54:27,480 - INFO - -----ENDING SETUP INTEGRATOR_LWMAIL----
2021-08-25 17:54:27,481 - INFO - starting integration process for new email migrations
2021-08-25 17:54:28,097 - INFO - CLOSED MIGRATION REPOSITORY CONNECTION
2021-08-25 17:54:28,099 - INFO - CLOSED GLOBOMAIL REPOSITORY CONNECTION
2021-08-25 17:54:28,101 - INFO - CLOSED ROUNDCUBE REPOSITORY CONNECTION
2021-08-25 17:55:28,374 - INFO - -----SETUP INTEGRATOR_LWMAIL----
2021-08-25 17:55:28,383 - INFO - CONNECTED TO MIGRATION REPOSITORY: <repositories.migrator_db.MigrationRepository object at 0xffff95c164f0> 
2021-08-25 17:55:28,620 - INFO - CONNECTED TO GLOBOMAIL REPOSITORY: <repositories.globomail.GlobomailRepository object at 0xffff95c11310> 
2021-08-25 17:55:28,792 - INFO - CONNECTED TO ROUNDCUBE REPOSITORY: <repositories.roundcube.RoundcubeRepository object at 0xffff95c11550> 
2021-08-25 17:55:28,793 - INFO - -----ENDING SETUP INTEGRATOR_LWMAIL----
2021-08-25 17:55:28,794 - INFO - starting integration process for new email migrations
2021-08-25 17:55:29,396 - INFO - CLOSED MIGRATION REPOSITORY CONNECTION
2021-08-25 17:55:29,399 - INFO - CLOSED GLOBOMAIL REPOSITORY CONNECTION
2021-08-25 17:55:29,402 - INFO - CLOSED ROUNDCUBE REPOSITORY CONNECTION
2021-08-25 17:56:29,666 - INFO - -----SETUP INTEGRATOR_LWMAIL----
2021-08-25 17:56:29,673 - INFO - CONNECTED TO MIGRATION REPOSITORY: <repositories.migrator_db.MigrationRepository object at 0xffff95c16820> 
2021-08-25 17:56:29,930 - INFO - CONNECTED TO GLOBOMAIL REPOSITORY: <repositories.globomail.GlobomailRepository object at 0xffff95c11280> 
2021-08-25 17:56:30,141 - INFO - CONNECTED TO ROUNDCUBE REPOSITORY: <repositories.roundcube.RoundcubeRepository object at 0xffff95c116a0> 
2021-08-25 17:56:30,147 - INFO - -----ENDING SETUP INTEGRATOR_LWMAIL----
2021-08-25 17:56:30,150 - INFO - starting integration process for new email migrations
2021-08-25 17:56:30,755 - INFO - CLOSED MIGRATION REPOSITORY CONNECTION
2021-08-25 17:56:30,756 - INFO - CLOSED GLOBOMAIL REPOSITORY CONNECTION
2021-08-25 17:56:30,757 - INFO - CLOSED ROUNDCUBE REPOSITORY CONNECTION
2021-08-25 17:57:31,030 - INFO - -----SETUP INTEGRATOR_LWMAIL----
2021-08-25 17:57:31,040 - INFO - CONNECTED TO MIGRATION REPOSITORY: <repositories.migrator_db.MigrationRepository object at 0xffff95c907c0> 
2021-08-25 17:57:31,259 - INFO - CONNECTED TO GLOBOMAIL REPOSITORY: <repositories.globomail.GlobomailRepository object at 0xffff95c73610> 
2021-08-25 17:57:31,469 - INFO - CONNECTED TO ROUNDCUBE REPOSITORY: <repositories.roundcube.RoundcubeRepository object at 0xffff95c73ac0> 
2021-08-25 17:57:31,474 - INFO - -----ENDING SETUP INTEGRATOR_LWMAIL----
2021-08-25 17:57:31,477 - INFO - starting integration process for new email migrations
2021-08-25 17:57:32,097 - INFO - CLOSED MIGRATION REPOSITORY CONNECTION
2021-08-25 17:57:32,099 - INFO - CLOSED GLOBOMAIL REPOSITORY CONNECTION
2021-08-25 17:57:32,101 - INFO - CLOSED ROUNDCUBE REPOSITORY CONNECTION
2021-08-25 17:58:32,400 - INFO - -----SETUP INTEGRATOR_LWMAIL----
2021-08-25 17:58:32,403 - INFO - CONNECTED TO MIGRATION REPOSITORY: <repositories.migrator_db.MigrationRepository object at 0xffff95c90160> 
2021-08-25 17:58:32,611 - INFO - CONNECTED TO GLOBOMAIL REPOSITORY: <repositories.globomail.GlobomailRepository object at 0xffff95c73fa0> 
2021-08-25 17:58:32,935 - INFO - CONNECTED TO ROUNDCUBE REPOSITORY: <repositories.roundcube.RoundcubeRepository object at 0xffff95c73ac0> 
2021-08-25 17:58:32,939 - INFO - -----ENDING SETUP INTEGRATOR_LWMAIL----
2021-08-25 17:58:32,941 - INFO - starting integration process for new email migrations
2021-08-25 17:58:33,530 - INFO - CLOSED MIGRATION REPOSITORY CONNECTION
2021-08-25 17:58:33,534 - INFO - CLOSED GLOBOMAIL REPOSITORY CONNECTION
2021-08-25 17:58:33,537 - INFO - CLOSED ROUNDCUBE REPOSITORY CONNECTION
2021-08-25 17:59:33,723 - INFO - -----SETUP INTEGRATOR_LWMAIL----
2021-08-25 17:59:33,733 - INFO - CONNECTED TO MIGRATION REPOSITORY: <repositories.migrator_db.MigrationRepository object at 0xffff97b8c7c0> 
2021-08-25 17:59:33,974 - INFO - CONNECTED TO GLOBOMAIL REPOSITORY: <repositories.globomail.GlobomailRepository object at 0xffff95c11c40> 
2021-08-25 17:59:34,124 - INFO - CONNECTED TO ROUNDCUBE REPOSITORY: <repositories.roundcube.RoundcubeRepository object at 0xffff95c11370> 
2021-08-25 17:59:34,127 - INFO - -----ENDING SETUP INTEGRATOR_LWMAIL----
2021-08-25 17:59:34,127 - INFO - starting integration process for new email migrations
2021-08-25 17:59:34,689 - INFO - CLOSED MIGRATION REPOSITORY CONNECTION
2021-08-25 17:59:34,690 - INFO - CLOSED GLOBOMAIL REPOSITORY CONNECTION
2021-08-25 17:59:34,693 - INFO - CLOSED ROUNDCUBE REPOSITORY CONNECTION
2021-08-25 18:00:34,908 - INFO - -----SETUP INTEGRATOR_LWMAIL----
2021-08-25 18:00:34,916 - INFO - CONNECTED TO MIGRATION REPOSITORY: <repositories.migrator_db.MigrationRepository object at 0xffff95c909a0> 
2021-08-25 18:00:35,101 - INFO - CONNECTED TO GLOBOMAIL REPOSITORY: <repositories.globomail.GlobomailRepository object at 0xffff95c114c0> 
2021-08-25 18:00:35,278 - INFO - CONNECTED TO ROUNDCUBE REPOSITORY: <repositories.roundcube.RoundcubeRepository object at 0xffff95c11070> 
2021-08-25 18:00:35,280 - INFO - -----ENDING SETUP INTEGRATOR_LWMAIL----
2021-08-25 18:00:35,283 - INFO - starting integration process for new email migrations
2021-08-25 18:00:35,838 - INFO - CLOSED MIGRATION REPOSITORY CONNECTION
2021-08-25 18:00:35,843 - INFO - CLOSED GLOBOMAIL REPOSITORY CONNECTION
2021-08-25 18:00:35,847 - INFO - CLOSED ROUNDCUBE REPOSITORY CONNECTION
2021-08-25 18:01:36,113 - INFO - -----SETUP INTEGRATOR_LWMAIL----
2021-08-25 18:01:36,126 - INFO - CONNECTED TO MIGRATION REPOSITORY: <repositories.migrator_db.MigrationRepository object at 0xffff95c907f0> 
2021-08-25 18:01:36,371 - INFO - CONNECTED TO GLOBOMAIL REPOSITORY: <repositories.globomail.GlobomailRepository object at 0xffff95c027f0> 
2021-08-25 18:01:36,537 - INFO - CONNECTED TO ROUNDCUBE REPOSITORY: <repositories.roundcube.RoundcubeRepository object at 0xffff95c02760> 
2021-08-25 18:01:36,542 - INFO - -----ENDING SETUP INTEGRATOR_LWMAIL----
2021-08-25 18:01:36,545 - INFO - starting integration process for new email migrations
2021-08-25 18:01:37,443 - INFO - CLOSED MIGRATION REPOSITORY CONNECTION
2021-08-25 18:01:37,446 - INFO - CLOSED GLOBOMAIL REPOSITORY CONNECTION
2021-08-25 18:01:37,451 - INFO - CLOSED ROUNDCUBE REPOSITORY CONNECTION
2021-08-25 18:02:37,730 - INFO - -----SETUP INTEGRATOR_LWMAIL----
2021-08-25 18:02:37,744 - INFO - CONNECTED TO MIGRATION REPOSITORY: <repositories.migrator_db.MigrationRepository object at 0xffff95c907c0> 
2021-08-25 18:02:37,952 - INFO - CONNECTED TO GLOBOMAIL REPOSITORY: <repositories.globomail.GlobomailRepository object at 0xffff9646aa30> 
2021-08-25 18:02:38,106 - INFO - CONNECTED TO ROUNDCUBE REPOSITORY: <repositories.roundcube.RoundcubeRepository object at 0xffff95c16a90> 
2021-08-25 18:02:38,109 - INFO - -----ENDING SETUP INTEGRATOR_LWMAIL----
2021-08-25 18:02:38,110 - INFO - starting integration process for new email migrations
2021-08-25 18:02:38,691 - INFO - CLOSED MIGRATION REPOSITORY CONNECTION
2021-08-25 18:02:38,696 - INFO - CLOSED GLOBOMAIL REPOSITORY CONNECTION
2021-08-25 18:02:38,698 - INFO - CLOSED ROUNDCUBE REPOSITORY CONNECTION
2021-08-25 18:03:38,996 - INFO - -----SETUP INTEGRATOR_LWMAIL----
2021-08-25 18:03:39,002 - INFO - CONNECTED TO MIGRATION REPOSITORY: <repositories.migrator_db.MigrationRepository object at 0xffff95c90160> 
2021-08-25 18:03:39,198 - INFO - CONNECTED TO GLOBOMAIL REPOSITORY: <repositories.globomail.GlobomailRepository object at 0xffff95c73160> 
2021-08-25 18:03:39,357 - INFO - CONNECTED TO ROUNDCUBE REPOSITORY: <repositories.roundcube.RoundcubeRepository object at 0xffff95c73340> 
2021-08-25 18:03:39,359 - INFO - -----ENDING SETUP INTEGRATOR_LWMAIL----
2021-08-25 18:03:39,361 - INFO - starting integration process for new email migrations
2021-08-25 18:03:39,923 - INFO - CLOSED MIGRATION REPOSITORY CONNECTION
2021-08-25 18:03:39,925 - INFO - CLOSED GLOBOMAIL REPOSITORY CONNECTION
2021-08-25 18:03:39,927 - INFO - CLOSED ROUNDCUBE REPOSITORY CONNECTION
2021-08-25 18:04:40,220 - INFO - -----SETUP INTEGRATOR_LWMAIL----
2021-08-25 18:04:40,223 - INFO - CONNECTED TO MIGRATION REPOSITORY: <repositories.migrator_db.MigrationRepository object at 0xffff95c90760> 
2021-08-25 18:04:40,386 - INFO - CONNECTED TO GLOBOMAIL REPOSITORY: <repositories.globomail.GlobomailRepository object at 0xffff95c73160> 
2021-08-25 18:04:40,547 - INFO - CONNECTED TO ROUNDCUBE REPOSITORY: <repositories.roundcube.RoundcubeRepository object at 0xffff95c023a0> 
2021-08-25 18:04:40,552 - INFO - -----ENDING SETUP INTEGRATOR_LWMAIL----
2021-08-25 18:04:40,554 - INFO - starting integration process for new email migrations
2021-08-25 18:04:41,124 - INFO - CLOSED MIGRATION REPOSITORY CONNECTION
2021-08-25 18:04:41,129 - INFO - CLOSED GLOBOMAIL REPOSITORY CONNECTION
2021-08-25 18:04:41,133 - INFO - CLOSED ROUNDCUBE REPOSITORY CONNECTION
2021-08-25 18:05:41,392 - INFO - -----SETUP INTEGRATOR_LWMAIL----
2021-08-25 18:05:41,397 - INFO - CONNECTED TO MIGRATION REPOSITORY: <repositories.migrator_db.MigrationRepository object at 0xffff95c909a0> 
2021-08-25 18:05:41,676 - INFO - CONNECTED TO GLOBOMAIL REPOSITORY: <repositories.globomail.GlobomailRepository object at 0xffff95c023a0> 
2021-08-25 18:05:41,840 - INFO - CONNECTED TO ROUNDCUBE REPOSITORY: <repositories.roundcube.RoundcubeRepository object at 0xffff95c11be0> 
2021-08-25 18:05:41,843 - INFO - -----ENDING SETUP INTEGRATOR_LWMAIL----
2021-08-25 18:05:41,845 - INFO - starting integration process for new email migrations
2021-08-25 18:05:42,406 - INFO - CLOSED MIGRATION REPOSITORY CONNECTION
2021-08-25 18:05:42,408 - INFO - CLOSED GLOBOMAIL REPOSITORY CONNECTION
2021-08-25 18:05:42,411 - INFO - CLOSED ROUNDCUBE REPOSITORY CONNECTION
2021-08-25 18:06:42,715 - INFO - -----SETUP INTEGRATOR_LWMAIL----
2021-08-25 18:06:42,717 - INFO - CONNECTED TO MIGRATION REPOSITORY: <repositories.migrator_db.MigrationRepository object at 0xffff95c907f0> 
2021-08-25 18:06:42,882 - INFO - CONNECTED TO GLOBOMAIL REPOSITORY: <repositories.globomail.GlobomailRepository object at 0xffff95c114c0> 
2021-08-25 18:06:43,031 - INFO - CONNECTED TO ROUNDCUBE REPOSITORY: <repositories.roundcube.RoundcubeRepository object at 0xffff95c11850> 
2021-08-25 18:06:43,033 - INFO - -----ENDING SETUP INTEGRATOR_LWMAIL----
2021-08-25 18:06:43,034 - INFO - starting integration process for new email migrations
2021-08-25 18:06:43,593 - INFO - CLOSED MIGRATION REPOSITORY CONNECTION
2021-08-25 18:06:43,598 - INFO - CLOSED GLOBOMAIL REPOSITORY CONNECTION
2021-08-25 18:06:43,605 - INFO - CLOSED ROUNDCUBE REPOSITORY CONNECTION
2021-08-25 18:07:43,867 - INFO - -----SETUP INTEGRATOR_LWMAIL----
2021-08-25 18:07:43,874 - INFO - CONNECTED TO MIGRATION REPOSITORY: <repositories.migrator_db.MigrationRepository object at 0xffff95c907c0> 
2021-08-25 18:07:44,145 - INFO - CONNECTED TO GLOBOMAIL REPOSITORY: <repositories.globomail.GlobomailRepository object at 0xffff95c02400> 
2021-08-25 18:07:44,306 - INFO - CONNECTED TO ROUNDCUBE REPOSITORY: <repositories.roundcube.RoundcubeRepository object at 0xffff95c02ee0> 
2021-08-25 18:07:44,312 - INFO - -----ENDING SETUP INTEGRATOR_LWMAIL----
2021-08-25 18:07:44,314 - INFO - starting integration process for new email migrations
2021-08-25 18:07:44,870 - INFO - CLOSED MIGRATION REPOSITORY CONNECTION
2021-08-25 18:07:44,876 - INFO - CLOSED GLOBOMAIL REPOSITORY CONNECTION
2021-08-25 18:07:44,879 - INFO - CLOSED ROUNDCUBE REPOSITORY CONNECTION
2021-08-25 18:08:45,184 - INFO - -----SETUP INTEGRATOR_LWMAIL----
2021-08-25 18:08:45,189 - INFO - CONNECTED TO MIGRATION REPOSITORY: <repositories.migrator_db.MigrationRepository object at 0xffff9646ac10> 
2021-08-25 18:08:45,344 - INFO - CONNECTED TO GLOBOMAIL REPOSITORY: <repositories.globomail.GlobomailRepository object at 0xffff9646adc0> 
2021-08-25 18:08:45,510 - INFO - CONNECTED TO ROUNDCUBE REPOSITORY: <repositories.roundcube.RoundcubeRepository object at 0xffff95c02d30> 
2021-08-25 18:08:45,518 - INFO - -----ENDING SETUP INTEGRATOR_LWMAIL----
2021-08-25 18:08:45,521 - INFO - starting integration process for new email migrations
2021-08-25 18:08:46,078 - INFO - CLOSED MIGRATION REPOSITORY CONNECTION
2021-08-25 18:08:46,084 - INFO - CLOSED GLOBOMAIL REPOSITORY CONNECTION
2021-08-25 18:08:46,090 - INFO - CLOSED ROUNDCUBE REPOSITORY CONNECTION
2021-08-25 18:09:46,396 - INFO - -----SETUP INTEGRATOR_LWMAIL----
2021-08-25 18:09:46,399 - INFO - CONNECTED TO MIGRATION REPOSITORY: <repositories.migrator_db.MigrationRepository object at 0xffff9646ac70> 
2021-08-25 18:09:46,556 - INFO - CONNECTED TO GLOBOMAIL REPOSITORY: <repositories.globomail.GlobomailRepository object at 0xffff95c16bb0> 
2021-08-25 18:09:47,766 - INFO - CONNECTED TO ROUNDCUBE REPOSITORY: <repositories.roundcube.RoundcubeRepository object at 0xffff95c16c10> 
2021-08-25 18:09:47,771 - INFO - -----ENDING SETUP INTEGRATOR_LWMAIL----
2021-08-25 18:09:47,775 - INFO - starting integration process for new email migrations
2021-08-25 18:09:48,330 - INFO - CLOSED MIGRATION REPOSITORY CONNECTION
2021-08-25 18:09:48,332 - INFO - CLOSED GLOBOMAIL REPOSITORY CONNECTION
2021-08-25 18:09:48,334 - INFO - CLOSED ROUNDCUBE REPOSITORY CONNECTION
2021-08-25 18:10:48,590 - INFO - -----SETUP INTEGRATOR_LWMAIL----
2021-08-25 18:10:48,596 - INFO - CONNECTED TO MIGRATION REPOSITORY: <repositories.migrator_db.MigrationRepository object at 0xffff95c02d60> 
2021-08-25 18:11:56,147 - INFO - CONNECTED TO GLOBOMAIL REPOSITORY: <repositories.globomail.GlobomailRepository object at 0xffff95c021c0> 
2021-08-25 18:11:56,307 - INFO - CONNECTED TO ROUNDCUBE REPOSITORY: <repositories.roundcube.RoundcubeRepository object at 0xffff95c6c8e0> 
2021-08-25 18:11:56,312 - INFO - -----ENDING SETUP INTEGRATOR_LWMAIL----
2021-08-25 18:11:56,314 - INFO - starting integration process for new email migrations
2021-08-25 18:11:56,879 - INFO - CLOSED MIGRATION REPOSITORY CONNECTION
2021-08-25 18:11:56,884 - INFO - CLOSED GLOBOMAIL REPOSITORY CONNECTION
2021-08-25 18:11:56,888 - INFO - CLOSED ROUNDCUBE REPOSITORY CONNECTION
2021-08-25 18:12:57,169 - INFO - -----SETUP INTEGRATOR_LWMAIL----
2021-08-25 18:12:57,178 - INFO - CONNECTED TO MIGRATION REPOSITORY: <repositories.migrator_db.MigrationRepository object at 0xffff95c6c190> 
2021-08-25 18:12:57,351 - INFO - CONNECTED TO GLOBOMAIL REPOSITORY: <repositories.globomail.GlobomailRepository object at 0xffff95c6cca0> 
2021-08-25 18:12:57,513 - INFO - CONNECTED TO ROUNDCUBE REPOSITORY: <repositories.roundcube.RoundcubeRepository object at 0xffff95c6c3d0> 
2021-08-25 18:12:57,518 - INFO - -----ENDING SETUP INTEGRATOR_LWMAIL----
2021-08-25 18:12:57,521 - INFO - starting integration process for new email migrations
2021-08-25 18:12:58,080 - INFO - CLOSED MIGRATION REPOSITORY CONNECTION
2021-08-25 18:12:58,087 - INFO - CLOSED GLOBOMAIL REPOSITORY CONNECTION
2021-08-25 18:12:58,092 - INFO - CLOSED ROUNDCUBE REPOSITORY CONNECTION
2021-08-25 18:13:58,396 - INFO - -----SETUP INTEGRATOR_LWMAIL----
2021-08-25 18:13:58,405 - INFO - CONNECTED TO MIGRATION REPOSITORY: <repositories.migrator_db.MigrationRepository object at 0xffff95c909a0> 
2021-08-25 18:13:58,653 - INFO - CONNECTED TO GLOBOMAIL REPOSITORY: <repositories.globomail.GlobomailRepository object at 0xffff9646abb0> 
2021-08-25 18:13:58,809 - INFO - CONNECTED TO ROUNDCUBE REPOSITORY: <repositories.roundcube.RoundcubeRepository object at 0xffff95c6c880> 
2021-08-25 18:13:58,814 - INFO - -----ENDING SETUP INTEGRATOR_LWMAIL----
2021-08-25 18:13:58,817 - INFO - starting integration process for new email migrations
2021-08-25 18:13:59,375 - INFO - CLOSED MIGRATION REPOSITORY CONNECTION
2021-08-25 18:13:59,381 - INFO - CLOSED GLOBOMAIL REPOSITORY CONNECTION
2021-08-25 18:13:59,384 - INFO - CLOSED ROUNDCUBE REPOSITORY CONNECTION
2021-08-25 18:14:59,690 - INFO - -----SETUP INTEGRATOR_LWMAIL----
2021-08-25 18:14:59,698 - INFO - CONNECTED TO MIGRATION REPOSITORY: <repositories.migrator_db.MigrationRepository object at 0xffff9646adf0> 
2021-08-25 18:14:59,865 - INFO - CONNECTED TO GLOBOMAIL REPOSITORY: <repositories.globomail.GlobomailRepository object at 0xffff95c6c790> 
2021-08-25 18:15:00,081 - INFO - CONNECTED TO ROUNDCUBE REPOSITORY: <repositories.roundcube.RoundcubeRepository object at 0xffff95c73340> 
2021-08-25 18:15:00,085 - INFO - -----ENDING SETUP INTEGRATOR_LWMAIL----
2021-08-25 18:15:00,088 - INFO - starting integration process for new email migrations
2021-08-25 18:15:00,642 - INFO - CLOSED MIGRATION REPOSITORY CONNECTION
2021-08-25 18:15:00,646 - INFO - CLOSED GLOBOMAIL REPOSITORY CONNECTION
2021-08-25 18:15:00,649 - INFO - CLOSED ROUNDCUBE REPOSITORY CONNECTION
2021-08-25 18:16:00,947 - INFO - -----SETUP INTEGRATOR_LWMAIL----
2021-08-25 18:16:00,954 - INFO - CONNECTED TO MIGRATION REPOSITORY: <repositories.migrator_db.MigrationRepository object at 0xffff95c907f0> 
2021-08-25 18:16:01,208 - INFO - CONNECTED TO GLOBOMAIL REPOSITORY: <repositories.globomail.GlobomailRepository object at 0xffff95c3d790> 
2021-08-25 18:16:01,374 - INFO - CONNECTED TO ROUNDCUBE REPOSITORY: <repositories.roundcube.RoundcubeRepository object at 0xffff95c3d5b0> 
2021-08-25 18:16:01,378 - INFO - -----ENDING SETUP INTEGRATOR_LWMAIL----
2021-08-25 18:16:01,380 - INFO - starting integration process for new email migrations
2021-08-25 18:16:01,951 - INFO - CLOSED MIGRATION REPOSITORY CONNECTION
2021-08-25 18:16:01,958 - INFO - CLOSED GLOBOMAIL REPOSITORY CONNECTION
2021-08-25 18:16:01,963 - INFO - CLOSED ROUNDCUBE REPOSITORY CONNECTION
2021-08-25 18:19:18,060 - INFO - -----SETUP INTEGRATOR_LWMAIL----
2021-08-25 18:19:18,069 - INFO - CONNECTED TO MIGRATION REPOSITORY: <repositories.migrator_db.MigrationRepository object at 0xffff95c90760> 
2021-08-25 18:19:18,358 - INFO - CONNECTED TO GLOBOMAIL REPOSITORY: <repositories.globomail.GlobomailRepository object at 0xffff95c3dbe0> 
2021-08-25 18:19:18,539 - INFO - CONNECTED TO ROUNDCUBE REPOSITORY: <repositories.roundcube.RoundcubeRepository object at 0xffff95c11160> 
2021-08-25 18:19:18,543 - INFO - -----ENDING SETUP INTEGRATOR_LWMAIL----
2021-08-25 18:19:18,545 - INFO - starting integration process for new email migrations
2021-08-25 18:19:19,172 - INFO - CLOSED MIGRATION REPOSITORY CONNECTION
2021-08-25 18:19:19,177 - INFO - CLOSED GLOBOMAIL REPOSITORY CONNECTION
2021-08-25 18:19:19,180 - INFO - CLOSED ROUNDCUBE REPOSITORY CONNECTION
2021-08-25 18:20:19,465 - INFO - -----SETUP INTEGRATOR_LWMAIL----
2021-08-25 18:20:19,473 - INFO - CONNECTED TO MIGRATION REPOSITORY: <repositories.migrator_db.MigrationRepository object at 0xffff95c909a0> 
2021-08-25 18:20:19,671 - INFO - CONNECTED TO GLOBOMAIL REPOSITORY: <repositories.globomail.GlobomailRepository object at 0xffff95c115e0> 
2021-08-25 18:20:19,868 - INFO - CONNECTED TO ROUNDCUBE REPOSITORY: <repositories.roundcube.RoundcubeRepository object at 0xffff95c73eb0> 
2021-08-25 18:20:19,872 - INFO - -----ENDING SETUP INTEGRATOR_LWMAIL----
2021-08-25 18:20:19,874 - INFO - starting integration process for new email migrations
2021-08-25 18:20:20,489 - INFO - CLOSED MIGRATION REPOSITORY CONNECTION
2021-08-25 18:20:20,492 - INFO - CLOSED GLOBOMAIL REPOSITORY CONNECTION
2021-08-25 18:20:20,495 - INFO - CLOSED ROUNDCUBE REPOSITORY CONNECTION
2021-08-25 18:21:20,774 - INFO - -----SETUP INTEGRATOR_LWMAIL----
2021-08-25 18:21:20,778 - INFO - CONNECTED TO MIGRATION REPOSITORY: <repositories.migrator_db.MigrationRepository object at 0xffff95c6c940> 
2021-08-25 18:21:20,958 - INFO - CONNECTED TO GLOBOMAIL REPOSITORY: <repositories.globomail.GlobomailRepository object at 0xffff95c6c580> 
2021-08-25 18:21:21,140 - INFO - CONNECTED TO ROUNDCUBE REPOSITORY: <repositories.roundcube.RoundcubeRepository object at 0xffff95ca5ee0> 
2021-08-25 18:21:21,146 - INFO - -----ENDING SETUP INTEGRATOR_LWMAIL----
2021-08-25 18:21:21,149 - INFO - starting integration process for new email migrations
2021-08-25 18:21:21,784 - INFO - CLOSED MIGRATION REPOSITORY CONNECTION
2021-08-25 18:21:21,790 - INFO - CLOSED GLOBOMAIL REPOSITORY CONNECTION
2021-08-25 18:21:21,794 - INFO - CLOSED ROUNDCUBE REPOSITORY CONNECTION
2021-08-25 18:22:22,031 - INFO - -----SETUP INTEGRATOR_LWMAIL----
2021-08-25 18:22:22,036 - INFO - CONNECTED TO MIGRATION REPOSITORY: <repositories.migrator_db.MigrationRepository object at 0xffff95c6c3d0> 
2021-08-25 18:22:22,231 - INFO - CONNECTED TO GLOBOMAIL REPOSITORY: <repositories.globomail.GlobomailRepository object at 0xffff96280160> 
2021-08-25 18:22:22,411 - INFO - CONNECTED TO ROUNDCUBE REPOSITORY: <repositories.roundcube.RoundcubeRepository object at 0xffff95ca5d60> 
2021-08-25 18:22:22,417 - INFO - -----ENDING SETUP INTEGRATOR_LWMAIL----
2021-08-25 18:22:22,419 - INFO - starting integration process for new email migrations
2021-08-25 18:22:23,064 - INFO - CLOSED MIGRATION REPOSITORY CONNECTION
2021-08-25 18:22:23,070 - INFO - CLOSED GLOBOMAIL REPOSITORY CONNECTION
2021-08-25 18:22:23,073 - INFO - CLOSED ROUNDCUBE REPOSITORY CONNECTION
2021-08-25 18:23:23,336 - INFO - -----SETUP INTEGRATOR_LWMAIL----
2021-08-25 18:23:23,344 - INFO - CONNECTED TO MIGRATION REPOSITORY: <repositories.migrator_db.MigrationRepository object at 0xffff95c6c7f0> 
2021-08-25 18:23:23,730 - INFO - CONNECTED TO GLOBOMAIL REPOSITORY: <repositories.globomail.GlobomailRepository object at 0xffff95ca5d30> 
2021-08-25 18:23:23,953 - INFO - CONNECTED TO ROUNDCUBE REPOSITORY: <repositories.roundcube.RoundcubeRepository object at 0xffff95c73400> 
2021-08-25 18:23:23,956 - INFO - -----ENDING SETUP INTEGRATOR_LWMAIL----
2021-08-25 18:23:23,959 - INFO - starting integration process for new email migrations
2021-08-25 18:23:24,598 - INFO - CLOSED MIGRATION REPOSITORY CONNECTION
2021-08-25 18:23:24,602 - INFO - CLOSED GLOBOMAIL REPOSITORY CONNECTION
2021-08-25 18:23:24,604 - INFO - CLOSED ROUNDCUBE REPOSITORY CONNECTION
2021-08-25 18:24:24,889 - INFO - -----SETUP INTEGRATOR_LWMAIL----
2021-08-25 18:24:24,896 - INFO - CONNECTED TO MIGRATION REPOSITORY: <repositories.migrator_db.MigrationRepository object at 0xffff95c02790> 
2021-08-25 18:24:26,092 - INFO - CONNECTED TO GLOBOMAIL REPOSITORY: <repositories.globomail.GlobomailRepository object at 0xffff95c02400> 
2021-08-25 18:24:26,282 - INFO - CONNECTED TO ROUNDCUBE REPOSITORY: <repositories.roundcube.RoundcubeRepository object at 0xffff95c73400> 
2021-08-25 18:24:26,287 - INFO - -----ENDING SETUP INTEGRATOR_LWMAIL----
2021-08-25 18:24:26,289 - INFO - starting integration process for new email migrations
2021-08-25 18:24:26,918 - INFO - CLOSED MIGRATION REPOSITORY CONNECTION
2021-08-25 18:24:26,923 - INFO - CLOSED GLOBOMAIL REPOSITORY CONNECTION
2021-08-25 18:24:26,927 - INFO - CLOSED ROUNDCUBE REPOSITORY CONNECTION
2021-08-25 18:25:27,207 - INFO - -----SETUP INTEGRATOR_LWMAIL----
2021-08-25 18:25:27,215 - INFO - CONNECTED TO MIGRATION REPOSITORY: <repositories.migrator_db.MigrationRepository object at 0xffff96280280> 
2021-08-25 18:25:27,437 - INFO - CONNECTED TO GLOBOMAIL REPOSITORY: <repositories.globomail.GlobomailRepository object at 0xffff962800d0> 
2021-08-25 18:25:28,631 - INFO - CONNECTED TO ROUNDCUBE REPOSITORY: <repositories.roundcube.RoundcubeRepository object at 0xffff9646aee0> 
2021-08-25 18:25:28,637 - INFO - -----ENDING SETUP INTEGRATOR_LWMAIL----
2021-08-25 18:25:28,640 - INFO - starting integration process for new email migrations
2021-08-25 18:25:29,300 - INFO - CLOSED MIGRATION REPOSITORY CONNECTION
2021-08-25 18:25:29,304 - INFO - CLOSED GLOBOMAIL REPOSITORY CONNECTION
2021-08-25 18:25:29,308 - INFO - CLOSED ROUNDCUBE REPOSITORY CONNECTION
2021-08-25 18:26:29,595 - INFO - -----SETUP INTEGRATOR_LWMAIL----
2021-08-25 18:26:29,602 - INFO - CONNECTED TO MIGRATION REPOSITORY: <repositories.migrator_db.MigrationRepository object at 0xffff96280550> 
2021-08-25 18:26:29,789 - INFO - CONNECTED TO GLOBOMAIL REPOSITORY: <repositories.globomail.GlobomailRepository object at 0xffff962800d0> 
2021-08-25 18:26:29,975 - INFO - CONNECTED TO ROUNDCUBE REPOSITORY: <repositories.roundcube.RoundcubeRepository object at 0xffff95c739a0> 
2021-08-25 18:26:29,979 - INFO - -----ENDING SETUP INTEGRATOR_LWMAIL----
2021-08-25 18:26:29,981 - INFO - starting integration process for new email migrations
2021-08-25 18:26:30,630 - INFO - CLOSED MIGRATION REPOSITORY CONNECTION
2021-08-25 18:26:30,635 - INFO - CLOSED GLOBOMAIL REPOSITORY CONNECTION
2021-08-25 18:26:30,639 - INFO - CLOSED ROUNDCUBE REPOSITORY CONNECTION
2021-08-25 18:27:30,881 - INFO - -----SETUP INTEGRATOR_LWMAIL----
2021-08-25 18:27:30,888 - INFO - CONNECTED TO MIGRATION REPOSITORY: <repositories.migrator_db.MigrationRepository object at 0xffff9646ac40> 
2021-08-25 18:27:50,335 - INFO - CONNECTED TO GLOBOMAIL REPOSITORY: <repositories.globomail.GlobomailRepository object at 0xffff95c73400> 
2021-08-25 18:27:50,522 - INFO - CONNECTED TO ROUNDCUBE REPOSITORY: <repositories.roundcube.RoundcubeRepository object at 0xffff95c6cfd0> 
2021-08-25 18:27:50,525 - INFO - -----ENDING SETUP INTEGRATOR_LWMAIL----
2021-08-25 18:27:50,527 - INFO - starting integration process for new email migrations
2021-08-25 18:27:51,170 - INFO - CLOSED MIGRATION REPOSITORY CONNECTION
2021-08-25 18:27:51,174 - INFO - CLOSED GLOBOMAIL REPOSITORY CONNECTION
2021-08-25 18:27:51,178 - INFO - CLOSED ROUNDCUBE REPOSITORY CONNECTION
2021-08-25 18:28:51,460 - INFO - -----SETUP INTEGRATOR_LWMAIL----
2021-08-25 18:28:51,467 - INFO - CONNECTED TO MIGRATION REPOSITORY: <repositories.migrator_db.MigrationRepository object at 0xffff95c16160> 
2021-08-25 18:28:53,705 - INFO - CONNECTED TO GLOBOMAIL REPOSITORY: <repositories.globomail.GlobomailRepository object at 0xffff95c16af0> 
2021-08-25 18:30:01,373 - INFO - CONNECTED TO ROUNDCUBE REPOSITORY: <repositories.roundcube.RoundcubeRepository object at 0xffff95ca5f40> 
2021-08-25 18:30:01,376 - INFO - -----ENDING SETUP INTEGRATOR_LWMAIL----
2021-08-25 18:30:01,380 - INFO - starting integration process for new email migrations
2021-08-25 18:30:02,002 - INFO - CLOSED MIGRATION REPOSITORY CONNECTION
2021-08-25 18:30:02,008 - INFO - CLOSED GLOBOMAIL REPOSITORY CONNECTION
2021-08-25 18:30:02,013 - INFO - CLOSED ROUNDCUBE REPOSITORY CONNECTION
2021-08-25 18:31:02,254 - INFO - -----SETUP INTEGRATOR_LWMAIL----
2021-08-25 18:31:02,260 - INFO - CONNECTED TO MIGRATION REPOSITORY: <repositories.migrator_db.MigrationRepository object at 0xffff95c5d460> 
2021-08-25 18:31:02,464 - INFO - CONNECTED TO GLOBOMAIL REPOSITORY: <repositories.globomail.GlobomailRepository object at 0xffff95c5d100> 
2021-08-25 18:32:10,045 - INFO - CONNECTED TO ROUNDCUBE REPOSITORY: <repositories.roundcube.RoundcubeRepository object at 0xffff95c5ddf0> 
2021-08-25 18:32:10,051 - INFO - -----ENDING SETUP INTEGRATOR_LWMAIL----
2021-08-25 18:32:10,055 - INFO - starting integration process for new email migrations
2021-08-25 18:32:10,915 - INFO - CLOSED MIGRATION REPOSITORY CONNECTION
2021-08-25 18:32:10,920 - INFO - CLOSED GLOBOMAIL REPOSITORY CONNECTION
2021-08-25 18:32:10,923 - INFO - CLOSED ROUNDCUBE REPOSITORY CONNECTION
2021-08-25 18:33:11,181 - INFO - -----SETUP INTEGRATOR_LWMAIL----
2021-08-25 18:33:11,191 - INFO - CONNECTED TO MIGRATION REPOSITORY: <repositories.migrator_db.MigrationRepository object at 0xffff95c5d7f0> 
2021-08-25 18:33:11,374 - INFO - CONNECTED TO GLOBOMAIL REPOSITORY: <repositories.globomail.GlobomailRepository object at 0xffff95c5d6d0> 
2021-08-25 18:33:11,654 - INFO - CONNECTED TO ROUNDCUBE REPOSITORY: <repositories.roundcube.RoundcubeRepository object at 0xffff95c6cfd0> 
2021-08-25 18:33:11,660 - INFO - -----ENDING SETUP INTEGRATOR_LWMAIL----
2021-08-25 18:33:11,663 - INFO - starting integration process for new email migrations
2021-08-25 18:33:12,300 - INFO - CLOSED MIGRATION REPOSITORY CONNECTION
2021-08-25 18:33:12,306 - INFO - CLOSED GLOBOMAIL REPOSITORY CONNECTION
2021-08-25 18:33:12,309 - INFO - CLOSED ROUNDCUBE REPOSITORY CONNECTION
2021-08-25 18:34:12,509 - INFO - -----SETUP INTEGRATOR_LWMAIL----
2021-08-25 18:34:12,516 - INFO - CONNECTED TO MIGRATION REPOSITORY: <repositories.migrator_db.MigrationRepository object at 0xffff95c5ddf0> 
2021-08-25 18:34:12,944 - INFO - CONNECTED TO GLOBOMAIL REPOSITORY: <repositories.globomail.GlobomailRepository object at 0xffff95c5d6d0> 
2021-08-25 18:34:13,147 - INFO - CONNECTED TO ROUNDCUBE REPOSITORY: <repositories.roundcube.RoundcubeRepository object at 0xffff95c02d60> 
2021-08-25 18:34:13,151 - INFO - -----ENDING SETUP INTEGRATOR_LWMAIL----
2021-08-25 18:34:13,153 - INFO - starting integration process for new email migrations
2021-08-25 18:34:13,781 - INFO - CLOSED MIGRATION REPOSITORY CONNECTION
2021-08-25 18:34:13,783 - INFO - CLOSED GLOBOMAIL REPOSITORY CONNECTION
2021-08-25 18:34:13,785 - INFO - CLOSED ROUNDCUBE REPOSITORY CONNECTION
2021-08-25 18:35:14,026 - INFO - -----SETUP INTEGRATOR_LWMAIL----
2021-08-25 18:35:14,032 - INFO - CONNECTED TO MIGRATION REPOSITORY: <repositories.migrator_db.MigrationRepository object at 0xffff9646ac70> 
2021-08-25 18:35:14,228 - INFO - CONNECTED TO GLOBOMAIL REPOSITORY: <repositories.globomail.GlobomailRepository object at 0xffff95c02d60> 
2021-08-25 18:35:14,397 - INFO - CONNECTED TO ROUNDCUBE REPOSITORY: <repositories.roundcube.RoundcubeRepository object at 0xffff95c73df0> 
2021-08-25 18:35:14,398 - INFO - -----ENDING SETUP INTEGRATOR_LWMAIL----
2021-08-25 18:35:14,399 - INFO - starting integration process for new email migrations
2021-08-25 18:35:15,029 - INFO - CLOSED MIGRATION REPOSITORY CONNECTION
2021-08-25 18:35:15,032 - INFO - CLOSED GLOBOMAIL REPOSITORY CONNECTION
2021-08-25 18:35:15,036 - INFO - CLOSED ROUNDCUBE REPOSITORY CONNECTION
2021-08-25 18:36:15,301 - INFO - -----SETUP INTEGRATOR_LWMAIL----
2021-08-25 18:36:15,309 - INFO - CONNECTED TO MIGRATION REPOSITORY: <repositories.migrator_db.MigrationRepository object at 0xffff95c6c970> 
2021-08-25 18:36:15,582 - INFO - CONNECTED TO GLOBOMAIL REPOSITORY: <repositories.globomail.GlobomailRepository object at 0xffff95c6c3d0> 
2021-08-25 18:36:15,765 - INFO - CONNECTED TO ROUNDCUBE REPOSITORY: <repositories.roundcube.RoundcubeRepository object at 0xffff95c3d790> 
2021-08-25 18:36:15,772 - INFO - -----ENDING SETUP INTEGRATOR_LWMAIL----
2021-08-25 18:36:15,776 - INFO - starting integration process for new email migrations
2021-08-25 18:36:16,414 - INFO - CLOSED MIGRATION REPOSITORY CONNECTION
2021-08-25 18:36:16,417 - INFO - CLOSED GLOBOMAIL REPOSITORY CONNECTION
2021-08-25 18:36:16,420 - INFO - CLOSED ROUNDCUBE REPOSITORY CONNECTION
2021-08-25 18:37:16,720 - INFO - -----SETUP INTEGRATOR_LWMAIL----
2021-08-25 18:37:16,730 - INFO - CONNECTED TO MIGRATION REPOSITORY: <repositories.migrator_db.MigrationRepository object at 0xffff9646aa30> 
2021-08-25 18:37:16,952 - INFO - CONNECTED TO GLOBOMAIL REPOSITORY: <repositories.globomail.GlobomailRepository object at 0xffff95c02340> 
2021-08-25 18:37:18,192 - INFO - CONNECTED TO ROUNDCUBE REPOSITORY: <repositories.roundcube.RoundcubeRepository object at 0xffff95c3d5e0> 
2021-08-25 18:37:18,198 - INFO - -----ENDING SETUP INTEGRATOR_LWMAIL----
2021-08-25 18:37:18,201 - INFO - starting integration process for new email migrations
2021-08-25 18:37:18,827 - INFO - CLOSED MIGRATION REPOSITORY CONNECTION
2021-08-25 18:37:18,832 - INFO - CLOSED GLOBOMAIL REPOSITORY CONNECTION
2021-08-25 18:37:18,837 - INFO - CLOSED ROUNDCUBE REPOSITORY CONNECTION
2021-08-25 18:40:34,793 - INFO - -----SETUP INTEGRATOR_LWMAIL----
2021-08-25 18:40:34,801 - INFO - CONNECTED TO MIGRATION REPOSITORY: <repositories.migrator_db.MigrationRepository object at 0xffff95c907c0> 
2021-08-25 18:40:34,965 - INFO - CONNECTED TO GLOBOMAIL REPOSITORY: <repositories.globomail.GlobomailRepository object at 0xffff95c02c70> 
2021-08-25 18:40:35,137 - INFO - CONNECTED TO ROUNDCUBE REPOSITORY: <repositories.roundcube.RoundcubeRepository object at 0xffff95c73b80> 
2021-08-25 18:40:35,141 - INFO - -----ENDING SETUP INTEGRATOR_LWMAIL----
2021-08-25 18:40:35,144 - INFO - starting integration process for new email migrations
2021-08-25 18:40:35,721 - INFO - CLOSED MIGRATION REPOSITORY CONNECTION
2021-08-25 18:40:35,726 - INFO - CLOSED GLOBOMAIL REPOSITORY CONNECTION
2021-08-25 18:40:35,731 - INFO - CLOSED ROUNDCUBE REPOSITORY CONNECTION
2021-08-25 18:41:35,964 - INFO - -----SETUP INTEGRATOR_LWMAIL----
2021-08-25 18:41:35,976 - INFO - CONNECTED TO MIGRATION REPOSITORY: <repositories.migrator_db.MigrationRepository object at 0xffff95c02c70> 
2021-08-25 18:41:36,139 - INFO - CONNECTED TO GLOBOMAIL REPOSITORY: <repositories.globomail.GlobomailRepository object at 0xffff95c5df70> 
2021-08-25 18:42:43,798 - INFO - CONNECTED TO ROUNDCUBE REPOSITORY: <repositories.roundcube.RoundcubeRepository object at 0xffff95c5dd60> 
2021-08-25 18:42:43,805 - INFO - -----ENDING SETUP INTEGRATOR_LWMAIL----
2021-08-25 18:42:43,807 - INFO - starting integration process for new email migrations
2021-08-25 18:42:44,385 - INFO - CLOSED MIGRATION REPOSITORY CONNECTION
2021-08-25 18:42:44,392 - INFO - CLOSED GLOBOMAIL REPOSITORY CONNECTION
2021-08-25 18:42:44,396 - INFO - CLOSED ROUNDCUBE REPOSITORY CONNECTION
2021-08-25 18:43:44,681 - INFO - -----SETUP INTEGRATOR_LWMAIL----
2021-08-25 18:43:44,688 - INFO - CONNECTED TO MIGRATION REPOSITORY: <repositories.migrator_db.MigrationRepository object at 0xffff95c16160> 
2021-08-25 18:43:44,861 - INFO - CONNECTED TO GLOBOMAIL REPOSITORY: <repositories.globomail.GlobomailRepository object at 0xffff95c16880> 
2021-08-25 18:43:45,030 - INFO - CONNECTED TO ROUNDCUBE REPOSITORY: <repositories.roundcube.RoundcubeRepository object at 0xffff95c11910> 
2021-08-25 18:43:45,034 - INFO - -----ENDING SETUP INTEGRATOR_LWMAIL----
2021-08-25 18:43:45,038 - INFO - starting integration process for new email migrations
2021-08-25 18:43:45,604 - INFO - CLOSED MIGRATION REPOSITORY CONNECTION
2021-08-25 18:43:45,608 - INFO - CLOSED GLOBOMAIL REPOSITORY CONNECTION
2021-08-25 18:43:45,610 - INFO - CLOSED ROUNDCUBE REPOSITORY CONNECTION
2021-08-25 18:44:45,864 - INFO - -----SETUP INTEGRATOR_LWMAIL----
2021-08-25 18:44:45,880 - INFO - CONNECTED TO MIGRATION REPOSITORY: <repositories.migrator_db.MigrationRepository object at 0xffff95ca5f40> 
2021-08-25 18:44:46,168 - INFO - CONNECTED TO GLOBOMAIL REPOSITORY: <repositories.globomail.GlobomailRepository object at 0xffff95ca5af0> 
2021-08-25 18:44:46,360 - INFO - CONNECTED TO ROUNDCUBE REPOSITORY: <repositories.roundcube.RoundcubeRepository object at 0xffff9646aee0> 
2021-08-25 18:44:46,366 - INFO - -----ENDING SETUP INTEGRATOR_LWMAIL----
2021-08-25 18:44:46,369 - INFO - starting integration process for new email migrations
2021-08-25 18:44:46,933 - INFO - CLOSED MIGRATION REPOSITORY CONNECTION
2021-08-25 18:44:46,935 - INFO - CLOSED GLOBOMAIL REPOSITORY CONNECTION
2021-08-25 18:44:46,937 - INFO - CLOSED ROUNDCUBE REPOSITORY CONNECTION
2021-08-25 18:45:47,186 - INFO - -----SETUP INTEGRATOR_LWMAIL----
2021-08-25 18:45:47,191 - INFO - CONNECTED TO MIGRATION REPOSITORY: <repositories.migrator_db.MigrationRepository object at 0xffff95c02340> 
2021-08-25 18:45:47,394 - INFO - CONNECTED TO GLOBOMAIL REPOSITORY: <repositories.globomail.GlobomailRepository object at 0xffff95c02c70> 
2021-08-25 18:45:47,568 - INFO - CONNECTED TO ROUNDCUBE REPOSITORY: <repositories.roundcube.RoundcubeRepository object at 0xffff962801f0> 
2021-08-25 18:45:47,574 - INFO - -----ENDING SETUP INTEGRATOR_LWMAIL----
2021-08-25 18:45:47,577 - INFO - starting integration process for new email migrations
2021-08-25 18:45:48,153 - INFO - CLOSED MIGRATION REPOSITORY CONNECTION
2021-08-25 18:45:48,160 - INFO - CLOSED GLOBOMAIL REPOSITORY CONNECTION
2021-08-25 18:45:48,163 - INFO - CLOSED ROUNDCUBE REPOSITORY CONNECTION
2021-08-25 18:46:48,456 - INFO - -----SETUP INTEGRATOR_LWMAIL----
2021-08-25 18:46:48,465 - INFO - CONNECTED TO MIGRATION REPOSITORY: <repositories.migrator_db.MigrationRepository object at 0xffff95c11910> 
2021-08-25 18:46:48,758 - INFO - CONNECTED TO GLOBOMAIL REPOSITORY: <repositories.globomail.GlobomailRepository object at 0xffff95c02eb0> 
2021-08-25 18:46:48,929 - INFO - CONNECTED TO ROUNDCUBE REPOSITORY: <repositories.roundcube.RoundcubeRepository object at 0xffff9646aee0> 
2021-08-25 18:46:48,932 - INFO - -----ENDING SETUP INTEGRATOR_LWMAIL----
2021-08-25 18:46:48,934 - INFO - starting integration process for new email migrations
2021-08-25 18:46:49,499 - INFO - CLOSED MIGRATION REPOSITORY CONNECTION
2021-08-25 18:46:49,502 - INFO - CLOSED GLOBOMAIL REPOSITORY CONNECTION
2021-08-25 18:46:49,505 - INFO - CLOSED ROUNDCUBE REPOSITORY CONNECTION
2021-08-25 18:47:49,748 - INFO - -----SETUP INTEGRATOR_LWMAIL----
2021-08-25 18:47:49,759 - INFO - CONNECTED TO MIGRATION REPOSITORY: <repositories.migrator_db.MigrationRepository object at 0xffff95c3d040> 
2021-08-25 18:47:49,931 - INFO - CONNECTED TO GLOBOMAIL REPOSITORY: <repositories.globomail.GlobomailRepository object at 0xffff95c3d5b0> 
2021-08-25 18:47:50,095 - INFO - CONNECTED TO ROUNDCUBE REPOSITORY: <repositories.roundcube.RoundcubeRepository object at 0xffff95c3db20> 
2021-08-25 18:47:50,098 - INFO - -----ENDING SETUP INTEGRATOR_LWMAIL----
2021-08-25 18:47:50,100 - INFO - starting integration process for new email migrations
2021-08-25 18:47:50,701 - INFO - CLOSED MIGRATION REPOSITORY CONNECTION
2021-08-25 18:47:50,705 - INFO - CLOSED GLOBOMAIL REPOSITORY CONNECTION
2021-08-25 18:47:50,713 - INFO - CLOSED ROUNDCUBE REPOSITORY CONNECTION
2021-08-25 18:48:51,016 - INFO - -----SETUP INTEGRATOR_LWMAIL----
2021-08-25 18:48:51,030 - INFO - CONNECTED TO MIGRATION REPOSITORY: <repositories.migrator_db.MigrationRepository object at 0xffff95c907c0> 
2021-08-25 18:48:51,284 - INFO - CONNECTED TO GLOBOMAIL REPOSITORY: <repositories.globomail.GlobomailRepository object at 0xffff95ca5dc0> 
2021-08-25 18:48:51,466 - INFO - CONNECTED TO ROUNDCUBE REPOSITORY: <repositories.roundcube.RoundcubeRepository object at 0xffff95c3d790> 
2021-08-25 18:48:51,476 - INFO - -----ENDING SETUP INTEGRATOR_LWMAIL----
2021-08-25 18:48:51,479 - INFO - starting integration process for new email migrations
2021-08-25 18:48:52,353 - INFO - CLOSED MIGRATION REPOSITORY CONNECTION
2021-08-25 18:48:52,358 - INFO - CLOSED GLOBOMAIL REPOSITORY CONNECTION
2021-08-25 18:48:52,363 - INFO - CLOSED ROUNDCUBE REPOSITORY CONNECTION
2021-08-25 18:49:52,666 - INFO - -----SETUP INTEGRATOR_LWMAIL----
2021-08-25 18:49:52,673 - INFO - CONNECTED TO MIGRATION REPOSITORY: <repositories.migrator_db.MigrationRepository object at 0xffff95c16ca0> 
2021-08-25 18:49:52,856 - INFO - CONNECTED TO GLOBOMAIL REPOSITORY: <repositories.globomail.GlobomailRepository object at 0xffff95c16610> 
2021-08-25 18:49:53,033 - INFO - CONNECTED TO ROUNDCUBE REPOSITORY: <repositories.roundcube.RoundcubeRepository object at 0xffff95c3d970> 
2021-08-25 18:49:53,039 - INFO - -----ENDING SETUP INTEGRATOR_LWMAIL----
2021-08-25 18:49:53,042 - INFO - starting integration process for new email migrations
2021-08-25 18:49:53,630 - INFO - CLOSED MIGRATION REPOSITORY CONNECTION
2021-08-25 18:49:53,637 - INFO - CLOSED GLOBOMAIL REPOSITORY CONNECTION
2021-08-25 18:49:53,641 - INFO - CLOSED ROUNDCUBE REPOSITORY CONNECTION
2021-08-25 18:50:53,913 - INFO - -----SETUP INTEGRATOR_LWMAIL----
2021-08-25 18:50:53,921 - INFO - CONNECTED TO MIGRATION REPOSITORY: <repositories.migrator_db.MigrationRepository object at 0xffff9646ac70> 
2021-08-25 18:50:54,353 - INFO - CONNECTED TO GLOBOMAIL REPOSITORY: <repositories.globomail.GlobomailRepository object at 0xffff95c16220> 
2021-08-25 18:50:54,538 - INFO - CONNECTED TO ROUNDCUBE REPOSITORY: <repositories.roundcube.RoundcubeRepository object at 0xffff95c11160> 
2021-08-25 18:50:54,545 - INFO - -----ENDING SETUP INTEGRATOR_LWMAIL----
2021-08-25 18:50:54,547 - INFO - starting integration process for new email migrations
2021-08-25 18:50:55,146 - INFO - CLOSED MIGRATION REPOSITORY CONNECTION
2021-08-25 18:50:55,149 - INFO - CLOSED GLOBOMAIL REPOSITORY CONNECTION
2021-08-25 18:50:55,152 - INFO - CLOSED ROUNDCUBE REPOSITORY CONNECTION
2021-08-25 18:51:55,425 - INFO - -----SETUP INTEGRATOR_LWMAIL----
2021-08-25 18:51:55,428 - INFO - CONNECTED TO MIGRATION REPOSITORY: <repositories.migrator_db.MigrationRepository object at 0xffff95bdfc10> 
2021-08-25 18:51:55,657 - INFO - CONNECTED TO GLOBOMAIL REPOSITORY: <repositories.globomail.GlobomailRepository object at 0xffff95bdf6d0> 
2021-08-25 18:51:55,835 - INFO - CONNECTED TO ROUNDCUBE REPOSITORY: <repositories.roundcube.RoundcubeRepository object at 0xffff95bdfb50> 
2021-08-25 18:51:55,836 - INFO - -----ENDING SETUP INTEGRATOR_LWMAIL----
2021-08-25 18:51:55,838 - INFO - starting integration process for new email migrations
2021-08-25 18:51:56,501 - INFO - CLOSED MIGRATION REPOSITORY CONNECTION
2021-08-25 18:51:56,506 - INFO - CLOSED GLOBOMAIL REPOSITORY CONNECTION
2021-08-25 18:51:56,509 - INFO - CLOSED ROUNDCUBE REPOSITORY CONNECTION
2021-08-25 18:52:56,763 - INFO - -----SETUP INTEGRATOR_LWMAIL----
2021-08-25 18:52:56,769 - INFO - CONNECTED TO MIGRATION REPOSITORY: <repositories.migrator_db.MigrationRepository object at 0xffff95bdff10> 
2021-08-25 18:52:56,995 - INFO - CONNECTED TO GLOBOMAIL REPOSITORY: <repositories.globomail.GlobomailRepository object at 0xffff95bdfd90> 
2021-08-25 18:52:57,166 - INFO - CONNECTED TO ROUNDCUBE REPOSITORY: <repositories.roundcube.RoundcubeRepository object at 0xffff9626b820> 
2021-08-25 18:52:57,169 - INFO - -----ENDING SETUP INTEGRATOR_LWMAIL----
2021-08-25 18:52:57,170 - INFO - starting integration process for new email migrations
2021-08-25 18:52:57,779 - INFO - CLOSED MIGRATION REPOSITORY CONNECTION
2021-08-25 18:52:57,782 - INFO - CLOSED GLOBOMAIL REPOSITORY CONNECTION
2021-08-25 18:52:57,785 - INFO - CLOSED ROUNDCUBE REPOSITORY CONNECTION
2021-08-25 18:53:58,181 - INFO - -----SETUP INTEGRATOR_LWMAIL----
2021-08-25 18:53:58,192 - INFO - CONNECTED TO MIGRATION REPOSITORY: <repositories.migrator_db.MigrationRepository object at 0xffff9626b8b0> 
2021-08-25 18:53:58,365 - INFO - CONNECTED TO GLOBOMAIL REPOSITORY: <repositories.globomail.GlobomailRepository object at 0xffff9626bf10> 
2021-08-25 18:53:59,575 - INFO - CONNECTED TO ROUNDCUBE REPOSITORY: <repositories.roundcube.RoundcubeRepository object at 0xffff95bd64f0> 
2021-08-25 18:53:59,584 - INFO - -----ENDING SETUP INTEGRATOR_LWMAIL----
2021-08-25 18:53:59,587 - INFO - starting integration process for new email migrations
2021-08-25 18:54:00,283 - INFO - CLOSED MIGRATION REPOSITORY CONNECTION
2021-08-25 18:54:00,288 - INFO - CLOSED GLOBOMAIL REPOSITORY CONNECTION
2021-08-25 18:54:00,292 - INFO - CLOSED ROUNDCUBE REPOSITORY CONNECTION
2021-08-25 18:55:00,532 - INFO - -----SETUP INTEGRATOR_LWMAIL----
2021-08-25 18:55:00,541 - INFO - CONNECTED TO MIGRATION REPOSITORY: <repositories.migrator_db.MigrationRepository object at 0xffff9626b250> 
2021-08-25 18:55:01,732 - INFO - CONNECTED TO GLOBOMAIL REPOSITORY: <repositories.globomail.GlobomailRepository object at 0xffff95bd6ca0> 
2021-08-25 18:55:01,898 - INFO - CONNECTED TO ROUNDCUBE REPOSITORY: <repositories.roundcube.RoundcubeRepository object at 0xffff95bd6bb0> 
2021-08-25 18:55:01,902 - INFO - -----ENDING SETUP INTEGRATOR_LWMAIL----
2021-08-25 18:55:01,904 - INFO - starting integration process for new email migrations
2021-08-25 18:55:02,519 - INFO - CLOSED MIGRATION REPOSITORY CONNECTION
2021-08-25 18:55:02,523 - INFO - CLOSED GLOBOMAIL REPOSITORY CONNECTION
2021-08-25 18:55:02,526 - INFO - CLOSED ROUNDCUBE REPOSITORY CONNECTION
2021-08-25 18:58:18,661 - INFO - -----SETUP INTEGRATOR_LWMAIL----
2021-08-25 18:58:18,675 - INFO - CONNECTED TO MIGRATION REPOSITORY: <repositories.migrator_db.MigrationRepository object at 0xffff96280490> 
2021-08-25 18:58:38,117 - INFO - CONNECTED TO GLOBOMAIL REPOSITORY: <repositories.globomail.GlobomailRepository object at 0xffff95bdfaf0> 
2021-08-25 18:58:38,310 - INFO - CONNECTED TO ROUNDCUBE REPOSITORY: <repositories.roundcube.RoundcubeRepository object at 0xffff95c90160> 
2021-08-25 18:58:38,315 - INFO - -----ENDING SETUP INTEGRATOR_LWMAIL----
2021-08-25 18:58:38,316 - INFO - starting integration process for new email migrations
2021-08-25 18:58:38,964 - INFO - CLOSED MIGRATION REPOSITORY CONNECTION
2021-08-25 18:58:38,969 - INFO - CLOSED GLOBOMAIL REPOSITORY CONNECTION
2021-08-25 18:58:38,972 - INFO - CLOSED ROUNDCUBE REPOSITORY CONNECTION
2021-08-25 18:59:39,245 - INFO - -----SETUP INTEGRATOR_LWMAIL----
2021-08-25 18:59:39,250 - INFO - CONNECTED TO MIGRATION REPOSITORY: <repositories.migrator_db.MigrationRepository object at 0xffff95c90760> 
2021-08-25 18:59:39,484 - INFO - CONNECTED TO GLOBOMAIL REPOSITORY: <repositories.globomail.GlobomailRepository object at 0xffff95ca5eb0> 
2021-08-25 18:59:39,656 - INFO - CONNECTED TO ROUNDCUBE REPOSITORY: <repositories.roundcube.RoundcubeRepository object at 0xffff96280280> 
2021-08-25 18:59:39,658 - INFO - -----ENDING SETUP INTEGRATOR_LWMAIL----
2021-08-25 18:59:39,660 - INFO - starting integration process for new email migrations
2021-08-25 18:59:40,334 - INFO - CLOSED MIGRATION REPOSITORY CONNECTION
2021-08-25 18:59:40,338 - INFO - CLOSED GLOBOMAIL REPOSITORY CONNECTION
2021-08-25 18:59:40,340 - INFO - CLOSED ROUNDCUBE REPOSITORY CONNECTION
2021-08-25 19:00:40,606 - INFO - -----SETUP INTEGRATOR_LWMAIL----
2021-08-25 19:00:40,615 - INFO - CONNECTED TO MIGRATION REPOSITORY: <repositories.migrator_db.MigrationRepository object at 0xffff95c907f0> 
2021-08-25 19:00:40,958 - INFO - CONNECTED TO GLOBOMAIL REPOSITORY: <repositories.globomail.GlobomailRepository object at 0xffff962803a0> 
2021-08-25 19:00:41,187 - INFO - CONNECTED TO ROUNDCUBE REPOSITORY: <repositories.roundcube.RoundcubeRepository object at 0xffff9626b9a0> 
2021-08-25 19:00:41,193 - INFO - -----ENDING SETUP INTEGRATOR_LWMAIL----
2021-08-25 19:00:41,197 - INFO - starting integration process for new email migrations
2021-08-25 19:00:41,871 - INFO - CLOSED MIGRATION REPOSITORY CONNECTION
2021-08-25 19:00:41,873 - INFO - CLOSED GLOBOMAIL REPOSITORY CONNECTION
2021-08-25 19:00:41,875 - INFO - CLOSED ROUNDCUBE REPOSITORY CONNECTION
2021-08-25 19:01:42,119 - INFO - -----SETUP INTEGRATOR_LWMAIL----
2021-08-25 19:01:42,121 - INFO - CONNECTED TO MIGRATION REPOSITORY: <repositories.migrator_db.MigrationRepository object at 0xffff95c90160> 
2021-08-25 19:01:42,362 - INFO - CONNECTED TO GLOBOMAIL REPOSITORY: <repositories.globomail.GlobomailRepository object at 0xffff9626bfa0> 
2021-08-25 19:01:42,536 - INFO - CONNECTED TO ROUNDCUBE REPOSITORY: <repositories.roundcube.RoundcubeRepository object at 0xffff95bdf670> 
2021-08-25 19:01:42,538 - INFO - -----ENDING SETUP INTEGRATOR_LWMAIL----
2021-08-25 19:01:42,539 - INFO - starting integration process for new email migrations
2021-08-25 19:01:43,400 - INFO - CLOSED MIGRATION REPOSITORY CONNECTION
2021-08-25 19:01:43,406 - INFO - CLOSED GLOBOMAIL REPOSITORY CONNECTION
2021-08-25 19:01:43,409 - INFO - CLOSED ROUNDCUBE REPOSITORY CONNECTION
2021-08-25 19:02:43,680 - INFO - -----SETUP INTEGRATOR_LWMAIL----
2021-08-25 19:02:43,689 - INFO - CONNECTED TO MIGRATION REPOSITORY: <repositories.migrator_db.MigrationRepository object at 0xffff95c907c0> 
2021-08-25 19:02:43,966 - INFO - CONNECTED TO GLOBOMAIL REPOSITORY: <repositories.globomail.GlobomailRepository object at 0xffff95bd6610> 
2021-08-25 19:02:44,140 - INFO - CONNECTED TO ROUNDCUBE REPOSITORY: <repositories.roundcube.RoundcubeRepository object at 0xffff95bd6490> 
2021-08-25 19:02:44,143 - INFO - -----ENDING SETUP INTEGRATOR_LWMAIL----
2021-08-25 19:02:44,144 - INFO - starting integration process for new email migrations
2021-08-25 19:02:44,785 - INFO - CLOSED MIGRATION REPOSITORY CONNECTION
2021-08-25 19:02:44,787 - INFO - CLOSED GLOBOMAIL REPOSITORY CONNECTION
2021-08-25 19:02:44,790 - INFO - CLOSED ROUNDCUBE REPOSITORY CONNECTION
2021-08-25 19:03:45,083 - INFO - -----SETUP INTEGRATOR_LWMAIL----
2021-08-25 19:03:45,088 - INFO - CONNECTED TO MIGRATION REPOSITORY: <repositories.migrator_db.MigrationRepository object at 0xffff95c909a0> 
2021-08-25 19:03:45,279 - INFO - CONNECTED TO GLOBOMAIL REPOSITORY: <repositories.globomail.GlobomailRepository object at 0xffff95c3d340> 
2021-08-25 19:03:45,475 - INFO - CONNECTED TO ROUNDCUBE REPOSITORY: <repositories.roundcube.RoundcubeRepository object at 0xffff95c3dc70> 
2021-08-25 19:03:45,477 - INFO - -----ENDING SETUP INTEGRATOR_LWMAIL----
2021-08-25 19:03:45,480 - INFO - starting integration process for new email migrations
2021-08-25 19:03:46,110 - INFO - CLOSED MIGRATION REPOSITORY CONNECTION
2021-08-25 19:03:46,115 - INFO - CLOSED GLOBOMAIL REPOSITORY CONNECTION
2021-08-25 19:03:46,118 - INFO - CLOSED ROUNDCUBE REPOSITORY CONNECTION
2021-08-25 19:04:46,402 - INFO - -----SETUP INTEGRATOR_LWMAIL----
2021-08-25 19:04:46,409 - INFO - CONNECTED TO MIGRATION REPOSITORY: <repositories.migrator_db.MigrationRepository object at 0xffff95c3dac0> 
2021-08-25 19:04:46,716 - INFO - CONNECTED TO GLOBOMAIL REPOSITORY: <repositories.globomail.GlobomailRepository object at 0xffff95c3dc70> 
2021-08-25 19:04:47,109 - INFO - CONNECTED TO ROUNDCUBE REPOSITORY: <repositories.roundcube.RoundcubeRepository object at 0xffff96280520> 
2021-08-25 19:04:47,110 - INFO - -----ENDING SETUP INTEGRATOR_LWMAIL----
2021-08-25 19:04:47,110 - INFO - starting integration process for new email migrations
2021-08-25 19:04:48,793 - INFO - CLOSED MIGRATION REPOSITORY CONNECTION
2021-08-25 19:04:48,798 - INFO - CLOSED GLOBOMAIL REPOSITORY CONNECTION
2021-08-25 19:04:48,801 - INFO - CLOSED ROUNDCUBE REPOSITORY CONNECTION
2021-08-25 19:05:49,071 - INFO - -----SETUP INTEGRATOR_LWMAIL----
2021-08-25 19:05:49,085 - INFO - CONNECTED TO MIGRATION REPOSITORY: <repositories.migrator_db.MigrationRepository object at 0xffff95c907f0> 
