2021-08-24 14:20:36,433 - INFO - starting integration process for new email migrations
2021-08-24 14:21:37,705 - INFO - starting integration process for new email migrations
2021-08-24 14:22:39,081 - INFO - starting integration process for new email migrations
2021-08-24 14:23:40,448 - INFO - starting integration process for new email migrations
2021-08-24 14:24:41,826 - INFO - starting integration process for new email migrations
2021-08-24 14:25:43,292 - INFO - starting integration process for new email migrations
2021-08-24 14:26:44,615 - INFO - starting integration process for new email migrations
2021-08-24 14:27:45,947 - INFO - starting integration process for new email migrations
2021-08-24 14:28:47,240 - INFO - starting integration process for new email migrations
2021-08-24 14:29:48,649 - INFO - starting integration process for new email migrations
2021-08-24 14:30:50,030 - INFO - starting integration process for new email migrations
2021-08-24 14:31:51,402 - INFO - starting integration process for new email migrations
2021-08-24 14:32:52,672 - INFO - starting integration process for new email migrations
2021-08-24 14:33:54,010 - INFO - starting integration process for new email migrations
2021-08-24 14:34:55,655 - INFO - starting integration process for new email migrations
2021-08-24 14:35:57,002 - INFO - starting integration process for new email migrations
2021-08-24 14:36:58,300 - INFO - starting integration process for new email migrations
2021-08-24 14:37:59,655 - INFO - starting integration process for new email migrations
2021-08-24 14:39:00,922 - INFO - starting integration process for new email migrations
2021-08-24 14:40:02,355 - INFO - starting integration process for new email migrations
2021-08-24 14:41:03,723 - INFO - starting integration process for new email migrations
2021-08-24 14:42:04,979 - INFO - starting integration process for new email migrations
2021-08-24 14:43:06,350 - INFO - starting integration process for new email migrations
2021-08-24 14:44:07,652 - INFO - starting integration process for new email migrations
2021-08-24 14:45:08,995 - INFO - starting integration process for new email migrations
2021-08-24 14:46:10,320 - INFO - starting integration process for new email migrations
2021-08-24 14:47:11,730 - INFO - starting integration process for new email migrations
2021-08-24 14:48:13,065 - INFO - starting integration process for new email migrations
2021-08-24 14:49:14,485 - INFO - starting integration process for new email migrations
2021-08-24 14:50:15,803 - INFO - starting integration process for new email migrations
2021-08-24 14:51:17,197 - INFO - starting integration process for new email migrations
2021-08-24 14:52:18,441 - INFO - starting integration process for new email migrations
2021-08-24 14:53:19,777 - INFO - starting integration process for new email migrations
2021-08-24 14:54:20,990 - INFO - starting integration process for new email migrations
2021-08-24 14:55:22,277 - INFO - starting integration process for new email migrations
2021-08-24 14:58:14,768 - INFO - INICIANDO SETUP INTEGRATOR
2021-08-24 14:58:14,800 - INFO - CONNECTED MIGRATION REPOSITORY: <repositories.migrator_db.MigrationRepository object at 0xffff95f40b20> 
2021-08-24 14:58:14,964 - INFO - CONNECTED GLOBOMAIL REPOSITORY: <repositories.globomail.GlobomailRepository object at 0xffff95f40be0> 
2021-08-24 14:58:15,127 - INFO - CONNECTED ROUNDCUBE REPOSITORY: <repositories.roundcube.RoundcubeRepository object at 0xffff95d3d9d0> 
2021-08-24 14:58:15,152 - INFO - starting integration process for new email migrations
2021-08-24 14:59:15,982 - INFO - INICIANDO SETUP INTEGRATOR
2021-08-24 14:59:15,994 - INFO - CONNECTED MIGRATION REPOSITORY: <repositories.migrator_db.MigrationRepository object at 0xffff95f40970> 
2021-08-24 14:59:16,161 - INFO - CONNECTED GLOBOMAIL REPOSITORY: <repositories.globomail.GlobomailRepository object at 0xffff95d3dd00> 
2021-08-24 15:00:23,943 - INFO - CONNECTED ROUNDCUBE REPOSITORY: <repositories.roundcube.RoundcubeRepository object at 0xffff95d3de20> 
2021-08-24 15:00:23,960 - INFO - starting integration process for new email migrations
