2021-08-25 17:11:29,519 - INFO - -----SETUP INTEGRATOR_LWMAIL----
2021-08-25 17:11:29,538 - INFO - CONNECTED TO MIGRATION REPOSITORY: <repositories.migrator_db.MigrationRepository object at 0xffffbc30eaf0> 
2021-08-25 17:11:29,698 - INFO - CONNECTED TO GLOBOMAIL REPOSITORY: <repositories.globomail.GlobomailRepository object at 0xffffbc30ebb0> 
2021-08-25 17:11:29,857 - INFO - CONNECTED TO ROUNDCUBE REPOSITORY: <repositories.roundcube.RoundcubeRepository object at 0xffffbc10f9a0> 
2021-08-25 17:11:29,873 - INFO - -----ENDING SETUP INTEGRATOR_LWMAIL----
2021-08-25 17:11:29,874 - INFO - starting integration process for new email migrations
2021-08-25 17:11:30,447 - INFO - CLOSED MIGRATION REPOSITORY CONNECTION
2021-08-25 17:11:30,449 - INFO - CLOSED GLOBOMAIL REPOSITORY CONNECTION
2021-08-25 17:11:30,450 - INFO - CLOSED ROUNDCUBE REPOSITORY CONNECTION
2021-08-25 17:12:30,689 - INFO - -----SETUP INTEGRATOR_LWMAIL----
2021-08-25 17:12:30,701 - INFO - CONNECTED TO MIGRATION REPOSITORY: <repositories.migrator_db.MigrationRepository object at 0xffffbc30e940> 
2021-08-25 17:12:30,885 - INFO - CONNECTED TO GLOBOMAIL REPOSITORY: <repositories.globomail.GlobomailRepository object at 0xffffbc10ffd0> 
2021-08-25 17:12:31,042 - INFO - CONNECTED TO ROUNDCUBE REPOSITORY: <repositories.roundcube.RoundcubeRepository object at 0xffffbc10fd90> 
2021-08-25 17:12:31,044 - INFO - -----ENDING SETUP INTEGRATOR_LWMAIL----
2021-08-25 17:12:31,044 - INFO - starting integration process for new email migrations
2021-08-25 17:12:31,666 - INFO - CLOSED MIGRATION REPOSITORY CONNECTION
2021-08-25 17:12:31,679 - INFO - CLOSED GLOBOMAIL REPOSITORY CONNECTION
2021-08-25 17:12:31,682 - INFO - CLOSED ROUNDCUBE REPOSITORY CONNECTION
2021-08-25 17:13:31,947 - INFO - -----SETUP INTEGRATOR_LWMAIL----
2021-08-25 17:13:31,974 - INFO - CONNECTED TO MIGRATION REPOSITORY: <repositories.migrator_db.MigrationRepository object at 0xffffbc30ea90> 
2021-08-25 17:13:32,193 - INFO - CONNECTED TO GLOBOMAIL REPOSITORY: <repositories.globomail.GlobomailRepository object at 0xffffbc124550> 
2021-08-25 17:13:32,389 - INFO - CONNECTED TO ROUNDCUBE REPOSITORY: <repositories.roundcube.RoundcubeRepository object at 0xffffbc124400> 
2021-08-25 17:13:32,391 - INFO - -----ENDING SETUP INTEGRATOR_LWMAIL----
2021-08-25 17:13:32,392 - INFO - starting integration process for new email migrations
2021-08-25 17:13:33,009 - INFO - CLOSED MIGRATION REPOSITORY CONNECTION
2021-08-25 17:13:33,014 - INFO - CLOSED GLOBOMAIL REPOSITORY CONNECTION
2021-08-25 17:13:33,017 - INFO - CLOSED ROUNDCUBE REPOSITORY CONNECTION
2021-08-25 17:14:33,307 - INFO - -----SETUP INTEGRATOR_LWMAIL----
2021-08-25 17:14:33,311 - INFO - CONNECTED TO MIGRATION REPOSITORY: <repositories.migrator_db.MigrationRepository object at 0xffffbc30ea60> 
2021-08-25 17:14:33,481 - INFO - CONNECTED TO GLOBOMAIL REPOSITORY: <repositories.globomail.GlobomailRepository object at 0xffffbbb49dc0> 
2021-08-25 17:14:33,646 - INFO - CONNECTED TO ROUNDCUBE REPOSITORY: <repositories.roundcube.RoundcubeRepository object at 0xffffbc1240a0> 
2021-08-25 17:14:33,647 - INFO - -----ENDING SETUP INTEGRATOR_LWMAIL----
2021-08-25 17:14:33,647 - INFO - starting integration process for new email migrations
2021-08-25 17:14:34,303 - INFO - CLOSED MIGRATION REPOSITORY CONNECTION
2021-08-25 17:14:34,305 - INFO - CLOSED GLOBOMAIL REPOSITORY CONNECTION
2021-08-25 17:14:34,308 - INFO - CLOSED ROUNDCUBE REPOSITORY CONNECTION
2021-08-25 17:15:34,560 - INFO - -----SETUP INTEGRATOR_LWMAIL----
2021-08-25 17:15:34,574 - INFO - CONNECTED TO MIGRATION REPOSITORY: <repositories.migrator_db.MigrationRepository object at 0xffffbc122940> 
2021-08-25 17:15:34,976 - INFO - CONNECTED TO GLOBOMAIL REPOSITORY: <repositories.globomail.GlobomailRepository object at 0xffffbc1226d0> 
2021-08-25 17:15:35,211 - INFO - CONNECTED TO ROUNDCUBE REPOSITORY: <repositories.roundcube.RoundcubeRepository object at 0xffffbc122460> 
2021-08-25 17:15:35,217 - INFO - -----ENDING SETUP INTEGRATOR_LWMAIL----
2021-08-25 17:15:35,221 - INFO - starting integration process for new email migrations
2021-08-25 17:15:35,851 - INFO - CLOSED MIGRATION REPOSITORY CONNECTION
2021-08-25 17:15:35,858 - INFO - CLOSED GLOBOMAIL REPOSITORY CONNECTION
2021-08-25 17:15:35,865 - INFO - CLOSED ROUNDCUBE REPOSITORY CONNECTION
2021-08-25 17:16:36,111 - INFO - -----SETUP INTEGRATOR_LWMAIL----
2021-08-25 17:16:36,159 - INFO - CONNECTED TO MIGRATION REPOSITORY: <repositories.migrator_db.MigrationRepository object at 0xffffbc1228b0> 
2021-08-25 17:16:36,424 - INFO - CONNECTED TO GLOBOMAIL REPOSITORY: <repositories.globomail.GlobomailRepository object at 0xffffbc1224c0> 
2021-08-25 17:16:36,580 - INFO - CONNECTED TO ROUNDCUBE REPOSITORY: <repositories.roundcube.RoundcubeRepository object at 0xffffbc122d60> 
2021-08-25 17:16:36,583 - INFO - -----ENDING SETUP INTEGRATOR_LWMAIL----
2021-08-25 17:16:36,585 - INFO - starting integration process for new email migrations
2021-08-25 17:16:37,195 - INFO - CLOSED MIGRATION REPOSITORY CONNECTION
2021-08-25 17:16:37,199 - INFO - CLOSED GLOBOMAIL REPOSITORY CONNECTION
2021-08-25 17:16:37,201 - INFO - CLOSED ROUNDCUBE REPOSITORY CONNECTION
2021-08-25 17:17:37,463 - INFO - -----SETUP INTEGRATOR_LWMAIL----
2021-08-25 17:17:37,515 - INFO - CONNECTED TO MIGRATION REPOSITORY: <repositories.migrator_db.MigrationRepository object at 0xffffbc10fdc0> 
2021-08-25 17:17:37,776 - INFO - CONNECTED TO GLOBOMAIL REPOSITORY: <repositories.globomail.GlobomailRepository object at 0xffffbc10feb0> 
2021-08-25 17:17:37,941 - INFO - CONNECTED TO ROUNDCUBE REPOSITORY: <repositories.roundcube.RoundcubeRepository object at 0xffffbc122820> 
2021-08-25 17:17:37,943 - INFO - -----ENDING SETUP INTEGRATOR_LWMAIL----
2021-08-25 17:17:37,944 - INFO - starting integration process for new email migrations
2021-08-25 17:17:38,601 - INFO - CLOSED MIGRATION REPOSITORY CONNECTION
2021-08-25 17:17:38,606 - INFO - CLOSED GLOBOMAIL REPOSITORY CONNECTION
2021-08-25 17:17:38,609 - INFO - CLOSED ROUNDCUBE REPOSITORY CONNECTION
2021-08-25 17:18:38,892 - INFO - -----SETUP INTEGRATOR_LWMAIL----
2021-08-25 17:18:38,931 - INFO - CONNECTED TO MIGRATION REPOSITORY: <repositories.migrator_db.MigrationRepository object at 0xffffbc30ea60> 
2021-08-25 17:18:39,192 - INFO - CONNECTED TO GLOBOMAIL REPOSITORY: <repositories.globomail.GlobomailRepository object at 0xffffbc10f9a0> 
2021-08-25 17:18:39,356 - INFO - CONNECTED TO ROUNDCUBE REPOSITORY: <repositories.roundcube.RoundcubeRepository object at 0xffffbbae1040> 
2021-08-25 17:18:39,360 - INFO - -----ENDING SETUP INTEGRATOR_LWMAIL----
2021-08-25 17:18:39,362 - INFO - starting integration process for new email migrations
2021-08-25 17:18:39,979 - INFO - CLOSED MIGRATION REPOSITORY CONNECTION
2021-08-25 17:18:39,982 - INFO - CLOSED GLOBOMAIL REPOSITORY CONNECTION
2021-08-25 17:18:39,985 - INFO - CLOSED ROUNDCUBE REPOSITORY CONNECTION
2021-08-25 17:19:40,248 - INFO - -----SETUP INTEGRATOR_LWMAIL----
2021-08-25 17:19:40,260 - INFO - CONNECTED TO MIGRATION REPOSITORY: <repositories.migrator_db.MigrationRepository object at 0xffffbc1241f0> 
2021-08-25 17:19:40,493 - INFO - CONNECTED TO GLOBOMAIL REPOSITORY: <repositories.globomail.GlobomailRepository object at 0xffffbc1243a0> 
2021-08-25 17:19:40,658 - INFO - CONNECTED TO ROUNDCUBE REPOSITORY: <repositories.roundcube.RoundcubeRepository object at 0xffffbbb01be0> 
2021-08-25 17:19:40,665 - INFO - -----ENDING SETUP INTEGRATOR_LWMAIL----
2021-08-25 17:19:40,668 - INFO - starting integration process for new email migrations
2021-08-25 17:19:41,270 - INFO - CLOSED MIGRATION REPOSITORY CONNECTION
2021-08-25 17:19:41,274 - INFO - CLOSED GLOBOMAIL REPOSITORY CONNECTION
2021-08-25 17:19:41,280 - INFO - CLOSED ROUNDCUBE REPOSITORY CONNECTION
2021-08-25 17:20:41,569 - INFO - -----SETUP INTEGRATOR_LWMAIL----
2021-08-25 17:20:41,607 - INFO - CONNECTED TO MIGRATION REPOSITORY: <repositories.migrator_db.MigrationRepository object at 0xffffbc124280> 
2021-08-25 17:20:41,782 - INFO - CONNECTED TO GLOBOMAIL REPOSITORY: <repositories.globomail.GlobomailRepository object at 0xffffbc10fd00> 
2021-08-25 17:20:42,981 - INFO - CONNECTED TO ROUNDCUBE REPOSITORY: <repositories.roundcube.RoundcubeRepository object at 0xffffbbb01df0> 
2021-08-25 17:20:42,984 - INFO - -----ENDING SETUP INTEGRATOR_LWMAIL----
2021-08-25 17:20:42,986 - INFO - starting integration process for new email migrations
2021-08-25 17:20:43,586 - INFO - CLOSED MIGRATION REPOSITORY CONNECTION
2021-08-25 17:20:43,588 - INFO - CLOSED GLOBOMAIL REPOSITORY CONNECTION
2021-08-25 17:20:43,591 - INFO - CLOSED ROUNDCUBE REPOSITORY CONNECTION
2021-08-25 17:21:43,872 - INFO - -----SETUP INTEGRATOR_LWMAIL----
2021-08-25 17:21:43,884 - INFO - CONNECTED TO MIGRATION REPOSITORY: <repositories.migrator_db.MigrationRepository object at 0xffffbc2bc700> 
2021-08-25 17:21:44,121 - INFO - CONNECTED TO GLOBOMAIL REPOSITORY: <repositories.globomail.GlobomailRepository object at 0xffffbbb01d30> 
2021-08-25 17:21:44,299 - INFO - CONNECTED TO ROUNDCUBE REPOSITORY: <repositories.roundcube.RoundcubeRepository object at 0xffffbbb01f40> 
2021-08-25 17:21:44,306 - INFO - -----ENDING SETUP INTEGRATOR_LWMAIL----
2021-08-25 17:21:44,309 - INFO - starting integration process for new email migrations
2021-08-25 17:21:44,927 - INFO - CLOSED MIGRATION REPOSITORY CONNECTION
2021-08-25 17:21:44,932 - INFO - CLOSED GLOBOMAIL REPOSITORY CONNECTION
2021-08-25 17:21:44,936 - INFO - CLOSED ROUNDCUBE REPOSITORY CONNECTION
2021-08-25 17:22:45,217 - INFO - -----SETUP INTEGRATOR_LWMAIL----
2021-08-25 17:22:45,226 - INFO - CONNECTED TO MIGRATION REPOSITORY: <repositories.migrator_db.MigrationRepository object at 0xffffbc2bc6a0> 
2021-08-25 17:22:45,399 - INFO - CONNECTED TO GLOBOMAIL REPOSITORY: <repositories.globomail.GlobomailRepository object at 0xffffbbae1f10> 
2021-08-25 17:22:45,565 - INFO - CONNECTED TO ROUNDCUBE REPOSITORY: <repositories.roundcube.RoundcubeRepository object at 0xffffbbae18b0> 
2021-08-25 17:22:45,566 - INFO - -----ENDING SETUP INTEGRATOR_LWMAIL----
2021-08-25 17:22:45,567 - INFO - starting integration process for new email migrations
2021-08-25 17:22:46,183 - INFO - CLOSED MIGRATION REPOSITORY CONNECTION
2021-08-25 17:22:46,188 - INFO - CLOSED GLOBOMAIL REPOSITORY CONNECTION
2021-08-25 17:22:46,192 - INFO - CLOSED ROUNDCUBE REPOSITORY CONNECTION
2021-08-25 17:23:46,473 - INFO - -----SETUP INTEGRATOR_LWMAIL----
2021-08-25 17:23:46,499 - INFO - CONNECTED TO MIGRATION REPOSITORY: <repositories.migrator_db.MigrationRepository object at 0xffffbc122fa0> 
2021-08-25 17:23:46,847 - INFO - CONNECTED TO GLOBOMAIL REPOSITORY: <repositories.globomail.GlobomailRepository object at 0xffffbc122910> 
2021-08-25 17:23:47,038 - INFO - CONNECTED TO ROUNDCUBE REPOSITORY: <repositories.roundcube.RoundcubeRepository object at 0xffffbc122460> 
2021-08-25 17:23:47,042 - INFO - -----ENDING SETUP INTEGRATOR_LWMAIL----
2021-08-25 17:23:47,043 - INFO - starting integration process for new email migrations
2021-08-25 17:23:47,648 - INFO - CLOSED MIGRATION REPOSITORY CONNECTION
2021-08-25 17:23:47,654 - INFO - CLOSED GLOBOMAIL REPOSITORY CONNECTION
2021-08-25 17:23:47,658 - INFO - CLOSED ROUNDCUBE REPOSITORY CONNECTION
2021-08-25 17:24:47,947 - INFO - -----SETUP INTEGRATOR_LWMAIL----
2021-08-25 17:24:47,959 - INFO - CONNECTED TO MIGRATION REPOSITORY: <repositories.migrator_db.MigrationRepository object at 0xffffbc122940> 
2021-08-25 17:24:48,162 - INFO - CONNECTED TO GLOBOMAIL REPOSITORY: <repositories.globomail.GlobomailRepository object at 0xffffbc1228e0> 
2021-08-25 17:24:48,346 - INFO - CONNECTED TO ROUNDCUBE REPOSITORY: <repositories.roundcube.RoundcubeRepository object at 0xffffbc124520> 
2021-08-25 17:24:48,349 - INFO - -----ENDING SETUP INTEGRATOR_LWMAIL----
2021-08-25 17:24:48,350 - INFO - starting integration process for new email migrations
2021-08-25 17:24:48,981 - INFO - CLOSED MIGRATION REPOSITORY CONNECTION
2021-08-25 17:24:48,990 - INFO - CLOSED GLOBOMAIL REPOSITORY CONNECTION
2021-08-25 17:24:48,995 - INFO - CLOSED ROUNDCUBE REPOSITORY CONNECTION
2021-08-25 17:25:49,256 - INFO - -----SETUP INTEGRATOR_LWMAIL----
2021-08-25 17:25:49,267 - INFO - CONNECTED TO MIGRATION REPOSITORY: <repositories.migrator_db.MigrationRepository object at 0xffffbc124280> 
2021-08-25 17:25:49,517 - INFO - CONNECTED TO GLOBOMAIL REPOSITORY: <repositories.globomail.GlobomailRepository object at 0xffffbc124430> 
2021-08-25 17:25:49,712 - INFO - CONNECTED TO ROUNDCUBE REPOSITORY: <repositories.roundcube.RoundcubeRepository object at 0xffffbbb012b0> 
2021-08-25 17:25:49,714 - INFO - -----ENDING SETUP INTEGRATOR_LWMAIL----
2021-08-25 17:25:49,715 - INFO - starting integration process for new email migrations
2021-08-25 17:25:50,319 - INFO - CLOSED MIGRATION REPOSITORY CONNECTION
2021-08-25 17:25:50,323 - INFO - CLOSED GLOBOMAIL REPOSITORY CONNECTION
2021-08-25 17:25:50,329 - INFO - CLOSED ROUNDCUBE REPOSITORY CONNECTION
2021-08-25 17:26:50,623 - INFO - -----SETUP INTEGRATOR_LWMAIL----
2021-08-25 17:26:50,627 - INFO - CONNECTED TO MIGRATION REPOSITORY: <repositories.migrator_db.MigrationRepository object at 0xffffbc124520> 
2021-08-25 17:26:50,823 - INFO - CONNECTED TO GLOBOMAIL REPOSITORY: <repositories.globomail.GlobomailRepository object at 0xffffbbb012b0> 
2021-08-25 17:26:50,979 - INFO - CONNECTED TO ROUNDCUBE REPOSITORY: <repositories.roundcube.RoundcubeRepository object at 0xffffbbae1fd0> 
2021-08-25 17:26:50,979 - INFO - -----ENDING SETUP INTEGRATOR_LWMAIL----
2021-08-25 17:26:50,980 - INFO - starting integration process for new email migrations
2021-08-25 17:26:51,588 - INFO - CLOSED MIGRATION REPOSITORY CONNECTION
2021-08-25 17:26:51,594 - INFO - CLOSED GLOBOMAIL REPOSITORY CONNECTION
2021-08-25 17:26:51,599 - INFO - CLOSED ROUNDCUBE REPOSITORY CONNECTION
2021-08-25 17:27:51,887 - INFO - -----SETUP INTEGRATOR_LWMAIL----
2021-08-25 17:27:51,923 - INFO - CONNECTED TO MIGRATION REPOSITORY: <repositories.migrator_db.MigrationRepository object at 0xffffbbae1370> 
2021-08-25 17:27:52,229 - INFO - CONNECTED TO GLOBOMAIL REPOSITORY: <repositories.globomail.GlobomailRepository object at 0xffffbbae1940> 
2021-08-25 17:27:52,465 - INFO - CONNECTED TO ROUNDCUBE REPOSITORY: <repositories.roundcube.RoundcubeRepository object at 0xffffbbae1d90> 
2021-08-25 17:27:52,470 - INFO - -----ENDING SETUP INTEGRATOR_LWMAIL----
2021-08-25 17:27:52,472 - INFO - starting integration process for new email migrations
2021-08-25 17:27:53,120 - INFO - CLOSED MIGRATION REPOSITORY CONNECTION
2021-08-25 17:27:53,121 - INFO - CLOSED GLOBOMAIL REPOSITORY CONNECTION
2021-08-25 17:27:53,123 - INFO - CLOSED ROUNDCUBE REPOSITORY CONNECTION
2021-08-25 17:28:53,373 - INFO - -----SETUP INTEGRATOR_LWMAIL----
2021-08-25 17:28:53,376 - INFO - CONNECTED TO MIGRATION REPOSITORY: <repositories.migrator_db.MigrationRepository object at 0xffffbc124490> 
2021-08-25 17:28:53,561 - INFO - CONNECTED TO GLOBOMAIL REPOSITORY: <repositories.globomail.GlobomailRepository object at 0xffffbc1243d0> 
2021-08-25 17:28:53,723 - INFO - CONNECTED TO ROUNDCUBE REPOSITORY: <repositories.roundcube.RoundcubeRepository object at 0xffffbbae1250> 
2021-08-25 17:28:53,725 - INFO - -----ENDING SETUP INTEGRATOR_LWMAIL----
2021-08-25 17:28:53,725 - INFO - starting integration process for new email migrations
2021-08-25 17:28:54,318 - INFO - CLOSED MIGRATION REPOSITORY CONNECTION
2021-08-25 17:28:54,320 - INFO - CLOSED GLOBOMAIL REPOSITORY CONNECTION
2021-08-25 17:28:54,323 - INFO - CLOSED ROUNDCUBE REPOSITORY CONNECTION
2021-08-25 17:29:54,594 - INFO - -----SETUP INTEGRATOR_LWMAIL----
2021-08-25 17:29:54,638 - INFO - CONNECTED TO MIGRATION REPOSITORY: <repositories.migrator_db.MigrationRepository object at 0xffffbc2bc700> 
2021-08-25 17:29:54,957 - INFO - CONNECTED TO GLOBOMAIL REPOSITORY: <repositories.globomail.GlobomailRepository object at 0xffffbbae1b20> 
2021-08-25 17:29:55,156 - INFO - CONNECTED TO ROUNDCUBE REPOSITORY: <repositories.roundcube.RoundcubeRepository object at 0xffffbbb019a0> 
2021-08-25 17:29:55,166 - INFO - -----ENDING SETUP INTEGRATOR_LWMAIL----
2021-08-25 17:29:55,173 - INFO - starting integration process for new email migrations
2021-08-25 17:29:55,777 - INFO - CLOSED MIGRATION REPOSITORY CONNECTION
2021-08-25 17:29:55,784 - INFO - CLOSED GLOBOMAIL REPOSITORY CONNECTION
2021-08-25 17:29:55,791 - INFO - CLOSED ROUNDCUBE REPOSITORY CONNECTION
2021-08-25 17:30:56,068 - INFO - -----SETUP INTEGRATOR_LWMAIL----
2021-08-25 17:30:56,081 - INFO - CONNECTED TO MIGRATION REPOSITORY: <repositories.migrator_db.MigrationRepository object at 0xffffbc10feb0> 
2021-08-25 17:30:56,309 - INFO - CONNECTED TO GLOBOMAIL REPOSITORY: <repositories.globomail.GlobomailRepository object at 0xffffbbb01ca0> 
2021-08-25 17:30:56,488 - INFO - CONNECTED TO ROUNDCUBE REPOSITORY: <repositories.roundcube.RoundcubeRepository object at 0xffffbbb10b80> 
2021-08-25 17:30:56,500 - INFO - -----ENDING SETUP INTEGRATOR_LWMAIL----
2021-08-25 17:30:56,517 - INFO - starting integration process for new email migrations
2021-08-25 17:30:57,128 - INFO - CLOSED MIGRATION REPOSITORY CONNECTION
2021-08-25 17:30:57,131 - INFO - CLOSED GLOBOMAIL REPOSITORY CONNECTION
2021-08-25 17:30:57,133 - INFO - CLOSED ROUNDCUBE REPOSITORY CONNECTION
2021-08-25 17:31:57,396 - INFO - -----SETUP INTEGRATOR_LWMAIL----
2021-08-25 17:31:57,430 - INFO - CONNECTED TO MIGRATION REPOSITORY: <repositories.migrator_db.MigrationRepository object at 0xffffbc2bc6a0> 
2021-08-25 17:31:57,746 - INFO - CONNECTED TO GLOBOMAIL REPOSITORY: <repositories.globomail.GlobomailRepository object at 0xffffbbb176a0> 
2021-08-25 17:31:57,913 - INFO - CONNECTED TO ROUNDCUBE REPOSITORY: <repositories.roundcube.RoundcubeRepository object at 0xffffbbb17130> 
2021-08-25 17:31:57,922 - INFO - -----ENDING SETUP INTEGRATOR_LWMAIL----
2021-08-25 17:31:57,925 - INFO - starting integration process for new email migrations
2021-08-25 17:31:58,573 - INFO - CLOSED MIGRATION REPOSITORY CONNECTION
2021-08-25 17:31:58,577 - INFO - CLOSED GLOBOMAIL REPOSITORY CONNECTION
2021-08-25 17:31:58,584 - INFO - CLOSED ROUNDCUBE REPOSITORY CONNECTION
2021-08-25 17:32:58,845 - INFO - -----SETUP INTEGRATOR_LWMAIL----
2021-08-25 17:32:58,856 - INFO - CONNECTED TO MIGRATION REPOSITORY: <repositories.migrator_db.MigrationRepository object at 0xffffbbb175b0> 
2021-08-25 17:32:59,115 - INFO - CONNECTED TO GLOBOMAIL REPOSITORY: <repositories.globomail.GlobomailRepository object at 0xffffbbb174f0> 
2021-08-25 17:32:59,280 - INFO - CONNECTED TO ROUNDCUBE REPOSITORY: <repositories.roundcube.RoundcubeRepository object at 0xffffbc30ea90> 
2021-08-25 17:32:59,281 - INFO - -----ENDING SETUP INTEGRATOR_LWMAIL----
2021-08-25 17:32:59,282 - INFO - starting integration process for new email migrations
2021-08-25 17:32:59,916 - INFO - CLOSED MIGRATION REPOSITORY CONNECTION
2021-08-25 17:32:59,919 - INFO - CLOSED GLOBOMAIL REPOSITORY CONNECTION
2021-08-25 17:32:59,921 - INFO - CLOSED ROUNDCUBE REPOSITORY CONNECTION
2021-08-25 17:34:00,197 - INFO - -----SETUP INTEGRATOR_LWMAIL----
2021-08-25 17:34:00,207 - INFO - CONNECTED TO MIGRATION REPOSITORY: <repositories.migrator_db.MigrationRepository object at 0xffffbc10feb0> 
2021-08-25 17:34:00,474 - INFO - CONNECTED TO GLOBOMAIL REPOSITORY: <repositories.globomail.GlobomailRepository object at 0xffffbbb01a60> 
2021-08-25 17:34:00,676 - INFO - CONNECTED TO ROUNDCUBE REPOSITORY: <repositories.roundcube.RoundcubeRepository object at 0xffffbbb01c40> 
2021-08-25 17:34:00,679 - INFO - -----ENDING SETUP INTEGRATOR_LWMAIL----
2021-08-25 17:34:00,681 - INFO - starting integration process for new email migrations
2021-08-25 17:34:01,287 - INFO - CLOSED MIGRATION REPOSITORY CONNECTION
2021-08-25 17:34:01,290 - INFO - CLOSED GLOBOMAIL REPOSITORY CONNECTION
2021-08-25 17:34:01,293 - INFO - CLOSED ROUNDCUBE REPOSITORY CONNECTION
2021-08-25 17:35:01,538 - INFO - -----SETUP INTEGRATOR_LWMAIL----
2021-08-25 17:35:01,559 - INFO - CONNECTED TO MIGRATION REPOSITORY: <repositories.migrator_db.MigrationRepository object at 0xffffbc2bc700> 
2021-08-25 17:35:01,741 - INFO - CONNECTED TO GLOBOMAIL REPOSITORY: <repositories.globomail.GlobomailRepository object at 0xffffbbb10b50> 
2021-08-25 17:35:01,907 - INFO - CONNECTED TO ROUNDCUBE REPOSITORY: <repositories.roundcube.RoundcubeRepository object at 0xffffbbb17760> 
2021-08-25 17:35:01,913 - INFO - -----ENDING SETUP INTEGRATOR_LWMAIL----
2021-08-25 17:35:01,915 - INFO - starting integration process for new email migrations
2021-08-25 17:35:02,520 - INFO - CLOSED MIGRATION REPOSITORY CONNECTION
2021-08-25 17:35:02,527 - INFO - CLOSED GLOBOMAIL REPOSITORY CONNECTION
2021-08-25 17:35:02,533 - INFO - CLOSED ROUNDCUBE REPOSITORY CONNECTION
2021-08-25 17:36:02,830 - INFO - -----SETUP INTEGRATOR_LWMAIL----
2021-08-25 17:36:02,863 - INFO - CONNECTED TO MIGRATION REPOSITORY: <repositories.migrator_db.MigrationRepository object at 0xffffbbaa6ca0> 
2021-08-25 17:36:03,166 - INFO - CONNECTED TO GLOBOMAIL REPOSITORY: <repositories.globomail.GlobomailRepository object at 0xffffbbaa6e80> 
2021-08-25 17:36:03,380 - INFO - CONNECTED TO ROUNDCUBE REPOSITORY: <repositories.roundcube.RoundcubeRepository object at 0xffffbbaa6220> 
2021-08-25 17:36:03,382 - INFO - -----ENDING SETUP INTEGRATOR_LWMAIL----
2021-08-25 17:36:03,383 - INFO - starting integration process for new email migrations
2021-08-25 17:36:03,974 - INFO - CLOSED MIGRATION REPOSITORY CONNECTION
2021-08-25 17:36:03,978 - INFO - CLOSED GLOBOMAIL REPOSITORY CONNECTION
2021-08-25 17:36:03,981 - INFO - CLOSED ROUNDCUBE REPOSITORY CONNECTION
2021-08-25 17:37:04,265 - INFO - -----SETUP INTEGRATOR_LWMAIL----
2021-08-25 17:37:04,273 - INFO - CONNECTED TO MIGRATION REPOSITORY: <repositories.migrator_db.MigrationRepository object at 0xffffbbaa6ee0> 
2021-08-25 17:37:04,444 - INFO - CONNECTED TO GLOBOMAIL REPOSITORY: <repositories.globomail.GlobomailRepository object at 0xffffbbaa6850> 
2021-08-25 17:37:04,614 - INFO - CONNECTED TO ROUNDCUBE REPOSITORY: <repositories.roundcube.RoundcubeRepository object at 0xffffbbaa67f0> 
2021-08-25 17:37:04,615 - INFO - -----ENDING SETUP INTEGRATOR_LWMAIL----
2021-08-25 17:37:04,616 - INFO - starting integration process for new email migrations
2021-08-25 17:37:05,207 - INFO - CLOSED MIGRATION REPOSITORY CONNECTION
2021-08-25 17:37:05,210 - INFO - CLOSED GLOBOMAIL REPOSITORY CONNECTION
2021-08-25 17:37:05,213 - INFO - CLOSED ROUNDCUBE REPOSITORY CONNECTION
2021-08-25 17:38:05,490 - INFO - -----SETUP INTEGRATOR_LWMAIL----
2021-08-25 17:38:05,500 - INFO - CONNECTED TO MIGRATION REPOSITORY: <repositories.migrator_db.MigrationRepository object at 0xffffbc30e790> 
2021-08-25 17:38:05,746 - INFO - CONNECTED TO GLOBOMAIL REPOSITORY: <repositories.globomail.GlobomailRepository object at 0xffffbbb103a0> 
2021-08-25 17:38:05,944 - INFO - CONNECTED TO ROUNDCUBE REPOSITORY: <repositories.roundcube.RoundcubeRepository object at 0xffffbc124070> 
2021-08-25 17:38:05,946 - INFO - -----ENDING SETUP INTEGRATOR_LWMAIL----
2021-08-25 17:38:05,948 - INFO - starting integration process for new email migrations
2021-08-25 17:38:06,581 - INFO - CLOSED MIGRATION REPOSITORY CONNECTION
2021-08-25 17:38:06,583 - INFO - CLOSED GLOBOMAIL REPOSITORY CONNECTION
2021-08-25 17:38:06,586 - INFO - CLOSED ROUNDCUBE REPOSITORY CONNECTION
2021-08-25 17:39:06,855 - INFO - -----SETUP INTEGRATOR_LWMAIL----
2021-08-25 17:39:06,863 - INFO - CONNECTED TO MIGRATION REPOSITORY: <repositories.migrator_db.MigrationRepository object at 0xffffbc1225b0> 
2021-08-25 17:39:07,055 - INFO - CONNECTED TO GLOBOMAIL REPOSITORY: <repositories.globomail.GlobomailRepository object at 0xffffbc1228e0> 
2021-08-25 17:39:07,254 - INFO - CONNECTED TO ROUNDCUBE REPOSITORY: <repositories.roundcube.RoundcubeRepository object at 0xffffbbaa60d0> 
2021-08-25 17:39:07,257 - INFO - -----ENDING SETUP INTEGRATOR_LWMAIL----
2021-08-25 17:39:07,259 - INFO - starting integration process for new email migrations
2021-08-25 17:39:07,845 - INFO - CLOSED MIGRATION REPOSITORY CONNECTION
2021-08-25 17:39:07,848 - INFO - CLOSED GLOBOMAIL REPOSITORY CONNECTION
2021-08-25 17:39:07,850 - INFO - CLOSED ROUNDCUBE REPOSITORY CONNECTION
2021-08-25 17:40:08,132 - INFO - -----SETUP INTEGRATOR_LWMAIL----
2021-08-25 17:40:08,138 - INFO - CONNECTED TO MIGRATION REPOSITORY: <repositories.migrator_db.MigrationRepository object at 0xffffbc30ea60> 
2021-08-25 17:40:08,437 - INFO - CONNECTED TO GLOBOMAIL REPOSITORY: <repositories.globomail.GlobomailRepository object at 0xffffbbb17280> 
2021-08-25 17:40:08,646 - INFO - CONNECTED TO ROUNDCUBE REPOSITORY: <repositories.roundcube.RoundcubeRepository object at 0xffffbbb01eb0> 
2021-08-25 17:40:08,650 - INFO - -----ENDING SETUP INTEGRATOR_LWMAIL----
2021-08-25 17:40:08,653 - INFO - starting integration process for new email migrations
2021-08-25 17:40:09,291 - INFO - CLOSED MIGRATION REPOSITORY CONNECTION
2021-08-25 17:40:09,293 - INFO - CLOSED GLOBOMAIL REPOSITORY CONNECTION
2021-08-25 17:40:09,296 - INFO - CLOSED ROUNDCUBE REPOSITORY CONNECTION
2021-08-25 17:41:09,558 - INFO - -----SETUP INTEGRATOR_LWMAIL----
2021-08-25 17:41:09,560 - INFO - CONNECTED TO MIGRATION REPOSITORY: <repositories.migrator_db.MigrationRepository object at 0xffffbc122940> 
2021-08-25 17:41:09,748 - INFO - CONNECTED TO GLOBOMAIL REPOSITORY: <repositories.globomail.GlobomailRepository object at 0xffffbc122fa0> 
2021-08-25 17:41:09,952 - INFO - CONNECTED TO ROUNDCUBE REPOSITORY: <repositories.roundcube.RoundcubeRepository object at 0xffffbbb01490> 
2021-08-25 17:41:09,956 - INFO - -----ENDING SETUP INTEGRATOR_LWMAIL----
2021-08-25 17:41:09,959 - INFO - starting integration process for new email migrations
2021-08-25 17:41:10,561 - INFO - CLOSED MIGRATION REPOSITORY CONNECTION
2021-08-25 17:41:10,565 - INFO - CLOSED GLOBOMAIL REPOSITORY CONNECTION
2021-08-25 17:41:10,567 - INFO - CLOSED ROUNDCUBE REPOSITORY CONNECTION
2021-08-25 17:42:10,866 - INFO - -----SETUP INTEGRATOR_LWMAIL----
2021-08-25 17:42:10,872 - INFO - CONNECTED TO MIGRATION REPOSITORY: <repositories.migrator_db.MigrationRepository object at 0xffffbbb17100> 
2021-08-25 17:42:11,118 - INFO - CONNECTED TO GLOBOMAIL REPOSITORY: <repositories.globomail.GlobomailRepository object at 0xffffbbb17250> 
2021-08-25 17:42:11,337 - INFO - CONNECTED TO ROUNDCUBE REPOSITORY: <repositories.roundcube.RoundcubeRepository object at 0xffffbbb01220> 
2021-08-25 17:42:11,349 - INFO - -----ENDING SETUP INTEGRATOR_LWMAIL----
2021-08-25 17:42:11,353 - INFO - starting integration process for new email migrations
2021-08-25 17:42:11,961 - INFO - CLOSED MIGRATION REPOSITORY CONNECTION
2021-08-25 17:42:11,964 - INFO - CLOSED GLOBOMAIL REPOSITORY CONNECTION
2021-08-25 17:42:11,969 - INFO - CLOSED ROUNDCUBE REPOSITORY CONNECTION
2021-08-25 17:43:12,260 - INFO - -----SETUP INTEGRATOR_LWMAIL----
2021-08-25 17:43:12,273 - INFO - CONNECTED TO MIGRATION REPOSITORY: <repositories.migrator_db.MigrationRepository object at 0xffffbbb103d0> 
2021-08-25 17:43:12,464 - INFO - CONNECTED TO GLOBOMAIL REPOSITORY: <repositories.globomail.GlobomailRepository object at 0xffffbbae1340> 
2021-08-25 17:43:12,640 - INFO - CONNECTED TO ROUNDCUBE REPOSITORY: <repositories.roundcube.RoundcubeRepository object at 0xffffbbae18b0> 
2021-08-25 17:43:12,645 - INFO - -----ENDING SETUP INTEGRATOR_LWMAIL----
2021-08-25 17:43:12,648 - INFO - starting integration process for new email migrations
2021-08-25 17:43:13,261 - INFO - CLOSED MIGRATION REPOSITORY CONNECTION
2021-08-25 17:43:13,264 - INFO - CLOSED GLOBOMAIL REPOSITORY CONNECTION
2021-08-25 17:43:13,268 - INFO - CLOSED ROUNDCUBE REPOSITORY CONNECTION
2021-08-25 17:44:13,555 - INFO - -----SETUP INTEGRATOR_LWMAIL----
2021-08-25 17:44:13,563 - INFO - CONNECTED TO MIGRATION REPOSITORY: <repositories.migrator_db.MigrationRepository object at 0xffffbbab5f40> 
2021-08-25 17:44:13,854 - INFO - CONNECTED TO GLOBOMAIL REPOSITORY: <repositories.globomail.GlobomailRepository object at 0xffffbbab5af0> 
2021-08-25 17:44:14,078 - INFO - CONNECTED TO ROUNDCUBE REPOSITORY: <repositories.roundcube.RoundcubeRepository object at 0xffffbbab57f0> 
2021-08-25 17:44:14,083 - INFO - -----ENDING SETUP INTEGRATOR_LWMAIL----
2021-08-25 17:44:14,086 - INFO - starting integration process for new email migrations
2021-08-25 17:44:14,695 - INFO - CLOSED MIGRATION REPOSITORY CONNECTION
2021-08-25 17:44:14,698 - INFO - CLOSED GLOBOMAIL REPOSITORY CONNECTION
2021-08-25 17:44:14,702 - INFO - CLOSED ROUNDCUBE REPOSITORY CONNECTION
2021-08-25 17:45:14,964 - INFO - -----SETUP INTEGRATOR_LWMAIL----
2021-08-25 17:45:14,971 - INFO - CONNECTED TO MIGRATION REPOSITORY: <repositories.migrator_db.MigrationRepository object at 0xffffbbab52b0> 
2021-08-25 17:45:15,192 - INFO - CONNECTED TO GLOBOMAIL REPOSITORY: <repositories.globomail.GlobomailRepository object at 0xffffbbab5160> 
2021-08-25 17:45:15,368 - INFO - CONNECTED TO ROUNDCUBE REPOSITORY: <repositories.roundcube.RoundcubeRepository object at 0xffffbbb01ac0> 
2021-08-25 17:45:15,372 - INFO - -----ENDING SETUP INTEGRATOR_LWMAIL----
2021-08-25 17:45:15,375 - INFO - starting integration process for new email migrations
2021-08-25 17:45:15,978 - INFO - CLOSED MIGRATION REPOSITORY CONNECTION
2021-08-25 17:45:15,982 - INFO - CLOSED GLOBOMAIL REPOSITORY CONNECTION
2021-08-25 17:45:15,986 - INFO - CLOSED ROUNDCUBE REPOSITORY CONNECTION
2021-08-25 17:46:16,260 - INFO - -----SETUP INTEGRATOR_LWMAIL----
2021-08-25 17:46:16,269 - INFO - CONNECTED TO MIGRATION REPOSITORY: <repositories.migrator_db.MigrationRepository object at 0xffffbc1225b0> 
2021-08-25 17:46:16,568 - INFO - CONNECTED TO GLOBOMAIL REPOSITORY: <repositories.globomail.GlobomailRepository object at 0xffffbc122dc0> 
2021-08-25 17:46:16,748 - INFO - CONNECTED TO ROUNDCUBE REPOSITORY: <repositories.roundcube.RoundcubeRepository object at 0xffffbbb01820> 
2021-08-25 17:46:16,754 - INFO - -----ENDING SETUP INTEGRATOR_LWMAIL----
2021-08-25 17:46:16,757 - INFO - starting integration process for new email migrations
2021-08-25 17:46:17,382 - INFO - CLOSED MIGRATION REPOSITORY CONNECTION
2021-08-25 17:46:17,390 - INFO - CLOSED GLOBOMAIL REPOSITORY CONNECTION
2021-08-25 17:46:17,396 - INFO - CLOSED ROUNDCUBE REPOSITORY CONNECTION
2021-08-25 17:47:17,659 - INFO - -----SETUP INTEGRATOR_LWMAIL----
2021-08-25 17:47:17,674 - INFO - CONNECTED TO MIGRATION REPOSITORY: <repositories.migrator_db.MigrationRepository object at 0xffffbc122610> 
2021-08-25 17:47:17,867 - INFO - CONNECTED TO GLOBOMAIL REPOSITORY: <repositories.globomail.GlobomailRepository object at 0xffffbbaa68e0> 
2021-08-25 17:47:18,071 - INFO - CONNECTED TO ROUNDCUBE REPOSITORY: <repositories.roundcube.RoundcubeRepository object at 0xffffbbaa61c0> 
2021-08-25 17:47:18,074 - INFO - -----ENDING SETUP INTEGRATOR_LWMAIL----
2021-08-25 17:47:18,077 - INFO - starting integration process for new email migrations
2021-08-25 17:47:18,658 - INFO - CLOSED MIGRATION REPOSITORY CONNECTION
2021-08-25 17:47:18,660 - INFO - CLOSED GLOBOMAIL REPOSITORY CONNECTION
2021-08-25 17:47:18,662 - INFO - CLOSED ROUNDCUBE REPOSITORY CONNECTION
2021-08-25 17:48:18,948 - INFO - -----SETUP INTEGRATOR_LWMAIL----
2021-08-25 17:48:18,956 - INFO - CONNECTED TO MIGRATION REPOSITORY: <repositories.migrator_db.MigrationRepository object at 0xffffbbb17280> 
2021-08-25 17:48:19,471 - INFO - CONNECTED TO GLOBOMAIL REPOSITORY: <repositories.globomail.GlobomailRepository object at 0xffffbbb17bb0> 
2021-08-25 17:48:19,670 - INFO - CONNECTED TO ROUNDCUBE REPOSITORY: <repositories.roundcube.RoundcubeRepository object at 0xffffbbae1c10> 
2021-08-25 17:48:19,680 - INFO - -----ENDING SETUP INTEGRATOR_LWMAIL----
2021-08-25 17:48:19,683 - INFO - starting integration process for new email migrations
2021-08-25 17:48:20,327 - INFO - CLOSED MIGRATION REPOSITORY CONNECTION
2021-08-25 17:48:20,333 - INFO - CLOSED GLOBOMAIL REPOSITORY CONNECTION
2021-08-25 17:48:20,337 - INFO - CLOSED ROUNDCUBE REPOSITORY CONNECTION
2021-08-25 17:49:20,620 - INFO - -----SETUP INTEGRATOR_LWMAIL----
2021-08-25 17:49:20,624 - INFO - CONNECTED TO MIGRATION REPOSITORY: <repositories.migrator_db.MigrationRepository object at 0xffffbc124490> 
2021-08-25 17:49:20,802 - INFO - CONNECTED TO GLOBOMAIL REPOSITORY: <repositories.globomail.GlobomailRepository object at 0xffffbc1241f0> 
2021-08-25 17:49:20,974 - INFO - CONNECTED TO ROUNDCUBE REPOSITORY: <repositories.roundcube.RoundcubeRepository object at 0xffffbbae1b50> 
2021-08-25 17:49:20,981 - INFO - -----ENDING SETUP INTEGRATOR_LWMAIL----
2021-08-25 17:49:20,984 - INFO - starting integration process for new email migrations
2021-08-25 17:49:21,569 - INFO - CLOSED MIGRATION REPOSITORY CONNECTION
2021-08-25 17:49:21,575 - INFO - CLOSED GLOBOMAIL REPOSITORY CONNECTION
2021-08-25 17:49:21,579 - INFO - CLOSED ROUNDCUBE REPOSITORY CONNECTION
2021-08-25 17:50:21,888 - INFO - -----SETUP INTEGRATOR_LWMAIL----
2021-08-25 17:50:21,892 - INFO - CONNECTED TO MIGRATION REPOSITORY: <repositories.migrator_db.MigrationRepository object at 0xffffbc124430> 
2021-08-25 17:50:22,053 - INFO - CONNECTED TO GLOBOMAIL REPOSITORY: <repositories.globomail.GlobomailRepository object at 0xffffbbb012b0> 
2021-08-25 17:50:22,254 - INFO - CONNECTED TO ROUNDCUBE REPOSITORY: <repositories.roundcube.RoundcubeRepository object at 0xffffbbae1430> 
2021-08-25 17:50:22,259 - INFO - -----ENDING SETUP INTEGRATOR_LWMAIL----
2021-08-25 17:50:22,262 - INFO - starting integration process for new email migrations
2021-08-25 17:50:22,873 - INFO - CLOSED MIGRATION REPOSITORY CONNECTION
2021-08-25 17:50:22,875 - INFO - CLOSED GLOBOMAIL REPOSITORY CONNECTION
2021-08-25 17:50:22,878 - INFO - CLOSED ROUNDCUBE REPOSITORY CONNECTION
2021-08-25 17:51:23,158 - INFO - -----SETUP INTEGRATOR_LWMAIL----
2021-08-25 17:51:23,164 - INFO - CONNECTED TO MIGRATION REPOSITORY: <repositories.migrator_db.MigrationRepository object at 0xffffbc122520> 
2021-08-25 17:51:23,350 - INFO - CONNECTED TO GLOBOMAIL REPOSITORY: <repositories.globomail.GlobomailRepository object at 0xffffbc122220> 
2021-08-25 17:51:23,543 - INFO - CONNECTED TO ROUNDCUBE REPOSITORY: <repositories.roundcube.RoundcubeRepository object at 0xffffbbae1fa0> 
2021-08-25 17:51:23,547 - INFO - -----ENDING SETUP INTEGRATOR_LWMAIL----
2021-08-25 17:51:23,548 - INFO - starting integration process for new email migrations
2021-08-25 17:51:24,135 - INFO - CLOSED MIGRATION REPOSITORY CONNECTION
2021-08-25 17:51:24,139 - INFO - CLOSED GLOBOMAIL REPOSITORY CONNECTION
2021-08-25 17:51:24,141 - INFO - CLOSED ROUNDCUBE REPOSITORY CONNECTION
2021-08-25 17:52:24,428 - INFO - -----SETUP INTEGRATOR_LWMAIL----
2021-08-25 17:52:24,429 - INFO - CONNECTED TO MIGRATION REPOSITORY: <repositories.migrator_db.MigrationRepository object at 0xffffbbaba0d0> 
2021-08-25 17:52:24,667 - INFO - CONNECTED TO GLOBOMAIL REPOSITORY: <repositories.globomail.GlobomailRepository object at 0xffffbbaba4c0> 
2021-08-25 17:52:24,839 - INFO - CONNECTED TO ROUNDCUBE REPOSITORY: <repositories.roundcube.RoundcubeRepository object at 0xffffbbabacd0> 
2021-08-25 17:52:24,841 - INFO - -----ENDING SETUP INTEGRATOR_LWMAIL----
2021-08-25 17:52:24,842 - INFO - starting integration process for new email migrations
2021-08-25 17:52:25,467 - INFO - CLOSED MIGRATION REPOSITORY CONNECTION
2021-08-25 17:52:25,469 - INFO - CLOSED GLOBOMAIL REPOSITORY CONNECTION
2021-08-25 17:52:25,470 - INFO - CLOSED ROUNDCUBE REPOSITORY CONNECTION
2021-08-25 17:53:25,723 - INFO - -----SETUP INTEGRATOR_LWMAIL----
2021-08-25 17:53:25,725 - INFO - CONNECTED TO MIGRATION REPOSITORY: <repositories.migrator_db.MigrationRepository object at 0xffffbbaba130> 
2021-08-25 17:53:25,979 - INFO - CONNECTED TO GLOBOMAIL REPOSITORY: <repositories.globomail.GlobomailRepository object at 0xffffbbaba610> 
2021-08-25 17:53:26,189 - INFO - CONNECTED TO ROUNDCUBE REPOSITORY: <repositories.roundcube.RoundcubeRepository object at 0xffffbbaba1f0> 
2021-08-25 17:53:26,194 - INFO - -----ENDING SETUP INTEGRATOR_LWMAIL----
2021-08-25 17:53:26,198 - INFO - starting integration process for new email migrations
2021-08-25 17:53:26,907 - INFO - CLOSED MIGRATION REPOSITORY CONNECTION
2021-08-25 17:53:26,911 - INFO - CLOSED GLOBOMAIL REPOSITORY CONNECTION
2021-08-25 17:53:26,914 - INFO - CLOSED ROUNDCUBE REPOSITORY CONNECTION
2021-08-25 17:54:27,182 - INFO - -----SETUP INTEGRATOR_LWMAIL----
2021-08-25 17:54:27,187 - INFO - CONNECTED TO MIGRATION REPOSITORY: <repositories.migrator_db.MigrationRepository object at 0xffffbbaba7f0> 
2021-08-25 17:54:27,359 - INFO - CONNECTED TO GLOBOMAIL REPOSITORY: <repositories.globomail.GlobomailRepository object at 0xffffbbaba610> 
2021-08-25 17:54:27,538 - INFO - CONNECTED TO ROUNDCUBE REPOSITORY: <repositories.roundcube.RoundcubeRepository object at 0xffffbbab5a90> 
2021-08-25 17:54:27,540 - INFO - -----ENDING SETUP INTEGRATOR_LWMAIL----
2021-08-25 17:54:27,540 - INFO - starting integration process for new email migrations
2021-08-25 17:54:28,214 - INFO - CLOSED MIGRATION REPOSITORY CONNECTION
2021-08-25 17:54:28,218 - INFO - CLOSED GLOBOMAIL REPOSITORY CONNECTION
2021-08-25 17:54:28,221 - INFO - CLOSED ROUNDCUBE REPOSITORY CONNECTION
2021-08-25 17:55:28,487 - INFO - -----SETUP INTEGRATOR_LWMAIL----
2021-08-25 17:55:28,489 - INFO - CONNECTED TO MIGRATION REPOSITORY: <repositories.migrator_db.MigrationRepository object at 0xffffbc30ebb0> 
2021-08-25 17:55:28,667 - INFO - CONNECTED TO GLOBOMAIL REPOSITORY: <repositories.globomail.GlobomailRepository object at 0xffffbbab5be0> 
2021-08-25 17:55:28,832 - INFO - CONNECTED TO ROUNDCUBE REPOSITORY: <repositories.roundcube.RoundcubeRepository object at 0xffffbbab5ca0> 
2021-08-25 17:55:28,833 - INFO - -----ENDING SETUP INTEGRATOR_LWMAIL----
2021-08-25 17:55:28,834 - INFO - starting integration process for new email migrations
2021-08-25 17:55:29,435 - INFO - CLOSED MIGRATION REPOSITORY CONNECTION
2021-08-25 17:55:29,437 - INFO - CLOSED GLOBOMAIL REPOSITORY CONNECTION
2021-08-25 17:55:29,439 - INFO - CLOSED ROUNDCUBE REPOSITORY CONNECTION
2021-08-25 17:56:29,705 - INFO - -----SETUP INTEGRATOR_LWMAIL----
2021-08-25 17:56:29,708 - INFO - CONNECTED TO MIGRATION REPOSITORY: <repositories.migrator_db.MigrationRepository object at 0xffffbc2bc700> 
2021-08-25 17:56:29,969 - INFO - CONNECTED TO GLOBOMAIL REPOSITORY: <repositories.globomail.GlobomailRepository object at 0xffffbbab5a60> 
2021-08-25 17:56:30,181 - INFO - CONNECTED TO ROUNDCUBE REPOSITORY: <repositories.roundcube.RoundcubeRepository object at 0xffffbbb179d0> 
2021-08-25 17:56:30,188 - INFO - -----ENDING SETUP INTEGRATOR_LWMAIL----
2021-08-25 17:56:30,190 - INFO - starting integration process for new email migrations
2021-08-25 17:56:30,794 - INFO - CLOSED MIGRATION REPOSITORY CONNECTION
2021-08-25 17:56:30,795 - INFO - CLOSED GLOBOMAIL REPOSITORY CONNECTION
2021-08-25 17:56:30,797 - INFO - CLOSED ROUNDCUBE REPOSITORY CONNECTION
2021-08-25 17:57:31,052 - INFO - -----SETUP INTEGRATOR_LWMAIL----
2021-08-25 17:57:31,057 - INFO - CONNECTED TO MIGRATION REPOSITORY: <repositories.migrator_db.MigrationRepository object at 0xffffbbb347c0> 
2021-08-25 17:57:31,259 - INFO - CONNECTED TO GLOBOMAIL REPOSITORY: <repositories.globomail.GlobomailRepository object at 0xffffbbab5a00> 
2021-08-25 17:57:31,432 - INFO - CONNECTED TO ROUNDCUBE REPOSITORY: <repositories.roundcube.RoundcubeRepository object at 0xffffbbab59d0> 
2021-08-25 17:57:31,434 - INFO - -----ENDING SETUP INTEGRATOR_LWMAIL----
2021-08-25 17:57:31,437 - INFO - starting integration process for new email migrations
2021-08-25 17:57:32,029 - INFO - CLOSED MIGRATION REPOSITORY CONNECTION
2021-08-25 17:57:32,032 - INFO - CLOSED GLOBOMAIL REPOSITORY CONNECTION
2021-08-25 17:57:32,034 - INFO - CLOSED ROUNDCUBE REPOSITORY CONNECTION
2021-08-25 17:58:32,329 - INFO - -----SETUP INTEGRATOR_LWMAIL----
2021-08-25 17:58:32,334 - INFO - CONNECTED TO MIGRATION REPOSITORY: <repositories.migrator_db.MigrationRepository object at 0xffffbbb34160> 
2021-08-25 17:58:32,572 - INFO - CONNECTED TO GLOBOMAIL REPOSITORY: <repositories.globomail.GlobomailRepository object at 0xffffbbab5520> 
2021-08-25 17:58:32,855 - INFO - CONNECTED TO ROUNDCUBE REPOSITORY: <repositories.roundcube.RoundcubeRepository object at 0xffffbbab55e0> 
2021-08-25 17:58:32,861 - INFO - -----ENDING SETUP INTEGRATOR_LWMAIL----
2021-08-25 17:58:32,863 - INFO - starting integration process for new email migrations
2021-08-25 17:58:33,493 - INFO - CLOSED MIGRATION REPOSITORY CONNECTION
2021-08-25 17:58:33,497 - INFO - CLOSED GLOBOMAIL REPOSITORY CONNECTION
2021-08-25 17:58:33,501 - INFO - CLOSED ROUNDCUBE REPOSITORY CONNECTION
2021-08-25 17:59:33,692 - INFO - -----SETUP INTEGRATOR_LWMAIL----
2021-08-25 17:59:33,706 - INFO - CONNECTED TO MIGRATION REPOSITORY: <repositories.migrator_db.MigrationRepository object at 0xffffbda307c0> 
2021-08-25 17:59:33,974 - INFO - CONNECTED TO GLOBOMAIL REPOSITORY: <repositories.globomail.GlobomailRepository object at 0xffffbbaa68e0> 
2021-08-25 17:59:34,124 - INFO - CONNECTED TO ROUNDCUBE REPOSITORY: <repositories.roundcube.RoundcubeRepository object at 0xffffbbaa69a0> 
2021-08-25 17:59:34,126 - INFO - -----ENDING SETUP INTEGRATOR_LWMAIL----
2021-08-25 17:59:34,127 - INFO - starting integration process for new email migrations
2021-08-25 17:59:34,678 - INFO - CLOSED MIGRATION REPOSITORY CONNECTION
2021-08-25 17:59:34,681 - INFO - CLOSED GLOBOMAIL REPOSITORY CONNECTION
2021-08-25 17:59:34,683 - INFO - CLOSED ROUNDCUBE REPOSITORY CONNECTION
2021-08-25 18:00:34,911 - INFO - -----SETUP INTEGRATOR_LWMAIL----
2021-08-25 18:00:34,917 - INFO - CONNECTED TO MIGRATION REPOSITORY: <repositories.migrator_db.MigrationRepository object at 0xffffbbb349a0> 
2021-08-25 18:00:35,101 - INFO - CONNECTED TO GLOBOMAIL REPOSITORY: <repositories.globomail.GlobomailRepository object at 0xffffbbaa6df0> 
2021-08-25 18:00:35,278 - INFO - CONNECTED TO ROUNDCUBE REPOSITORY: <repositories.roundcube.RoundcubeRepository object at 0xffffbbaa6580> 
2021-08-25 18:00:35,280 - INFO - -----ENDING SETUP INTEGRATOR_LWMAIL----
2021-08-25 18:00:35,283 - INFO - starting integration process for new email migrations
2021-08-25 18:00:35,843 - INFO - CLOSED MIGRATION REPOSITORY CONNECTION
2021-08-25 18:00:35,847 - INFO - CLOSED GLOBOMAIL REPOSITORY CONNECTION
2021-08-25 18:00:35,851 - INFO - CLOSED ROUNDCUBE REPOSITORY CONNECTION
2021-08-25 18:01:36,115 - INFO - -----SETUP INTEGRATOR_LWMAIL----
2021-08-25 18:01:36,128 - INFO - CONNECTED TO MIGRATION REPOSITORY: <repositories.migrator_db.MigrationRepository object at 0xffffbbb347f0> 
2021-08-25 18:01:36,385 - INFO - CONNECTED TO GLOBOMAIL REPOSITORY: <repositories.globomail.GlobomailRepository object at 0xffffbbaa6370> 
2021-08-25 18:01:36,543 - INFO - CONNECTED TO ROUNDCUBE REPOSITORY: <repositories.roundcube.RoundcubeRepository object at 0xffffbbab5460> 
2021-08-25 18:01:36,547 - INFO - -----ENDING SETUP INTEGRATOR_LWMAIL----
2021-08-25 18:01:36,549 - INFO - starting integration process for new email migrations
2021-08-25 18:01:37,442 - INFO - CLOSED MIGRATION REPOSITORY CONNECTION
2021-08-25 18:01:37,447 - INFO - CLOSED GLOBOMAIL REPOSITORY CONNECTION
2021-08-25 18:01:37,451 - INFO - CLOSED ROUNDCUBE REPOSITORY CONNECTION
2021-08-25 18:02:37,732 - INFO - -----SETUP INTEGRATOR_LWMAIL----
2021-08-25 18:02:37,741 - INFO - CONNECTED TO MIGRATION REPOSITORY: <repositories.migrator_db.MigrationRepository object at 0xffffbbb347c0> 
2021-08-25 18:02:37,918 - INFO - CONNECTED TO GLOBOMAIL REPOSITORY: <repositories.globomail.GlobomailRepository object at 0xffffbc30ea60> 
2021-08-25 18:02:38,070 - INFO - CONNECTED TO ROUNDCUBE REPOSITORY: <repositories.roundcube.RoundcubeRepository object at 0xffffbbabac40> 
2021-08-25 18:02:38,073 - INFO - -----ENDING SETUP INTEGRATOR_LWMAIL----
2021-08-25 18:02:38,075 - INFO - starting integration process for new email migrations
2021-08-25 18:02:38,615 - INFO - CLOSED MIGRATION REPOSITORY CONNECTION
2021-08-25 18:02:38,618 - INFO - CLOSED GLOBOMAIL REPOSITORY CONNECTION
2021-08-25 18:02:38,621 - INFO - CLOSED ROUNDCUBE REPOSITORY CONNECTION
2021-08-25 18:03:38,899 - INFO - -----SETUP INTEGRATOR_LWMAIL----
2021-08-25 18:03:38,906 - INFO - CONNECTED TO MIGRATION REPOSITORY: <repositories.migrator_db.MigrationRepository object at 0xffffbbb34160> 
2021-08-25 18:03:39,162 - INFO - CONNECTED TO GLOBOMAIL REPOSITORY: <repositories.globomail.GlobomailRepository object at 0xffffbc30ee20> 
2021-08-25 18:03:39,320 - INFO - CONNECTED TO ROUNDCUBE REPOSITORY: <repositories.roundcube.RoundcubeRepository object at 0xffffbbabaeb0> 
2021-08-25 18:03:39,324 - INFO - -----ENDING SETUP INTEGRATOR_LWMAIL----
2021-08-25 18:03:39,326 - INFO - starting integration process for new email migrations
2021-08-25 18:03:39,888 - INFO - CLOSED MIGRATION REPOSITORY CONNECTION
2021-08-25 18:03:39,893 - INFO - CLOSED GLOBOMAIL REPOSITORY CONNECTION
2021-08-25 18:03:39,896 - INFO - CLOSED ROUNDCUBE REPOSITORY CONNECTION
2021-08-25 18:04:40,183 - INFO - -----SETUP INTEGRATOR_LWMAIL----
2021-08-25 18:04:40,189 - INFO - CONNECTED TO MIGRATION REPOSITORY: <repositories.migrator_db.MigrationRepository object at 0xffffbbb34760> 
2021-08-25 18:04:40,350 - INFO - CONNECTED TO GLOBOMAIL REPOSITORY: <repositories.globomail.GlobomailRepository object at 0xffffbbab5e20> 
2021-08-25 18:04:40,509 - INFO - CONNECTED TO ROUNDCUBE REPOSITORY: <repositories.roundcube.RoundcubeRepository object at 0xffffbbb17ac0> 
2021-08-25 18:04:40,514 - INFO - -----ENDING SETUP INTEGRATOR_LWMAIL----
2021-08-25 18:04:40,516 - INFO - starting integration process for new email migrations
2021-08-25 18:04:41,085 - INFO - CLOSED MIGRATION REPOSITORY CONNECTION
2021-08-25 18:04:41,090 - INFO - CLOSED GLOBOMAIL REPOSITORY CONNECTION
2021-08-25 18:04:41,094 - INFO - CLOSED ROUNDCUBE REPOSITORY CONNECTION
2021-08-25 18:05:41,381 - INFO - -----SETUP INTEGRATOR_LWMAIL----
2021-08-25 18:05:41,391 - INFO - CONNECTED TO MIGRATION REPOSITORY: <repositories.migrator_db.MigrationRepository object at 0xffffbbb349a0> 
2021-08-25 18:05:41,676 - INFO - CONNECTED TO GLOBOMAIL REPOSITORY: <repositories.globomail.GlobomailRepository object at 0xffffbbb17a30> 
2021-08-25 18:05:41,832 - INFO - CONNECTED TO ROUNDCUBE REPOSITORY: <repositories.roundcube.RoundcubeRepository object at 0xffffbbaa6a30> 
2021-08-25 18:05:41,835 - INFO - -----ENDING SETUP INTEGRATOR_LWMAIL----
2021-08-25 18:05:41,836 - INFO - starting integration process for new email migrations
2021-08-25 18:05:42,396 - INFO - CLOSED MIGRATION REPOSITORY CONNECTION
2021-08-25 18:05:42,398 - INFO - CLOSED GLOBOMAIL REPOSITORY CONNECTION
2021-08-25 18:05:42,401 - INFO - CLOSED ROUNDCUBE REPOSITORY CONNECTION
2021-08-25 18:06:42,699 - INFO - -----SETUP INTEGRATOR_LWMAIL----
2021-08-25 18:06:42,705 - INFO - CONNECTED TO MIGRATION REPOSITORY: <repositories.migrator_db.MigrationRepository object at 0xffffbbb349a0> 
2021-08-25 18:06:42,862 - INFO - CONNECTED TO GLOBOMAIL REPOSITORY: <repositories.globomail.GlobomailRepository object at 0xffffbbaa6100> 
2021-08-25 18:06:43,014 - INFO - CONNECTED TO ROUNDCUBE REPOSITORY: <repositories.roundcube.RoundcubeRepository object at 0xffffbbaa6280> 
2021-08-25 18:06:43,017 - INFO - -----ENDING SETUP INTEGRATOR_LWMAIL----
2021-08-25 18:06:43,019 - INFO - starting integration process for new email migrations
2021-08-25 18:06:43,594 - INFO - CLOSED MIGRATION REPOSITORY CONNECTION
2021-08-25 18:06:43,599 - INFO - CLOSED GLOBOMAIL REPOSITORY CONNECTION
2021-08-25 18:06:43,605 - INFO - CLOSED ROUNDCUBE REPOSITORY CONNECTION
2021-08-25 18:07:43,865 - INFO - -----SETUP INTEGRATOR_LWMAIL----
2021-08-25 18:07:43,875 - INFO - CONNECTED TO MIGRATION REPOSITORY: <repositories.migrator_db.MigrationRepository object at 0xffffbbaa6d00> 
2021-08-25 18:07:45,226 - INFO - CONNECTED TO GLOBOMAIL REPOSITORY: <repositories.globomail.GlobomailRepository object at 0xffffbbaa6220> 
2021-08-25 18:08:52,738 - INFO - CONNECTED TO ROUNDCUBE REPOSITORY: <repositories.roundcube.RoundcubeRepository object at 0xffffbbab5f70> 
2021-08-25 18:08:52,745 - INFO - -----ENDING SETUP INTEGRATOR_LWMAIL----
2021-08-25 18:08:52,748 - INFO - starting integration process for new email migrations
2021-08-25 18:08:53,335 - INFO - CLOSED MIGRATION REPOSITORY CONNECTION
2021-08-25 18:08:53,338 - INFO - CLOSED GLOBOMAIL REPOSITORY CONNECTION
2021-08-25 18:08:53,342 - INFO - CLOSED ROUNDCUBE REPOSITORY CONNECTION
2021-08-25 18:09:53,618 - INFO - -----SETUP INTEGRATOR_LWMAIL----
2021-08-25 18:09:53,626 - INFO - CONNECTED TO MIGRATION REPOSITORY: <repositories.migrator_db.MigrationRepository object at 0xffffbbb347f0> 
2021-08-25 18:09:53,796 - INFO - CONNECTED TO GLOBOMAIL REPOSITORY: <repositories.globomail.GlobomailRepository object at 0xffffbbab5a60> 
2021-08-25 18:09:54,005 - INFO - CONNECTED TO ROUNDCUBE REPOSITORY: <repositories.roundcube.RoundcubeRepository object at 0xffffbbaba8b0> 
2021-08-25 18:09:54,011 - INFO - -----ENDING SETUP INTEGRATOR_LWMAIL----
2021-08-25 18:09:54,014 - INFO - starting integration process for new email migrations
2021-08-25 18:09:54,582 - INFO - CLOSED MIGRATION REPOSITORY CONNECTION
2021-08-25 18:09:54,587 - INFO - CLOSED GLOBOMAIL REPOSITORY CONNECTION
2021-08-25 18:09:54,591 - INFO - CLOSED ROUNDCUBE REPOSITORY CONNECTION
2021-08-25 18:10:54,857 - INFO - -----SETUP INTEGRATOR_LWMAIL----
2021-08-25 18:10:54,865 - INFO - CONNECTED TO MIGRATION REPOSITORY: <repositories.migrator_db.MigrationRepository object at 0xffffbbb34760> 
2021-08-25 18:12:02,377 - INFO - CONNECTED TO GLOBOMAIL REPOSITORY: <repositories.globomail.GlobomailRepository object at 0xffffbbabaee0> 
2021-08-25 18:13:09,951 - INFO - CONNECTED TO ROUNDCUBE REPOSITORY: <repositories.roundcube.RoundcubeRepository object at 0xffffbbabaa00> 
2021-08-25 18:13:09,959 - INFO - -----ENDING SETUP INTEGRATOR_LWMAIL----
2021-08-25 18:13:09,961 - INFO - starting integration process for new email migrations
2021-08-25 18:13:10,546 - INFO - CLOSED MIGRATION REPOSITORY CONNECTION
2021-08-25 18:13:10,551 - INFO - CLOSED GLOBOMAIL REPOSITORY CONNECTION
2021-08-25 18:13:10,556 - INFO - CLOSED ROUNDCUBE REPOSITORY CONNECTION
2021-08-25 18:14:10,841 - INFO - -----SETUP INTEGRATOR_LWMAIL----
2021-08-25 18:14:10,847 - INFO - CONNECTED TO MIGRATION REPOSITORY: <repositories.migrator_db.MigrationRepository object at 0xffffbbb347c0> 
2021-08-25 18:14:11,028 - INFO - CONNECTED TO GLOBOMAIL REPOSITORY: <repositories.globomail.GlobomailRepository object at 0xffffbbb17f70> 
2021-08-25 18:15:18,504 - INFO - CONNECTED TO ROUNDCUBE REPOSITORY: <repositories.roundcube.RoundcubeRepository object at 0xffffbbb171c0> 
2021-08-25 18:15:18,511 - INFO - -----ENDING SETUP INTEGRATOR_LWMAIL----
2021-08-25 18:15:18,514 - INFO - starting integration process for new email migrations
2021-08-25 18:15:19,078 - INFO - CLOSED MIGRATION REPOSITORY CONNECTION
2021-08-25 18:15:19,083 - INFO - CLOSED GLOBOMAIL REPOSITORY CONNECTION
2021-08-25 18:15:19,087 - INFO - CLOSED ROUNDCUBE REPOSITORY CONNECTION
2021-08-25 18:16:19,352 - INFO - -----SETUP INTEGRATOR_LWMAIL----
2021-08-25 18:16:19,359 - INFO - CONNECTED TO MIGRATION REPOSITORY: <repositories.migrator_db.MigrationRepository object at 0xffffbbb17940> 
2021-08-25 18:16:19,534 - INFO - CONNECTED TO GLOBOMAIL REPOSITORY: <repositories.globomail.GlobomailRepository object at 0xffffbbb179a0> 
2021-08-25 18:16:19,701 - INFO - CONNECTED TO ROUNDCUBE REPOSITORY: <repositories.roundcube.RoundcubeRepository object at 0xffffbc30ea60> 
2021-08-25 18:16:19,707 - INFO - -----ENDING SETUP INTEGRATOR_LWMAIL----
2021-08-25 18:16:19,710 - INFO - starting integration process for new email migrations
2021-08-25 18:16:20,265 - INFO - CLOSED MIGRATION REPOSITORY CONNECTION
2021-08-25 18:16:20,270 - INFO - CLOSED GLOBOMAIL REPOSITORY CONNECTION
2021-08-25 18:16:20,274 - INFO - CLOSED ROUNDCUBE REPOSITORY CONNECTION
2021-08-25 18:17:20,566 - INFO - -----SETUP INTEGRATOR_LWMAIL----
2021-08-25 18:17:20,572 - INFO - CONNECTED TO MIGRATION REPOSITORY: <repositories.migrator_db.MigrationRepository object at 0xffffbbb34760> 
2021-08-25 18:17:20,850 - INFO - CONNECTED TO GLOBOMAIL REPOSITORY: <repositories.globomail.GlobomailRepository object at 0xffffbc30eee0> 
2021-08-25 18:17:21,033 - INFO - CONNECTED TO ROUNDCUBE REPOSITORY: <repositories.roundcube.RoundcubeRepository object at 0xffffbbb17160> 
2021-08-25 18:17:21,039 - INFO - -----ENDING SETUP INTEGRATOR_LWMAIL----
2021-08-25 18:17:21,042 - INFO - starting integration process for new email migrations
2021-08-25 18:17:21,672 - INFO - CLOSED MIGRATION REPOSITORY CONNECTION
2021-08-25 18:17:21,675 - INFO - CLOSED GLOBOMAIL REPOSITORY CONNECTION
2021-08-25 18:17:21,678 - INFO - CLOSED ROUNDCUBE REPOSITORY CONNECTION
2021-08-25 18:18:21,895 - INFO - -----SETUP INTEGRATOR_LWMAIL----
2021-08-25 18:18:21,911 - INFO - CONNECTED TO MIGRATION REPOSITORY: <repositories.migrator_db.MigrationRepository object at 0xffffbbb347f0> 
2021-08-25 18:18:22,112 - INFO - CONNECTED TO GLOBOMAIL REPOSITORY: <repositories.globomail.GlobomailRepository object at 0xffffbbb17310> 
2021-08-25 18:18:22,321 - INFO - CONNECTED TO ROUNDCUBE REPOSITORY: <repositories.roundcube.RoundcubeRepository object at 0xffffbbaba880> 
2021-08-25 18:18:22,328 - INFO - -----ENDING SETUP INTEGRATOR_LWMAIL----
2021-08-25 18:18:22,331 - INFO - starting integration process for new email migrations
2021-08-25 18:18:22,978 - INFO - CLOSED MIGRATION REPOSITORY CONNECTION
2021-08-25 18:18:22,983 - INFO - CLOSED GLOBOMAIL REPOSITORY CONNECTION
2021-08-25 18:18:22,987 - INFO - CLOSED ROUNDCUBE REPOSITORY CONNECTION
2021-08-25 18:19:23,224 - INFO - -----SETUP INTEGRATOR_LWMAIL----
2021-08-25 18:19:23,227 - INFO - CONNECTED TO MIGRATION REPOSITORY: <repositories.migrator_db.MigrationRepository object at 0xffffbbb349a0> 
2021-08-25 18:20:30,802 - INFO - CONNECTED TO GLOBOMAIL REPOSITORY: <repositories.globomail.GlobomailRepository object at 0xffffbbae1460> 
2021-08-25 18:20:30,984 - INFO - CONNECTED TO ROUNDCUBE REPOSITORY: <repositories.roundcube.RoundcubeRepository object at 0xffffbbae1a60> 
2021-08-25 18:20:30,988 - INFO - -----ENDING SETUP INTEGRATOR_LWMAIL----
2021-08-25 18:20:30,991 - INFO - starting integration process for new email migrations
2021-08-25 18:20:31,627 - INFO - CLOSED MIGRATION REPOSITORY CONNECTION
2021-08-25 18:20:31,632 - INFO - CLOSED GLOBOMAIL REPOSITORY CONNECTION
2021-08-25 18:20:31,637 - INFO - CLOSED ROUNDCUBE REPOSITORY CONNECTION
2021-08-25 18:21:31,900 - INFO - -----SETUP INTEGRATOR_LWMAIL----
2021-08-25 18:21:31,907 - INFO - CONNECTED TO MIGRATION REPOSITORY: <repositories.migrator_db.MigrationRepository object at 0xffffbbae1af0> 
2021-08-25 18:22:39,666 - INFO - CONNECTED TO GLOBOMAIL REPOSITORY: <repositories.globomail.GlobomailRepository object at 0xffffbbae1a60> 
2021-08-25 18:23:47,330 - INFO - CONNECTED TO ROUNDCUBE REPOSITORY: <repositories.roundcube.RoundcubeRepository object at 0xffffbbab5c10> 
2021-08-25 18:23:47,339 - INFO - -----ENDING SETUP INTEGRATOR_LWMAIL----
2021-08-25 18:23:47,342 - INFO - starting integration process for new email migrations
2021-08-25 18:23:47,974 - INFO - CLOSED MIGRATION REPOSITORY CONNECTION
2021-08-25 18:23:47,981 - INFO - CLOSED GLOBOMAIL REPOSITORY CONNECTION
2021-08-25 18:23:47,986 - INFO - CLOSED ROUNDCUBE REPOSITORY CONNECTION
2021-08-25 18:24:48,250 - INFO - -----SETUP INTEGRATOR_LWMAIL----
2021-08-25 18:24:48,260 - INFO - CONNECTED TO MIGRATION REPOSITORY: <repositories.migrator_db.MigrationRepository object at 0xffffbbb10b20> 
2021-08-25 18:24:48,496 - INFO - CONNECTED TO GLOBOMAIL REPOSITORY: <repositories.globomail.GlobomailRepository object at 0xffffbbb102b0> 
2021-08-25 18:25:56,067 - INFO - CONNECTED TO ROUNDCUBE REPOSITORY: <repositories.roundcube.RoundcubeRepository object at 0xffffbbab5a30> 
2021-08-25 18:25:56,074 - INFO - -----ENDING SETUP INTEGRATOR_LWMAIL----
2021-08-25 18:25:56,077 - INFO - starting integration process for new email migrations
2021-08-25 18:25:56,711 - INFO - CLOSED MIGRATION REPOSITORY CONNECTION
2021-08-25 18:25:56,716 - INFO - CLOSED GLOBOMAIL REPOSITORY CONNECTION
2021-08-25 18:25:56,719 - INFO - CLOSED ROUNDCUBE REPOSITORY CONNECTION
2021-08-25 18:26:57,014 - INFO - -----SETUP INTEGRATOR_LWMAIL----
2021-08-25 18:26:57,022 - INFO - CONNECTED TO MIGRATION REPOSITORY: <repositories.migrator_db.MigrationRepository object at 0xffffbbae19a0> 
2021-08-25 18:26:57,216 - INFO - CONNECTED TO GLOBOMAIL REPOSITORY: <repositories.globomail.GlobomailRepository object at 0xffffbbae1b20> 
2021-08-25 18:28:04,841 - INFO - CONNECTED TO ROUNDCUBE REPOSITORY: <repositories.roundcube.RoundcubeRepository object at 0xffffbbb100a0> 
2021-08-25 18:28:04,849 - INFO - -----ENDING SETUP INTEGRATOR_LWMAIL----
2021-08-25 18:28:04,853 - INFO - starting integration process for new email migrations
2021-08-25 18:28:05,480 - INFO - CLOSED MIGRATION REPOSITORY CONNECTION
2021-08-25 18:28:05,487 - INFO - CLOSED GLOBOMAIL REPOSITORY CONNECTION
2021-08-25 18:28:05,493 - INFO - CLOSED ROUNDCUBE REPOSITORY CONNECTION
2021-08-25 18:29:05,759 - INFO - -----SETUP INTEGRATOR_LWMAIL----
2021-08-25 18:29:05,767 - INFO - CONNECTED TO MIGRATION REPOSITORY: <repositories.migrator_db.MigrationRepository object at 0xffffbbb49b50> 
2021-08-25 18:29:05,953 - INFO - CONNECTED TO GLOBOMAIL REPOSITORY: <repositories.globomail.GlobomailRepository object at 0xffffbbb49c40> 
2021-08-25 18:29:06,136 - INFO - CONNECTED TO ROUNDCUBE REPOSITORY: <repositories.roundcube.RoundcubeRepository object at 0xffffbc124610> 
2021-08-25 18:29:06,143 - INFO - -----ENDING SETUP INTEGRATOR_LWMAIL----
2021-08-25 18:29:06,146 - INFO - starting integration process for new email migrations
2021-08-25 18:29:07,068 - INFO - CLOSED MIGRATION REPOSITORY CONNECTION
2021-08-25 18:29:07,073 - INFO - CLOSED GLOBOMAIL REPOSITORY CONNECTION
2021-08-25 18:29:07,076 - INFO - CLOSED ROUNDCUBE REPOSITORY CONNECTION
2021-08-25 18:30:07,361 - INFO - -----SETUP INTEGRATOR_LWMAIL----
2021-08-25 18:30:07,366 - INFO - CONNECTED TO MIGRATION REPOSITORY: <repositories.migrator_db.MigrationRepository object at 0xffffbbb49f10> 
2021-08-25 18:31:14,872 - INFO - CONNECTED TO GLOBOMAIL REPOSITORY: <repositories.globomail.GlobomailRepository object at 0xffffbbaba7f0> 
2021-08-25 18:31:15,061 - INFO - CONNECTED TO ROUNDCUBE REPOSITORY: <repositories.roundcube.RoundcubeRepository object at 0xffffbbaba880> 
2021-08-25 18:31:15,067 - INFO - -----ENDING SETUP INTEGRATOR_LWMAIL----
2021-08-25 18:31:15,070 - INFO - starting integration process for new email migrations
2021-08-25 18:31:15,691 - INFO - CLOSED MIGRATION REPOSITORY CONNECTION
2021-08-25 18:31:15,696 - INFO - CLOSED GLOBOMAIL REPOSITORY CONNECTION
2021-08-25 18:31:15,700 - INFO - CLOSED ROUNDCUBE REPOSITORY CONNECTION
2021-08-25 18:32:15,937 - INFO - -----SETUP INTEGRATOR_LWMAIL----
2021-08-25 18:32:15,945 - INFO - CONNECTED TO MIGRATION REPOSITORY: <repositories.migrator_db.MigrationRepository object at 0xffffbbb347c0> 
2021-08-25 18:33:23,498 - INFO - CONNECTED TO GLOBOMAIL REPOSITORY: <repositories.globomail.GlobomailRepository object at 0xffffbc124040> 
2021-08-25 18:33:23,688 - INFO - CONNECTED TO ROUNDCUBE REPOSITORY: <repositories.roundcube.RoundcubeRepository object at 0xffffbbaba610> 
2021-08-25 18:33:23,693 - INFO - -----ENDING SETUP INTEGRATOR_LWMAIL----
2021-08-25 18:33:23,696 - INFO - starting integration process for new email migrations
2021-08-25 18:33:24,317 - INFO - CLOSED MIGRATION REPOSITORY CONNECTION
2021-08-25 18:33:24,322 - INFO - CLOSED GLOBOMAIL REPOSITORY CONNECTION
2021-08-25 18:33:24,325 - INFO - CLOSED ROUNDCUBE REPOSITORY CONNECTION
2021-08-25 18:34:24,569 - INFO - -----SETUP INTEGRATOR_LWMAIL----
2021-08-25 18:34:24,577 - INFO - CONNECTED TO MIGRATION REPOSITORY: <repositories.migrator_db.MigrationRepository object at 0xffffbbab5ac0> 
2021-08-25 18:34:24,836 - INFO - CONNECTED TO GLOBOMAIL REPOSITORY: <repositories.globomail.GlobomailRepository object at 0xffffbbab5eb0> 
2021-08-25 18:35:32,354 - INFO - CONNECTED TO ROUNDCUBE REPOSITORY: <repositories.roundcube.RoundcubeRepository object at 0xffffbbaa6880> 
2021-08-25 18:35:32,361 - INFO - -----ENDING SETUP INTEGRATOR_LWMAIL----
2021-08-25 18:35:32,364 - INFO - starting integration process for new email migrations
2021-08-25 18:35:32,984 - INFO - CLOSED MIGRATION REPOSITORY CONNECTION
2021-08-25 18:35:32,990 - INFO - CLOSED GLOBOMAIL REPOSITORY CONNECTION
2021-08-25 18:35:32,993 - INFO - CLOSED ROUNDCUBE REPOSITORY CONNECTION
2021-08-25 18:36:33,254 - INFO - -----SETUP INTEGRATOR_LWMAIL----
2021-08-25 18:36:33,264 - INFO - CONNECTED TO MIGRATION REPOSITORY: <repositories.migrator_db.MigrationRepository object at 0xffffbbae1070> 
2021-08-25 18:37:40,782 - INFO - CONNECTED TO GLOBOMAIL REPOSITORY: <repositories.globomail.GlobomailRepository object at 0xffffbbae1370> 
2021-08-25 18:38:48,371 - INFO - CONNECTED TO ROUNDCUBE REPOSITORY: <repositories.roundcube.RoundcubeRepository object at 0xffffbbae1160> 
2021-08-25 18:38:48,380 - INFO - -----ENDING SETUP INTEGRATOR_LWMAIL----
2021-08-25 18:38:48,383 - INFO - starting integration process for new email migrations
2021-08-25 18:38:49,229 - INFO - CLOSED MIGRATION REPOSITORY CONNECTION
2021-08-25 18:38:49,236 - INFO - CLOSED GLOBOMAIL REPOSITORY CONNECTION
2021-08-25 18:38:49,240 - INFO - CLOSED ROUNDCUBE REPOSITORY CONNECTION
2021-08-25 18:39:49,537 - INFO - -----SETUP INTEGRATOR_LWMAIL----
2021-08-25 18:39:49,547 - INFO - CONNECTED TO MIGRATION REPOSITORY: <repositories.migrator_db.MigrationRepository object at 0xffffbc30eb80> 
2021-08-25 18:39:49,806 - INFO - CONNECTED TO GLOBOMAIL REPOSITORY: <repositories.globomail.GlobomailRepository object at 0xffffbc30eaf0> 
2021-08-25 18:39:49,981 - INFO - CONNECTED TO ROUNDCUBE REPOSITORY: <repositories.roundcube.RoundcubeRepository object at 0xffffbbb49d90> 
2021-08-25 18:39:49,987 - INFO - -----ENDING SETUP INTEGRATOR_LWMAIL----
2021-08-25 18:39:49,990 - INFO - starting integration process for new email migrations
2021-08-25 18:39:50,565 - INFO - CLOSED MIGRATION REPOSITORY CONNECTION
2021-08-25 18:39:50,571 - INFO - CLOSED GLOBOMAIL REPOSITORY CONNECTION
2021-08-25 18:39:50,574 - INFO - CLOSED ROUNDCUBE REPOSITORY CONNECTION
2021-08-25 18:40:50,845 - INFO - -----SETUP INTEGRATOR_LWMAIL----
2021-08-25 18:40:50,854 - INFO - CONNECTED TO MIGRATION REPOSITORY: <repositories.migrator_db.MigrationRepository object at 0xffffbbb108b0> 
2021-08-25 18:41:58,422 - INFO - CONNECTED TO GLOBOMAIL REPOSITORY: <repositories.globomail.GlobomailRepository object at 0xffffbbb100d0> 
2021-08-25 18:41:58,619 - INFO - CONNECTED TO ROUNDCUBE REPOSITORY: <repositories.roundcube.RoundcubeRepository object at 0xffffbbb49eb0> 
2021-08-25 18:41:58,623 - INFO - -----ENDING SETUP INTEGRATOR_LWMAIL----
2021-08-25 18:41:58,625 - INFO - starting integration process for new email migrations
2021-08-25 18:41:59,199 - INFO - CLOSED MIGRATION REPOSITORY CONNECTION
2021-08-25 18:41:59,203 - INFO - CLOSED GLOBOMAIL REPOSITORY CONNECTION
2021-08-25 18:41:59,208 - INFO - CLOSED ROUNDCUBE REPOSITORY CONNECTION
2021-08-25 18:42:59,437 - INFO - -----SETUP INTEGRATOR_LWMAIL----
2021-08-25 18:42:59,444 - INFO - CONNECTED TO MIGRATION REPOSITORY: <repositories.migrator_db.MigrationRepository object at 0xffffbc124160> 
2021-08-25 18:44:07,055 - INFO - CONNECTED TO GLOBOMAIL REPOSITORY: <repositories.globomail.GlobomailRepository object at 0xffffbc124100> 
2021-08-25 18:44:07,275 - INFO - CONNECTED TO ROUNDCUBE REPOSITORY: <repositories.roundcube.RoundcubeRepository object at 0xffffbbb49ee0> 
2021-08-25 18:44:07,281 - INFO - -----ENDING SETUP INTEGRATOR_LWMAIL----
2021-08-25 18:44:07,284 - INFO - starting integration process for new email migrations
2021-08-25 18:44:07,881 - INFO - CLOSED MIGRATION REPOSITORY CONNECTION
2021-08-25 18:44:07,886 - INFO - CLOSED GLOBOMAIL REPOSITORY CONNECTION
2021-08-25 18:44:07,892 - INFO - CLOSED ROUNDCUBE REPOSITORY CONNECTION
2021-08-25 18:45:08,102 - INFO - -----SETUP INTEGRATOR_LWMAIL----
2021-08-25 18:45:08,112 - INFO - CONNECTED TO MIGRATION REPOSITORY: <repositories.migrator_db.MigrationRepository object at 0xffffbc10f8b0> 
2021-08-25 18:46:15,668 - INFO - CONNECTED TO GLOBOMAIL REPOSITORY: <repositories.globomail.GlobomailRepository object at 0xffffbc10feb0> 
2021-08-25 18:47:23,362 - INFO - CONNECTED TO ROUNDCUBE REPOSITORY: <repositories.roundcube.RoundcubeRepository object at 0xffffbbb010a0> 
2021-08-25 18:47:23,367 - INFO - -----ENDING SETUP INTEGRATOR_LWMAIL----
2021-08-25 18:47:23,369 - INFO - starting integration process for new email migrations
2021-08-25 18:47:23,943 - INFO - CLOSED MIGRATION REPOSITORY CONNECTION
2021-08-25 18:47:23,948 - INFO - CLOSED GLOBOMAIL REPOSITORY CONNECTION
2021-08-25 18:47:23,951 - INFO - CLOSED ROUNDCUBE REPOSITORY CONNECTION
2021-08-25 18:50:40,221 - INFO - -----SETUP INTEGRATOR_LWMAIL----
2021-08-25 18:50:40,230 - INFO - CONNECTED TO MIGRATION REPOSITORY: <repositories.migrator_db.MigrationRepository object at 0xffffbbb01370> 
2021-08-25 18:50:59,667 - INFO - CONNECTED TO GLOBOMAIL REPOSITORY: <repositories.globomail.GlobomailRepository object at 0xffffbbb010a0> 
2021-08-25 18:52:07,272 - INFO - CONNECTED TO ROUNDCUBE REPOSITORY: <repositories.roundcube.RoundcubeRepository object at 0xffffbbaa6d90> 
2021-08-25 18:52:07,279 - INFO - -----ENDING SETUP INTEGRATOR_LWMAIL----
2021-08-25 18:52:07,282 - INFO - starting integration process for new email migrations
2021-08-25 18:52:07,893 - INFO - CLOSED MIGRATION REPOSITORY CONNECTION
2021-08-25 18:52:07,899 - INFO - CLOSED GLOBOMAIL REPOSITORY CONNECTION
2021-08-25 18:52:07,903 - INFO - CLOSED ROUNDCUBE REPOSITORY CONNECTION
2021-08-25 18:53:08,181 - INFO - -----SETUP INTEGRATOR_LWMAIL----
2021-08-25 18:53:08,189 - INFO - CONNECTED TO MIGRATION REPOSITORY: <repositories.migrator_db.MigrationRepository object at 0xffffbc30eee0> 
2021-08-25 18:53:08,384 - INFO - CONNECTED TO GLOBOMAIL REPOSITORY: <repositories.globomail.GlobomailRepository object at 0xffffbc30eb50> 
2021-08-25 18:53:08,555 - INFO - CONNECTED TO ROUNDCUBE REPOSITORY: <repositories.roundcube.RoundcubeRepository object at 0xffffbc124040> 
2021-08-25 18:53:08,558 - INFO - -----ENDING SETUP INTEGRATOR_LWMAIL----
2021-08-25 18:53:08,560 - INFO - starting integration process for new email migrations
2021-08-25 18:53:09,158 - INFO - CLOSED MIGRATION REPOSITORY CONNECTION
2021-08-25 18:53:09,161 - INFO - CLOSED GLOBOMAIL REPOSITORY CONNECTION
2021-08-25 18:53:09,164 - INFO - CLOSED ROUNDCUBE REPOSITORY CONNECTION
2021-08-25 18:54:09,539 - INFO - -----SETUP INTEGRATOR_LWMAIL----
2021-08-25 18:54:09,548 - INFO - CONNECTED TO MIGRATION REPOSITORY: <repositories.migrator_db.MigrationRepository object at 0xffffbbb10d60> 
2021-08-25 18:55:17,112 - INFO - CONNECTED TO GLOBOMAIL REPOSITORY: <repositories.globomail.GlobomailRepository object at 0xffffbbb10e80> 
2021-08-25 18:56:24,826 - INFO - CONNECTED TO ROUNDCUBE REPOSITORY: <repositories.roundcube.RoundcubeRepository object at 0xffffbc124160> 
2021-08-25 18:56:24,833 - INFO - -----ENDING SETUP INTEGRATOR_LWMAIL----
2021-08-25 18:56:24,836 - INFO - starting integration process for new email migrations
2021-08-25 18:56:25,572 - INFO - CLOSED MIGRATION REPOSITORY CONNECTION
2021-08-25 18:56:25,579 - INFO - CLOSED GLOBOMAIL REPOSITORY CONNECTION
2021-08-25 18:56:25,582 - INFO - CLOSED ROUNDCUBE REPOSITORY CONNECTION
2021-08-25 18:57:25,874 - INFO - -----SETUP INTEGRATOR_LWMAIL----
2021-08-25 18:57:25,888 - INFO - CONNECTED TO MIGRATION REPOSITORY: <repositories.migrator_db.MigrationRepository object at 0xffffbbb49e80> 
2021-08-25 18:57:26,095 - INFO - CONNECTED TO GLOBOMAIL REPOSITORY: <repositories.globomail.GlobomailRepository object at 0xffffbc124160> 
2021-08-25 18:57:37,448 - INFO - CONNECTED TO ROUNDCUBE REPOSITORY: <repositories.roundcube.RoundcubeRepository object at 0xffffbbaba610> 
2021-08-25 18:57:37,454 - INFO - -----ENDING SETUP INTEGRATOR_LWMAIL----
2021-08-25 18:57:37,459 - INFO - starting integration process for new email migrations
2021-08-25 18:57:38,098 - INFO - CLOSED MIGRATION REPOSITORY CONNECTION
2021-08-25 18:57:38,105 - INFO - CLOSED GLOBOMAIL REPOSITORY CONNECTION
2021-08-25 18:57:38,109 - INFO - CLOSED ROUNDCUBE REPOSITORY CONNECTION
2021-08-25 18:58:38,385 - INFO - -----SETUP INTEGRATOR_LWMAIL----
2021-08-25 18:58:38,389 - INFO - CONNECTED TO MIGRATION REPOSITORY: <repositories.migrator_db.MigrationRepository object at 0xffffbbb17730> 
2021-08-25 18:58:38,568 - INFO - CONNECTED TO GLOBOMAIL REPOSITORY: <repositories.globomail.GlobomailRepository object at 0xffffbbb49c70> 
2021-08-25 18:58:38,758 - INFO - CONNECTED TO ROUNDCUBE REPOSITORY: <repositories.roundcube.RoundcubeRepository object at 0xffffbbabafa0> 
2021-08-25 18:58:38,766 - INFO - -----ENDING SETUP INTEGRATOR_LWMAIL----
2021-08-25 18:58:38,771 - INFO - starting integration process for new email migrations
2021-08-25 18:58:39,403 - INFO - CLOSED MIGRATION REPOSITORY CONNECTION
2021-08-25 18:58:39,407 - INFO - CLOSED GLOBOMAIL REPOSITORY CONNECTION
2021-08-25 18:58:39,414 - INFO - CLOSED ROUNDCUBE REPOSITORY CONNECTION
2021-08-25 18:59:39,695 - INFO - -----SETUP INTEGRATOR_LWMAIL----
2021-08-25 18:59:39,700 - INFO - CONNECTED TO MIGRATION REPOSITORY: <repositories.migrator_db.MigrationRepository object at 0xffffbbab5040> 
2021-08-25 18:59:39,876 - INFO - CONNECTED TO GLOBOMAIL REPOSITORY: <repositories.globomail.GlobomailRepository object at 0xffffbc30eb80> 
2021-08-25 18:59:40,053 - INFO - CONNECTED TO ROUNDCUBE REPOSITORY: <repositories.roundcube.RoundcubeRepository object at 0xffffbbaba160> 
2021-08-25 18:59:40,060 - INFO - -----ENDING SETUP INTEGRATOR_LWMAIL----
2021-08-25 18:59:40,062 - INFO - starting integration process for new email migrations
2021-08-25 18:59:40,727 - INFO - CLOSED MIGRATION REPOSITORY CONNECTION
2021-08-25 18:59:40,733 - INFO - CLOSED GLOBOMAIL REPOSITORY CONNECTION
2021-08-25 18:59:40,737 - INFO - CLOSED ROUNDCUBE REPOSITORY CONNECTION
2021-08-25 19:00:41,034 - INFO - -----SETUP INTEGRATOR_LWMAIL----
2021-08-25 19:00:41,042 - INFO - CONNECTED TO MIGRATION REPOSITORY: <repositories.migrator_db.MigrationRepository object at 0xffffbbab5520> 
2021-08-25 19:00:41,227 - INFO - CONNECTED TO GLOBOMAIL REPOSITORY: <repositories.globomail.GlobomailRepository object at 0xffffbbb01a30> 
2021-08-25 19:00:41,410 - INFO - CONNECTED TO ROUNDCUBE REPOSITORY: <repositories.roundcube.RoundcubeRepository object at 0xffffbbb17fd0> 
2021-08-25 19:00:41,414 - INFO - -----ENDING SETUP INTEGRATOR_LWMAIL----
2021-08-25 19:00:41,417 - INFO - starting integration process for new email migrations
2021-08-25 19:00:42,120 - INFO - CLOSED MIGRATION REPOSITORY CONNECTION
2021-08-25 19:00:42,125 - INFO - CLOSED GLOBOMAIL REPOSITORY CONNECTION
2021-08-25 19:00:42,130 - INFO - CLOSED ROUNDCUBE REPOSITORY CONNECTION
2021-08-25 19:01:42,426 - INFO - -----SETUP INTEGRATOR_LWMAIL----
2021-08-25 19:01:42,432 - INFO - CONNECTED TO MIGRATION REPOSITORY: <repositories.migrator_db.MigrationRepository object at 0xffffbbab5a00> 
2021-08-25 19:01:42,623 - INFO - CONNECTED TO GLOBOMAIL REPOSITORY: <repositories.globomail.GlobomailRepository object at 0xffffbbb01a30> 
2021-08-25 19:01:42,910 - INFO - CONNECTED TO ROUNDCUBE REPOSITORY: <repositories.roundcube.RoundcubeRepository object at 0xffffbbac62e0> 
2021-08-25 19:01:42,916 - INFO - -----ENDING SETUP INTEGRATOR_LWMAIL----
2021-08-25 19:01:42,919 - INFO - starting integration process for new email migrations
2021-08-25 19:01:43,675 - INFO - CLOSED MIGRATION REPOSITORY CONNECTION
2021-08-25 19:01:43,679 - INFO - CLOSED GLOBOMAIL REPOSITORY CONNECTION
2021-08-25 19:01:43,686 - INFO - CLOSED ROUNDCUBE REPOSITORY CONNECTION
2021-08-25 19:02:43,990 - INFO - -----SETUP INTEGRATOR_LWMAIL----
2021-08-25 19:02:43,993 - INFO - CONNECTED TO MIGRATION REPOSITORY: <repositories.migrator_db.MigrationRepository object at 0xffffbbab55b0> 
2021-08-25 19:02:44,174 - INFO - CONNECTED TO GLOBOMAIL REPOSITORY: <repositories.globomail.GlobomailRepository object at 0xffffbbb01340> 
2021-08-25 19:02:44,355 - INFO - CONNECTED TO ROUNDCUBE REPOSITORY: <repositories.roundcube.RoundcubeRepository object at 0xffffbbaa6880> 
2021-08-25 19:02:44,360 - INFO - -----ENDING SETUP INTEGRATOR_LWMAIL----
2021-08-25 19:02:44,363 - INFO - starting integration process for new email migrations
2021-08-25 19:02:45,036 - INFO - CLOSED MIGRATION REPOSITORY CONNECTION
2021-08-25 19:02:45,040 - INFO - CLOSED GLOBOMAIL REPOSITORY CONNECTION
2021-08-25 19:02:45,043 - INFO - CLOSED ROUNDCUBE REPOSITORY CONNECTION
2021-08-25 19:03:45,301 - INFO - -----SETUP INTEGRATOR_LWMAIL----
2021-08-25 19:03:45,304 - INFO - CONNECTED TO MIGRATION REPOSITORY: <repositories.migrator_db.MigrationRepository object at 0xffffbbab56a0> 
2021-08-25 19:03:45,502 - INFO - CONNECTED TO GLOBOMAIL REPOSITORY: <repositories.globomail.GlobomailRepository object at 0xffffbc124160> 
2021-08-25 19:03:45,673 - INFO - CONNECTED TO ROUNDCUBE REPOSITORY: <repositories.roundcube.RoundcubeRepository object at 0xffffbbaa6d00> 
2021-08-25 19:03:45,679 - INFO - -----ENDING SETUP INTEGRATOR_LWMAIL----
2021-08-25 19:03:45,681 - INFO - starting integration process for new email migrations
2021-08-25 19:03:46,334 - INFO - CLOSED MIGRATION REPOSITORY CONNECTION
2021-08-25 19:03:46,340 - INFO - CLOSED GLOBOMAIL REPOSITORY CONNECTION
2021-08-25 19:03:46,343 - INFO - CLOSED ROUNDCUBE REPOSITORY CONNECTION
2021-08-25 19:04:46,620 - INFO - -----SETUP INTEGRATOR_LWMAIL----
2021-08-25 19:04:46,624 - INFO - CONNECTED TO MIGRATION REPOSITORY: <repositories.migrator_db.MigrationRepository object at 0xffffbbab5040> 
2021-08-25 19:04:46,984 - INFO - CONNECTED TO GLOBOMAIL REPOSITORY: <repositories.globomail.GlobomailRepository object at 0xffffbbaa6d00> 
2021-08-25 19:04:47,229 - INFO - CONNECTED TO ROUNDCUBE REPOSITORY: <repositories.roundcube.RoundcubeRepository object at 0xffffbbaba250> 
2021-08-25 19:04:47,230 - INFO - -----ENDING SETUP INTEGRATOR_LWMAIL----
2021-08-25 19:04:47,231 - INFO - starting integration process for new email migrations
2021-08-25 19:04:49,137 - INFO - CLOSED MIGRATION REPOSITORY CONNECTION
2021-08-25 19:04:49,142 - INFO - CLOSED GLOBOMAIL REPOSITORY CONNECTION
2021-08-25 19:04:49,146 - INFO - CLOSED ROUNDCUBE REPOSITORY CONNECTION
2021-08-25 19:05:49,424 - INFO - -----SETUP INTEGRATOR_LWMAIL----
2021-08-25 19:05:49,437 - INFO - CONNECTED TO MIGRATION REPOSITORY: <repositories.migrator_db.MigrationRepository object at 0xffffbbab5520> 
