2021-08-25 17:11:29,235 - INFO - -----SETUP INTEGRATOR_LWMAIL----
2021-08-25 17:11:29,280 - INFO - CONNECTED TO MIGRATION REPOSITORY: <repositories.migrator_db.MigrationRepository object at 0xffff7f91faf0> 
2021-08-25 17:11:29,530 - INFO - CONNECTED TO GLOBOMAIL REPOSITORY: <repositories.globomail.GlobomailRepository object at 0xffff7f91fbb0> 
2021-08-25 17:11:29,692 - INFO - CONNECTED TO ROUNDCUBE REPOSITORY: <repositories.roundcube.RoundcubeRepository object at 0xffff7f7209a0> 
2021-08-25 17:11:29,716 - INFO - -----ENDING SETUP INTEGRATOR_LWMAIL----
2021-08-25 17:11:29,717 - INFO - starting integration process for new email migrations
2021-08-25 17:11:30,300 - INFO - CLOSED MIGRATION REPOSITORY CONNECTION
2021-08-25 17:11:30,307 - INFO - CLOSED GLOBOMAIL REPOSITORY CONNECTION
2021-08-25 17:11:30,310 - INFO - CLOSED ROUNDCUBE REPOSITORY CONNECTION
2021-08-25 17:12:30,618 - INFO - -----SETUP INTEGRATOR_LWMAIL----
2021-08-25 17:12:30,626 - INFO - CONNECTED TO MIGRATION REPOSITORY: <repositories.migrator_db.MigrationRepository object at 0xffff7f91f940> 
2021-08-25 17:12:30,807 - INFO - CONNECTED TO GLOBOMAIL REPOSITORY: <repositories.globomail.GlobomailRepository object at 0xffff7f720fd0> 
2021-08-25 17:12:31,001 - INFO - CONNECTED TO ROUNDCUBE REPOSITORY: <repositories.roundcube.RoundcubeRepository object at 0xffff7f720d90> 
2021-08-25 17:12:31,003 - INFO - -----ENDING SETUP INTEGRATOR_LWMAIL----
2021-08-25 17:12:31,004 - INFO - starting integration process for new email migrations
2021-08-25 17:12:31,585 - INFO - CLOSED MIGRATION REPOSITORY CONNECTION
2021-08-25 17:12:31,597 - INFO - CLOSED GLOBOMAIL REPOSITORY CONNECTION
2021-08-25 17:12:31,599 - INFO - CLOSED ROUNDCUBE REPOSITORY CONNECTION
2021-08-25 17:13:31,872 - INFO - -----SETUP INTEGRATOR_LWMAIL----
2021-08-25 17:13:31,904 - INFO - CONNECTED TO MIGRATION REPOSITORY: <repositories.migrator_db.MigrationRepository object at 0xffff7f91fa90> 
2021-08-25 17:13:32,273 - INFO - CONNECTED TO GLOBOMAIL REPOSITORY: <repositories.globomail.GlobomailRepository object at 0xffff7f735550> 
2021-08-25 17:13:32,436 - INFO - CONNECTED TO ROUNDCUBE REPOSITORY: <repositories.roundcube.RoundcubeRepository object at 0xffff7f735400> 
2021-08-25 17:13:32,440 - INFO - -----ENDING SETUP INTEGRATOR_LWMAIL----
2021-08-25 17:13:32,442 - INFO - starting integration process for new email migrations
2021-08-25 17:13:33,089 - INFO - CLOSED MIGRATION REPOSITORY CONNECTION
2021-08-25 17:13:33,091 - INFO - CLOSED GLOBOMAIL REPOSITORY CONNECTION
2021-08-25 17:13:33,092 - INFO - CLOSED ROUNDCUBE REPOSITORY CONNECTION
2021-08-25 17:14:33,329 - INFO - -----SETUP INTEGRATOR_LWMAIL----
2021-08-25 17:14:33,332 - INFO - CONNECTED TO MIGRATION REPOSITORY: <repositories.migrator_db.MigrationRepository object at 0xffff7f91fa60> 
2021-08-25 17:14:33,520 - INFO - CONNECTED TO GLOBOMAIL REPOSITORY: <repositories.globomail.GlobomailRepository object at 0xffff7f15adc0> 
2021-08-25 17:14:33,684 - INFO - CONNECTED TO ROUNDCUBE REPOSITORY: <repositories.roundcube.RoundcubeRepository object at 0xffff7f7350a0> 
2021-08-25 17:14:33,684 - INFO - -----ENDING SETUP INTEGRATOR_LWMAIL----
2021-08-25 17:14:33,685 - INFO - starting integration process for new email migrations
2021-08-25 17:14:34,314 - INFO - CLOSED MIGRATION REPOSITORY CONNECTION
2021-08-25 17:14:34,317 - INFO - CLOSED GLOBOMAIL REPOSITORY CONNECTION
2021-08-25 17:14:34,319 - INFO - CLOSED ROUNDCUBE REPOSITORY CONNECTION
2021-08-25 17:15:34,559 - INFO - -----SETUP INTEGRATOR_LWMAIL----
2021-08-25 17:15:34,577 - INFO - CONNECTED TO MIGRATION REPOSITORY: <repositories.migrator_db.MigrationRepository object at 0xffff7f734940> 
2021-08-25 17:15:35,016 - INFO - CONNECTED TO GLOBOMAIL REPOSITORY: <repositories.globomail.GlobomailRepository object at 0xffff7f7346d0> 
2021-08-25 17:15:35,251 - INFO - CONNECTED TO ROUNDCUBE REPOSITORY: <repositories.roundcube.RoundcubeRepository object at 0xffff7f734460> 
2021-08-25 17:15:35,264 - INFO - -----ENDING SETUP INTEGRATOR_LWMAIL----
2021-08-25 17:15:35,268 - INFO - starting integration process for new email migrations
2021-08-25 17:15:35,894 - INFO - CLOSED MIGRATION REPOSITORY CONNECTION
2021-08-25 17:15:35,897 - INFO - CLOSED GLOBOMAIL REPOSITORY CONNECTION
2021-08-25 17:15:35,901 - INFO - CLOSED ROUNDCUBE REPOSITORY CONNECTION
2021-08-25 17:16:36,128 - INFO - -----SETUP INTEGRATOR_LWMAIL----
2021-08-25 17:16:36,169 - INFO - CONNECTED TO MIGRATION REPOSITORY: <repositories.migrator_db.MigrationRepository object at 0xffff7f7348b0> 
2021-08-25 17:16:36,349 - INFO - CONNECTED TO GLOBOMAIL REPOSITORY: <repositories.globomail.GlobomailRepository object at 0xffff7f7344c0> 
2021-08-25 17:16:36,541 - INFO - CONNECTED TO ROUNDCUBE REPOSITORY: <repositories.roundcube.RoundcubeRepository object at 0xffff7f734d60> 
2021-08-25 17:16:36,545 - INFO - -----ENDING SETUP INTEGRATOR_LWMAIL----
2021-08-25 17:16:36,547 - INFO - starting integration process for new email migrations
2021-08-25 17:16:37,198 - INFO - CLOSED MIGRATION REPOSITORY CONNECTION
2021-08-25 17:16:37,200 - INFO - CLOSED GLOBOMAIL REPOSITORY CONNECTION
2021-08-25 17:16:37,202 - INFO - CLOSED ROUNDCUBE REPOSITORY CONNECTION
2021-08-25 17:17:37,453 - INFO - -----SETUP INTEGRATOR_LWMAIL----
2021-08-25 17:17:37,514 - INFO - CONNECTED TO MIGRATION REPOSITORY: <repositories.migrator_db.MigrationRepository object at 0xffff7f720dc0> 
2021-08-25 17:17:37,813 - INFO - CONNECTED TO GLOBOMAIL REPOSITORY: <repositories.globomail.GlobomailRepository object at 0xffff7f720eb0> 
2021-08-25 17:17:37,980 - INFO - CONNECTED TO ROUNDCUBE REPOSITORY: <repositories.roundcube.RoundcubeRepository object at 0xffff7f734820> 
2021-08-25 17:17:37,983 - INFO - -----ENDING SETUP INTEGRATOR_LWMAIL----
2021-08-25 17:17:37,984 - INFO - starting integration process for new email migrations
2021-08-25 17:17:38,638 - INFO - CLOSED MIGRATION REPOSITORY CONNECTION
2021-08-25 17:17:38,642 - INFO - CLOSED GLOBOMAIL REPOSITORY CONNECTION
2021-08-25 17:17:38,646 - INFO - CLOSED ROUNDCUBE REPOSITORY CONNECTION
2021-08-25 17:18:38,914 - INFO - -----SETUP INTEGRATOR_LWMAIL----
2021-08-25 17:18:38,971 - INFO - CONNECTED TO MIGRATION REPOSITORY: <repositories.migrator_db.MigrationRepository object at 0xffff7f91fa60> 
2021-08-25 17:18:39,186 - INFO - CONNECTED TO GLOBOMAIL REPOSITORY: <repositories.globomail.GlobomailRepository object at 0xffff7f7209a0> 
2021-08-25 17:18:39,351 - INFO - CONNECTED TO ROUNDCUBE REPOSITORY: <repositories.roundcube.RoundcubeRepository object at 0xffff7f0f2040> 
2021-08-25 17:18:39,360 - INFO - -----ENDING SETUP INTEGRATOR_LWMAIL----
2021-08-25 17:18:39,362 - INFO - starting integration process for new email migrations
2021-08-25 17:18:39,980 - INFO - CLOSED MIGRATION REPOSITORY CONNECTION
2021-08-25 17:18:39,985 - INFO - CLOSED GLOBOMAIL REPOSITORY CONNECTION
2021-08-25 17:18:39,988 - INFO - CLOSED ROUNDCUBE REPOSITORY CONNECTION
2021-08-25 17:19:40,249 - INFO - -----SETUP INTEGRATOR_LWMAIL----
2021-08-25 17:19:40,261 - INFO - CONNECTED TO MIGRATION REPOSITORY: <repositories.migrator_db.MigrationRepository object at 0xffff7f7351f0> 
2021-08-25 17:19:40,533 - INFO - CONNECTED TO GLOBOMAIL REPOSITORY: <repositories.globomail.GlobomailRepository object at 0xffff7f7353a0> 
2021-08-25 17:19:41,739 - INFO - CONNECTED TO ROUNDCUBE REPOSITORY: <repositories.roundcube.RoundcubeRepository object at 0xffff7f112be0> 
2021-08-25 17:19:41,744 - INFO - -----ENDING SETUP INTEGRATOR_LWMAIL----
2021-08-25 17:19:41,746 - INFO - starting integration process for new email migrations
2021-08-25 17:19:42,368 - INFO - CLOSED MIGRATION REPOSITORY CONNECTION
2021-08-25 17:19:42,370 - INFO - CLOSED GLOBOMAIL REPOSITORY CONNECTION
2021-08-25 17:19:42,371 - INFO - CLOSED ROUNDCUBE REPOSITORY CONNECTION
2021-08-25 17:20:42,603 - INFO - -----SETUP INTEGRATOR_LWMAIL----
2021-08-25 17:20:42,620 - INFO - CONNECTED TO MIGRATION REPOSITORY: <repositories.migrator_db.MigrationRepository object at 0xffff7f735280> 
2021-08-25 17:20:42,821 - INFO - CONNECTED TO GLOBOMAIL REPOSITORY: <repositories.globomail.GlobomailRepository object at 0xffff7f720a30> 
2021-08-25 17:20:42,983 - INFO - CONNECTED TO ROUNDCUBE REPOSITORY: <repositories.roundcube.RoundcubeRepository object at 0xffff7f112df0> 
2021-08-25 17:20:42,986 - INFO - -----ENDING SETUP INTEGRATOR_LWMAIL----
2021-08-25 17:20:42,989 - INFO - starting integration process for new email migrations
2021-08-25 17:20:43,588 - INFO - CLOSED MIGRATION REPOSITORY CONNECTION
2021-08-25 17:20:43,591 - INFO - CLOSED GLOBOMAIL REPOSITORY CONNECTION
2021-08-25 17:20:43,595 - INFO - CLOSED ROUNDCUBE REPOSITORY CONNECTION
2021-08-25 17:21:43,848 - INFO - -----SETUP INTEGRATOR_LWMAIL----
2021-08-25 17:21:43,868 - INFO - CONNECTED TO MIGRATION REPOSITORY: <repositories.migrator_db.MigrationRepository object at 0xffff7f8cd700> 
2021-08-25 17:21:44,428 - INFO - CONNECTED TO GLOBOMAIL REPOSITORY: <repositories.globomail.GlobomailRepository object at 0xffff7f112d30> 
2021-08-25 17:21:44,602 - INFO - CONNECTED TO ROUNDCUBE REPOSITORY: <repositories.roundcube.RoundcubeRepository object at 0xffff7f112f40> 
2021-08-25 17:21:44,606 - INFO - -----ENDING SETUP INTEGRATOR_LWMAIL----
2021-08-25 17:21:44,609 - INFO - starting integration process for new email migrations
2021-08-25 17:21:45,221 - INFO - CLOSED MIGRATION REPOSITORY CONNECTION
2021-08-25 17:21:45,226 - INFO - CLOSED GLOBOMAIL REPOSITORY CONNECTION
2021-08-25 17:21:45,231 - INFO - CLOSED ROUNDCUBE REPOSITORY CONNECTION
2021-08-25 17:22:45,508 - INFO - -----SETUP INTEGRATOR_LWMAIL----
2021-08-25 17:22:45,512 - INFO - CONNECTED TO MIGRATION REPOSITORY: <repositories.migrator_db.MigrationRepository object at 0xffff7f8cd6a0> 
2021-08-25 17:22:45,674 - INFO - CONNECTED TO GLOBOMAIL REPOSITORY: <repositories.globomail.GlobomailRepository object at 0xffff7f0f2f10> 
2021-08-25 17:22:45,848 - INFO - CONNECTED TO ROUNDCUBE REPOSITORY: <repositories.roundcube.RoundcubeRepository object at 0xffff7f0f28b0> 
2021-08-25 17:22:45,851 - INFO - -----ENDING SETUP INTEGRATOR_LWMAIL----
2021-08-25 17:22:45,853 - INFO - starting integration process for new email migrations
2021-08-25 17:22:46,524 - INFO - CLOSED MIGRATION REPOSITORY CONNECTION
2021-08-25 17:22:46,529 - INFO - CLOSED GLOBOMAIL REPOSITORY CONNECTION
2021-08-25 17:22:46,532 - INFO - CLOSED ROUNDCUBE REPOSITORY CONNECTION
2021-08-25 17:23:46,800 - INFO - -----SETUP INTEGRATOR_LWMAIL----
2021-08-25 17:23:46,817 - INFO - CONNECTED TO MIGRATION REPOSITORY: <repositories.migrator_db.MigrationRepository object at 0xffff7f734fa0> 
2021-08-25 17:23:47,000 - INFO - CONNECTED TO GLOBOMAIL REPOSITORY: <repositories.globomail.GlobomailRepository object at 0xffff7f734910> 
2021-08-25 17:23:47,166 - INFO - CONNECTED TO ROUNDCUBE REPOSITORY: <repositories.roundcube.RoundcubeRepository object at 0xffff7f734460> 
2021-08-25 17:23:47,169 - INFO - -----ENDING SETUP INTEGRATOR_LWMAIL----
2021-08-25 17:23:47,171 - INFO - starting integration process for new email migrations
2021-08-25 17:23:47,817 - INFO - CLOSED MIGRATION REPOSITORY CONNECTION
2021-08-25 17:23:47,820 - INFO - CLOSED GLOBOMAIL REPOSITORY CONNECTION
2021-08-25 17:23:47,823 - INFO - CLOSED ROUNDCUBE REPOSITORY CONNECTION
2021-08-25 17:24:48,097 - INFO - -----SETUP INTEGRATOR_LWMAIL----
2021-08-25 17:24:48,102 - INFO - CONNECTED TO MIGRATION REPOSITORY: <repositories.migrator_db.MigrationRepository object at 0xffff7f734940> 
2021-08-25 17:24:48,268 - INFO - CONNECTED TO GLOBOMAIL REPOSITORY: <repositories.globomail.GlobomailRepository object at 0xffff7f7348e0> 
2021-08-25 17:24:48,429 - INFO - CONNECTED TO ROUNDCUBE REPOSITORY: <repositories.roundcube.RoundcubeRepository object at 0xffff7f735520> 
2021-08-25 17:24:48,431 - INFO - -----ENDING SETUP INTEGRATOR_LWMAIL----
2021-08-25 17:24:48,432 - INFO - starting integration process for new email migrations
2021-08-25 17:24:49,065 - INFO - CLOSED MIGRATION REPOSITORY CONNECTION
2021-08-25 17:24:49,068 - INFO - CLOSED GLOBOMAIL REPOSITORY CONNECTION
2021-08-25 17:24:49,071 - INFO - CLOSED ROUNDCUBE REPOSITORY CONNECTION
2021-08-25 17:25:49,356 - INFO - -----SETUP INTEGRATOR_LWMAIL----
2021-08-25 17:25:49,363 - INFO - CONNECTED TO MIGRATION REPOSITORY: <repositories.migrator_db.MigrationRepository object at 0xffff7f735280> 
2021-08-25 17:25:49,591 - INFO - CONNECTED TO GLOBOMAIL REPOSITORY: <repositories.globomail.GlobomailRepository object at 0xffff7f735430> 
2021-08-25 17:25:49,756 - INFO - CONNECTED TO ROUNDCUBE REPOSITORY: <repositories.roundcube.RoundcubeRepository object at 0xffff7f1122b0> 
2021-08-25 17:25:49,759 - INFO - -----ENDING SETUP INTEGRATOR_LWMAIL----
2021-08-25 17:25:49,761 - INFO - starting integration process for new email migrations
2021-08-25 17:25:50,389 - INFO - CLOSED MIGRATION REPOSITORY CONNECTION
2021-08-25 17:25:50,391 - INFO - CLOSED GLOBOMAIL REPOSITORY CONNECTION
2021-08-25 17:25:50,393 - INFO - CLOSED ROUNDCUBE REPOSITORY CONNECTION
2021-08-25 17:26:50,645 - INFO - -----SETUP INTEGRATOR_LWMAIL----
2021-08-25 17:26:50,647 - INFO - CONNECTED TO MIGRATION REPOSITORY: <repositories.migrator_db.MigrationRepository object at 0xffff7f735520> 
2021-08-25 17:26:50,823 - INFO - CONNECTED TO GLOBOMAIL REPOSITORY: <repositories.globomail.GlobomailRepository object at 0xffff7f1122b0> 
2021-08-25 17:26:51,015 - INFO - CONNECTED TO ROUNDCUBE REPOSITORY: <repositories.roundcube.RoundcubeRepository object at 0xffff7f0f2fd0> 
2021-08-25 17:26:51,015 - INFO - -----ENDING SETUP INTEGRATOR_LWMAIL----
2021-08-25 17:26:51,016 - INFO - starting integration process for new email migrations
2021-08-25 17:26:51,680 - INFO - CLOSED MIGRATION REPOSITORY CONNECTION
2021-08-25 17:26:51,682 - INFO - CLOSED GLOBOMAIL REPOSITORY CONNECTION
2021-08-25 17:26:51,683 - INFO - CLOSED ROUNDCUBE REPOSITORY CONNECTION
2021-08-25 17:27:51,971 - INFO - -----SETUP INTEGRATOR_LWMAIL----
2021-08-25 17:27:51,987 - INFO - CONNECTED TO MIGRATION REPOSITORY: <repositories.migrator_db.MigrationRepository object at 0xffff7f0f2370> 
2021-08-25 17:27:52,229 - INFO - CONNECTED TO GLOBOMAIL REPOSITORY: <repositories.globomail.GlobomailRepository object at 0xffff7f0f2940> 
2021-08-25 17:27:52,426 - INFO - CONNECTED TO ROUNDCUBE REPOSITORY: <repositories.roundcube.RoundcubeRepository object at 0xffff7f0f2d90> 
2021-08-25 17:27:52,433 - INFO - -----ENDING SETUP INTEGRATOR_LWMAIL----
2021-08-25 17:27:52,435 - INFO - starting integration process for new email migrations
2021-08-25 17:27:53,084 - INFO - CLOSED MIGRATION REPOSITORY CONNECTION
2021-08-25 17:27:53,089 - INFO - CLOSED GLOBOMAIL REPOSITORY CONNECTION
2021-08-25 17:27:53,092 - INFO - CLOSED ROUNDCUBE REPOSITORY CONNECTION
2021-08-25 17:28:53,347 - INFO - -----SETUP INTEGRATOR_LWMAIL----
2021-08-25 17:28:53,351 - INFO - CONNECTED TO MIGRATION REPOSITORY: <repositories.migrator_db.MigrationRepository object at 0xffff7f735490> 
2021-08-25 17:28:53,530 - INFO - CONNECTED TO GLOBOMAIL REPOSITORY: <repositories.globomail.GlobomailRepository object at 0xffff7f7353d0> 
2021-08-25 17:28:53,691 - INFO - CONNECTED TO ROUNDCUBE REPOSITORY: <repositories.roundcube.RoundcubeRepository object at 0xffff7f0f2250> 
2021-08-25 17:28:53,692 - INFO - -----ENDING SETUP INTEGRATOR_LWMAIL----
2021-08-25 17:28:53,692 - INFO - starting integration process for new email migrations
2021-08-25 17:28:54,292 - INFO - CLOSED MIGRATION REPOSITORY CONNECTION
2021-08-25 17:28:54,298 - INFO - CLOSED GLOBOMAIL REPOSITORY CONNECTION
2021-08-25 17:28:54,304 - INFO - CLOSED ROUNDCUBE REPOSITORY CONNECTION
2021-08-25 17:29:54,593 - INFO - -----SETUP INTEGRATOR_LWMAIL----
2021-08-25 17:29:54,653 - INFO - CONNECTED TO MIGRATION REPOSITORY: <repositories.migrator_db.MigrationRepository object at 0xffff7f8cd700> 
2021-08-25 17:29:54,956 - INFO - CONNECTED TO GLOBOMAIL REPOSITORY: <repositories.globomail.GlobomailRepository object at 0xffff7f0f2b20> 
2021-08-25 17:29:55,156 - INFO - CONNECTED TO ROUNDCUBE REPOSITORY: <repositories.roundcube.RoundcubeRepository object at 0xffff7f1129a0> 
2021-08-25 17:29:55,166 - INFO - -----ENDING SETUP INTEGRATOR_LWMAIL----
2021-08-25 17:29:55,169 - INFO - starting integration process for new email migrations
2021-08-25 17:29:55,781 - INFO - CLOSED MIGRATION REPOSITORY CONNECTION
2021-08-25 17:29:55,790 - INFO - CLOSED GLOBOMAIL REPOSITORY CONNECTION
2021-08-25 17:29:55,794 - INFO - CLOSED ROUNDCUBE REPOSITORY CONNECTION
2021-08-25 17:30:56,068 - INFO - -----SETUP INTEGRATOR_LWMAIL----
2021-08-25 17:30:56,086 - INFO - CONNECTED TO MIGRATION REPOSITORY: <repositories.migrator_db.MigrationRepository object at 0xffff7f720eb0> 
2021-08-25 17:30:56,307 - INFO - CONNECTED TO GLOBOMAIL REPOSITORY: <repositories.globomail.GlobomailRepository object at 0xffff7f112ca0> 
2021-08-25 17:30:56,488 - INFO - CONNECTED TO ROUNDCUBE REPOSITORY: <repositories.roundcube.RoundcubeRepository object at 0xffff7f121b80> 
2021-08-25 17:30:56,499 - INFO - -----ENDING SETUP INTEGRATOR_LWMAIL----
2021-08-25 17:30:56,502 - INFO - starting integration process for new email migrations
2021-08-25 17:30:57,104 - INFO - CLOSED MIGRATION REPOSITORY CONNECTION
2021-08-25 17:30:57,109 - INFO - CLOSED GLOBOMAIL REPOSITORY CONNECTION
2021-08-25 17:30:57,113 - INFO - CLOSED ROUNDCUBE REPOSITORY CONNECTION
2021-08-25 17:31:57,394 - INFO - -----SETUP INTEGRATOR_LWMAIL----
2021-08-25 17:31:57,431 - INFO - CONNECTED TO MIGRATION REPOSITORY: <repositories.migrator_db.MigrationRepository object at 0xffff7f8cd6a0> 
2021-08-25 17:31:57,744 - INFO - CONNECTED TO GLOBOMAIL REPOSITORY: <repositories.globomail.GlobomailRepository object at 0xffff7f1286a0> 
2021-08-25 17:31:57,912 - INFO - CONNECTED TO ROUNDCUBE REPOSITORY: <repositories.roundcube.RoundcubeRepository object at 0xffff7f128130> 
2021-08-25 17:31:57,921 - INFO - -----ENDING SETUP INTEGRATOR_LWMAIL----
2021-08-25 17:31:57,925 - INFO - starting integration process for new email migrations
2021-08-25 17:31:58,575 - INFO - CLOSED MIGRATION REPOSITORY CONNECTION
2021-08-25 17:31:58,582 - INFO - CLOSED GLOBOMAIL REPOSITORY CONNECTION
2021-08-25 17:31:58,586 - INFO - CLOSED ROUNDCUBE REPOSITORY CONNECTION
2021-08-25 17:32:58,843 - INFO - -----SETUP INTEGRATOR_LWMAIL----
2021-08-25 17:32:58,856 - INFO - CONNECTED TO MIGRATION REPOSITORY: <repositories.migrator_db.MigrationRepository object at 0xffff7f1285b0> 
2021-08-25 17:32:59,036 - INFO - CONNECTED TO GLOBOMAIL REPOSITORY: <repositories.globomail.GlobomailRepository object at 0xffff7f1284f0> 
2021-08-25 17:32:59,237 - INFO - CONNECTED TO ROUNDCUBE REPOSITORY: <repositories.roundcube.RoundcubeRepository object at 0xffff7f91fa90> 
2021-08-25 17:32:59,239 - INFO - -----ENDING SETUP INTEGRATOR_LWMAIL----
2021-08-25 17:32:59,241 - INFO - starting integration process for new email migrations
2021-08-25 17:32:59,842 - INFO - CLOSED MIGRATION REPOSITORY CONNECTION
2021-08-25 17:32:59,844 - INFO - CLOSED GLOBOMAIL REPOSITORY CONNECTION
2021-08-25 17:32:59,847 - INFO - CLOSED ROUNDCUBE REPOSITORY CONNECTION
2021-08-25 17:34:00,133 - INFO - -----SETUP INTEGRATOR_LWMAIL----
2021-08-25 17:34:00,178 - INFO - CONNECTED TO MIGRATION REPOSITORY: <repositories.migrator_db.MigrationRepository object at 0xffff7f720eb0> 
2021-08-25 17:34:00,475 - INFO - CONNECTED TO GLOBOMAIL REPOSITORY: <repositories.globomail.GlobomailRepository object at 0xffff7f112a60> 
2021-08-25 17:34:00,676 - INFO - CONNECTED TO ROUNDCUBE REPOSITORY: <repositories.roundcube.RoundcubeRepository object at 0xffff7f112c40> 
2021-08-25 17:34:00,680 - INFO - -----ENDING SETUP INTEGRATOR_LWMAIL----
2021-08-25 17:34:00,681 - INFO - starting integration process for new email migrations
2021-08-25 17:34:01,304 - INFO - CLOSED MIGRATION REPOSITORY CONNECTION
2021-08-25 17:34:01,306 - INFO - CLOSED GLOBOMAIL REPOSITORY CONNECTION
2021-08-25 17:34:01,308 - INFO - CLOSED ROUNDCUBE REPOSITORY CONNECTION
2021-08-25 17:35:01,574 - INFO - -----SETUP INTEGRATOR_LWMAIL----
2021-08-25 17:35:01,584 - INFO - CONNECTED TO MIGRATION REPOSITORY: <repositories.migrator_db.MigrationRepository object at 0xffff7f8cd700> 
2021-08-25 17:35:02,078 - INFO - CONNECTED TO GLOBOMAIL REPOSITORY: <repositories.globomail.GlobomailRepository object at 0xffff7f121b50> 
2021-08-25 17:35:02,250 - INFO - CONNECTED TO ROUNDCUBE REPOSITORY: <repositories.roundcube.RoundcubeRepository object at 0xffff7f128760> 
2021-08-25 17:35:02,257 - INFO - -----ENDING SETUP INTEGRATOR_LWMAIL----
2021-08-25 17:35:02,260 - INFO - starting integration process for new email migrations
2021-08-25 17:35:02,873 - INFO - CLOSED MIGRATION REPOSITORY CONNECTION
2021-08-25 17:35:02,877 - INFO - CLOSED GLOBOMAIL REPOSITORY CONNECTION
2021-08-25 17:35:02,881 - INFO - CLOSED ROUNDCUBE REPOSITORY CONNECTION
2021-08-25 17:36:03,167 - INFO - -----SETUP INTEGRATOR_LWMAIL----
2021-08-25 17:36:03,183 - INFO - CONNECTED TO MIGRATION REPOSITORY: <repositories.migrator_db.MigrationRepository object at 0xffff7f0b6ca0> 
2021-08-25 17:36:03,383 - INFO - CONNECTED TO GLOBOMAIL REPOSITORY: <repositories.globomail.GlobomailRepository object at 0xffff7f0b6e80> 
2021-08-25 17:36:03,545 - INFO - CONNECTED TO ROUNDCUBE REPOSITORY: <repositories.roundcube.RoundcubeRepository object at 0xffff7f0b6220> 
2021-08-25 17:36:03,552 - INFO - -----ENDING SETUP INTEGRATOR_LWMAIL----
2021-08-25 17:36:03,555 - INFO - starting integration process for new email migrations
2021-08-25 17:36:04,134 - INFO - CLOSED MIGRATION REPOSITORY CONNECTION
2021-08-25 17:36:04,138 - INFO - CLOSED GLOBOMAIL REPOSITORY CONNECTION
2021-08-25 17:36:04,141 - INFO - CLOSED ROUNDCUBE REPOSITORY CONNECTION
2021-08-25 17:37:04,407 - INFO - -----SETUP INTEGRATOR_LWMAIL----
2021-08-25 17:37:04,414 - INFO - CONNECTED TO MIGRATION REPOSITORY: <repositories.migrator_db.MigrationRepository object at 0xffff7f0b6ee0> 
2021-08-25 17:37:04,575 - INFO - CONNECTED TO GLOBOMAIL REPOSITORY: <repositories.globomail.GlobomailRepository object at 0xffff7f0b6850> 
2021-08-25 17:37:04,735 - INFO - CONNECTED TO ROUNDCUBE REPOSITORY: <repositories.roundcube.RoundcubeRepository object at 0xffff7f0b67f0> 
2021-08-25 17:37:04,739 - INFO - -----ENDING SETUP INTEGRATOR_LWMAIL----
2021-08-25 17:37:04,740 - INFO - starting integration process for new email migrations
2021-08-25 17:37:05,317 - INFO - CLOSED MIGRATION REPOSITORY CONNECTION
2021-08-25 17:37:05,320 - INFO - CLOSED GLOBOMAIL REPOSITORY CONNECTION
2021-08-25 17:37:05,322 - INFO - CLOSED ROUNDCUBE REPOSITORY CONNECTION
2021-08-25 17:38:05,582 - INFO - -----SETUP INTEGRATOR_LWMAIL----
2021-08-25 17:38:05,584 - INFO - CONNECTED TO MIGRATION REPOSITORY: <repositories.migrator_db.MigrationRepository object at 0xffff7f91f790> 
2021-08-25 17:38:05,825 - INFO - CONNECTED TO GLOBOMAIL REPOSITORY: <repositories.globomail.GlobomailRepository object at 0xffff7f1213a0> 
2021-08-25 17:38:06,020 - INFO - CONNECTED TO ROUNDCUBE REPOSITORY: <repositories.roundcube.RoundcubeRepository object at 0xffff7f735070> 
2021-08-25 17:38:06,023 - INFO - -----ENDING SETUP INTEGRATOR_LWMAIL----
2021-08-25 17:38:06,024 - INFO - starting integration process for new email migrations
2021-08-25 17:38:06,639 - INFO - CLOSED MIGRATION REPOSITORY CONNECTION
2021-08-25 17:38:06,642 - INFO - CLOSED GLOBOMAIL REPOSITORY CONNECTION
2021-08-25 17:38:06,645 - INFO - CLOSED ROUNDCUBE REPOSITORY CONNECTION
2021-08-25 17:39:06,926 - INFO - -----SETUP INTEGRATOR_LWMAIL----
2021-08-25 17:39:06,930 - INFO - CONNECTED TO MIGRATION REPOSITORY: <repositories.migrator_db.MigrationRepository object at 0xffff7f7345b0> 
2021-08-25 17:39:07,106 - INFO - CONNECTED TO GLOBOMAIL REPOSITORY: <repositories.globomail.GlobomailRepository object at 0xffff7f7348e0> 
2021-08-25 17:39:07,269 - INFO - CONNECTED TO ROUNDCUBE REPOSITORY: <repositories.roundcube.RoundcubeRepository object at 0xffff7f0b60d0> 
2021-08-25 17:39:07,271 - INFO - -----ENDING SETUP INTEGRATOR_LWMAIL----
2021-08-25 17:39:07,272 - INFO - starting integration process for new email migrations
2021-08-25 17:39:07,916 - INFO - CLOSED MIGRATION REPOSITORY CONNECTION
2021-08-25 17:39:07,918 - INFO - CLOSED GLOBOMAIL REPOSITORY CONNECTION
2021-08-25 17:39:07,921 - INFO - CLOSED ROUNDCUBE REPOSITORY CONNECTION
2021-08-25 17:40:08,184 - INFO - -----SETUP INTEGRATOR_LWMAIL----
2021-08-25 17:40:08,191 - INFO - CONNECTED TO MIGRATION REPOSITORY: <repositories.migrator_db.MigrationRepository object at 0xffff7f91fa60> 
2021-08-25 17:40:08,438 - INFO - CONNECTED TO GLOBOMAIL REPOSITORY: <repositories.globomail.GlobomailRepository object at 0xffff7f128280> 
2021-08-25 17:40:08,645 - INFO - CONNECTED TO ROUNDCUBE REPOSITORY: <repositories.roundcube.RoundcubeRepository object at 0xffff7f112eb0> 
2021-08-25 17:40:08,648 - INFO - -----ENDING SETUP INTEGRATOR_LWMAIL----
2021-08-25 17:40:08,651 - INFO - starting integration process for new email migrations
2021-08-25 17:40:09,292 - INFO - CLOSED MIGRATION REPOSITORY CONNECTION
2021-08-25 17:40:09,296 - INFO - CLOSED GLOBOMAIL REPOSITORY CONNECTION
2021-08-25 17:40:09,299 - INFO - CLOSED ROUNDCUBE REPOSITORY CONNECTION
2021-08-25 17:41:09,574 - INFO - -----SETUP INTEGRATOR_LWMAIL----
2021-08-25 17:41:09,576 - INFO - CONNECTED TO MIGRATION REPOSITORY: <repositories.migrator_db.MigrationRepository object at 0xffff7f734940> 
2021-08-25 17:41:09,749 - INFO - CONNECTED TO GLOBOMAIL REPOSITORY: <repositories.globomail.GlobomailRepository object at 0xffff7f734fa0> 
2021-08-25 17:41:09,914 - INFO - CONNECTED TO ROUNDCUBE REPOSITORY: <repositories.roundcube.RoundcubeRepository object at 0xffff7f112490> 
2021-08-25 17:41:09,918 - INFO - -----ENDING SETUP INTEGRATOR_LWMAIL----
2021-08-25 17:41:09,922 - INFO - starting integration process for new email migrations
2021-08-25 17:41:10,540 - INFO - CLOSED MIGRATION REPOSITORY CONNECTION
2021-08-25 17:41:10,544 - INFO - CLOSED GLOBOMAIL REPOSITORY CONNECTION
2021-08-25 17:41:10,548 - INFO - CLOSED ROUNDCUBE REPOSITORY CONNECTION
2021-08-25 17:42:10,845 - INFO - -----SETUP INTEGRATOR_LWMAIL----
2021-08-25 17:42:10,854 - INFO - CONNECTED TO MIGRATION REPOSITORY: <repositories.migrator_db.MigrationRepository object at 0xffff7f128100> 
2021-08-25 17:42:11,162 - INFO - CONNECTED TO GLOBOMAIL REPOSITORY: <repositories.globomail.GlobomailRepository object at 0xffff7f128250> 
2021-08-25 17:42:11,351 - INFO - CONNECTED TO ROUNDCUBE REPOSITORY: <repositories.roundcube.RoundcubeRepository object at 0xffff7f112220> 
2021-08-25 17:42:11,354 - INFO - -----ENDING SETUP INTEGRATOR_LWMAIL----
2021-08-25 17:42:11,356 - INFO - starting integration process for new email migrations
2021-08-25 17:42:11,972 - INFO - CLOSED MIGRATION REPOSITORY CONNECTION
2021-08-25 17:42:11,975 - INFO - CLOSED GLOBOMAIL REPOSITORY CONNECTION
2021-08-25 17:42:11,978 - INFO - CLOSED ROUNDCUBE REPOSITORY CONNECTION
2021-08-25 17:43:12,260 - INFO - -----SETUP INTEGRATOR_LWMAIL----
2021-08-25 17:43:12,273 - INFO - CONNECTED TO MIGRATION REPOSITORY: <repositories.migrator_db.MigrationRepository object at 0xffff7f1213d0> 
2021-08-25 17:43:12,464 - INFO - CONNECTED TO GLOBOMAIL REPOSITORY: <repositories.globomail.GlobomailRepository object at 0xffff7f0f2340> 
2021-08-25 17:43:12,667 - INFO - CONNECTED TO ROUNDCUBE REPOSITORY: <repositories.roundcube.RoundcubeRepository object at 0xffff7f0f28b0> 
2021-08-25 17:43:12,669 - INFO - -----ENDING SETUP INTEGRATOR_LWMAIL----
2021-08-25 17:43:12,671 - INFO - starting integration process for new email migrations
2021-08-25 17:43:13,262 - INFO - CLOSED MIGRATION REPOSITORY CONNECTION
2021-08-25 17:43:13,264 - INFO - CLOSED GLOBOMAIL REPOSITORY CONNECTION
2021-08-25 17:43:13,268 - INFO - CLOSED ROUNDCUBE REPOSITORY CONNECTION
2021-08-25 17:44:13,557 - INFO - -----SETUP INTEGRATOR_LWMAIL----
2021-08-25 17:44:13,564 - INFO - CONNECTED TO MIGRATION REPOSITORY: <repositories.migrator_db.MigrationRepository object at 0xffff7f0c6f40> 
2021-08-25 17:44:13,854 - INFO - CONNECTED TO GLOBOMAIL REPOSITORY: <repositories.globomail.GlobomailRepository object at 0xffff7f0c6af0> 
2021-08-25 17:44:14,035 - INFO - CONNECTED TO ROUNDCUBE REPOSITORY: <repositories.roundcube.RoundcubeRepository object at 0xffff7f0c67f0> 
2021-08-25 17:44:14,041 - INFO - -----ENDING SETUP INTEGRATOR_LWMAIL----
2021-08-25 17:44:14,046 - INFO - starting integration process for new email migrations
2021-08-25 17:44:14,644 - INFO - CLOSED MIGRATION REPOSITORY CONNECTION
2021-08-25 17:44:14,649 - INFO - CLOSED GLOBOMAIL REPOSITORY CONNECTION
2021-08-25 17:44:14,654 - INFO - CLOSED ROUNDCUBE REPOSITORY CONNECTION
2021-08-25 17:45:14,964 - INFO - -----SETUP INTEGRATOR_LWMAIL----
2021-08-25 17:45:14,971 - INFO - CONNECTED TO MIGRATION REPOSITORY: <repositories.migrator_db.MigrationRepository object at 0xffff7f0c62b0> 
2021-08-25 17:45:15,154 - INFO - CONNECTED TO GLOBOMAIL REPOSITORY: <repositories.globomail.GlobomailRepository object at 0xffff7f0c6160> 
2021-08-25 17:45:15,327 - INFO - CONNECTED TO ROUNDCUBE REPOSITORY: <repositories.roundcube.RoundcubeRepository object at 0xffff7f112ac0> 
2021-08-25 17:45:15,333 - INFO - -----ENDING SETUP INTEGRATOR_LWMAIL----
2021-08-25 17:45:15,338 - INFO - starting integration process for new email migrations
2021-08-25 17:45:15,971 - INFO - CLOSED MIGRATION REPOSITORY CONNECTION
2021-08-25 17:45:15,976 - INFO - CLOSED GLOBOMAIL REPOSITORY CONNECTION
2021-08-25 17:45:15,979 - INFO - CLOSED ROUNDCUBE REPOSITORY CONNECTION
2021-08-25 17:46:16,266 - INFO - -----SETUP INTEGRATOR_LWMAIL----
2021-08-25 17:46:16,270 - INFO - CONNECTED TO MIGRATION REPOSITORY: <repositories.migrator_db.MigrationRepository object at 0xffff7f7345b0> 
2021-08-25 17:46:16,568 - INFO - CONNECTED TO GLOBOMAIL REPOSITORY: <repositories.globomail.GlobomailRepository object at 0xffff7f734dc0> 
2021-08-25 17:46:16,748 - INFO - CONNECTED TO ROUNDCUBE REPOSITORY: <repositories.roundcube.RoundcubeRepository object at 0xffff7f112820> 
2021-08-25 17:46:16,754 - INFO - -----ENDING SETUP INTEGRATOR_LWMAIL----
2021-08-25 17:46:16,757 - INFO - starting integration process for new email migrations
2021-08-25 17:46:17,372 - INFO - CLOSED MIGRATION REPOSITORY CONNECTION
2021-08-25 17:46:17,378 - INFO - CLOSED GLOBOMAIL REPOSITORY CONNECTION
2021-08-25 17:46:17,382 - INFO - CLOSED ROUNDCUBE REPOSITORY CONNECTION
2021-08-25 17:47:17,659 - INFO - -----SETUP INTEGRATOR_LWMAIL----
2021-08-25 17:47:17,675 - INFO - CONNECTED TO MIGRATION REPOSITORY: <repositories.migrator_db.MigrationRepository object at 0xffff7f734610> 
2021-08-25 17:47:17,947 - INFO - CONNECTED TO GLOBOMAIL REPOSITORY: <repositories.globomail.GlobomailRepository object at 0xffff7f0b68e0> 
2021-08-25 17:47:18,121 - INFO - CONNECTED TO ROUNDCUBE REPOSITORY: <repositories.roundcube.RoundcubeRepository object at 0xffff7f0b61c0> 
2021-08-25 17:47:18,124 - INFO - -----ENDING SETUP INTEGRATOR_LWMAIL----
2021-08-25 17:47:18,126 - INFO - starting integration process for new email migrations
2021-08-25 17:47:18,754 - INFO - CLOSED MIGRATION REPOSITORY CONNECTION
2021-08-25 17:47:18,756 - INFO - CLOSED GLOBOMAIL REPOSITORY CONNECTION
2021-08-25 17:47:18,758 - INFO - CLOSED ROUNDCUBE REPOSITORY CONNECTION
2021-08-25 17:48:19,019 - INFO - -----SETUP INTEGRATOR_LWMAIL----
2021-08-25 17:48:19,021 - INFO - CONNECTED TO MIGRATION REPOSITORY: <repositories.migrator_db.MigrationRepository object at 0xffff7f128280> 
2021-08-25 17:48:19,274 - INFO - CONNECTED TO GLOBOMAIL REPOSITORY: <repositories.globomail.GlobomailRepository object at 0xffff7f128bb0> 
2021-08-25 17:48:19,470 - INFO - CONNECTED TO ROUNDCUBE REPOSITORY: <repositories.roundcube.RoundcubeRepository object at 0xffff7f0f2c10> 
2021-08-25 17:48:19,471 - INFO - -----ENDING SETUP INTEGRATOR_LWMAIL----
2021-08-25 17:48:19,473 - INFO - starting integration process for new email migrations
2021-08-25 17:48:20,075 - INFO - CLOSED MIGRATION REPOSITORY CONNECTION
2021-08-25 17:48:20,080 - INFO - CLOSED GLOBOMAIL REPOSITORY CONNECTION
2021-08-25 17:48:20,083 - INFO - CLOSED ROUNDCUBE REPOSITORY CONNECTION
2021-08-25 17:49:20,344 - INFO - -----SETUP INTEGRATOR_LWMAIL----
2021-08-25 17:49:20,350 - INFO - CONNECTED TO MIGRATION REPOSITORY: <repositories.migrator_db.MigrationRepository object at 0xffff7f735490> 
2021-08-25 17:49:20,534 - INFO - CONNECTED TO GLOBOMAIL REPOSITORY: <repositories.globomail.GlobomailRepository object at 0xffff7f7351f0> 
2021-08-25 17:49:20,760 - INFO - CONNECTED TO ROUNDCUBE REPOSITORY: <repositories.roundcube.RoundcubeRepository object at 0xffff7f0f2b50> 
2021-08-25 17:49:20,768 - INFO - -----ENDING SETUP INTEGRATOR_LWMAIL----
2021-08-25 17:49:20,771 - INFO - starting integration process for new email migrations
2021-08-25 17:49:21,366 - INFO - CLOSED MIGRATION REPOSITORY CONNECTION
2021-08-25 17:49:21,371 - INFO - CLOSED GLOBOMAIL REPOSITORY CONNECTION
2021-08-25 17:49:21,375 - INFO - CLOSED ROUNDCUBE REPOSITORY CONNECTION
2021-08-25 17:50:21,649 - INFO - -----SETUP INTEGRATOR_LWMAIL----
2021-08-25 17:50:21,659 - INFO - CONNECTED TO MIGRATION REPOSITORY: <repositories.migrator_db.MigrationRepository object at 0xffff7f735430> 
2021-08-25 17:50:21,964 - INFO - CONNECTED TO GLOBOMAIL REPOSITORY: <repositories.globomail.GlobomailRepository object at 0xffff7f1122b0> 
2021-08-25 17:50:22,140 - INFO - CONNECTED TO ROUNDCUBE REPOSITORY: <repositories.roundcube.RoundcubeRepository object at 0xffff7f0f2430> 
2021-08-25 17:50:22,143 - INFO - -----ENDING SETUP INTEGRATOR_LWMAIL----
2021-08-25 17:50:22,146 - INFO - starting integration process for new email migrations
2021-08-25 17:50:22,799 - INFO - CLOSED MIGRATION REPOSITORY CONNECTION
2021-08-25 17:50:22,801 - INFO - CLOSED GLOBOMAIL REPOSITORY CONNECTION
2021-08-25 17:50:22,803 - INFO - CLOSED ROUNDCUBE REPOSITORY CONNECTION
2021-08-25 17:51:23,045 - INFO - -----SETUP INTEGRATOR_LWMAIL----
2021-08-25 17:51:23,054 - INFO - CONNECTED TO MIGRATION REPOSITORY: <repositories.migrator_db.MigrationRepository object at 0xffff7f734520> 
2021-08-25 17:51:23,234 - INFO - CONNECTED TO GLOBOMAIL REPOSITORY: <repositories.globomail.GlobomailRepository object at 0xffff7f734220> 
2021-08-25 17:51:23,394 - INFO - CONNECTED TO ROUNDCUBE REPOSITORY: <repositories.roundcube.RoundcubeRepository object at 0xffff7f0f2fa0> 
2021-08-25 17:51:23,397 - INFO - -----ENDING SETUP INTEGRATOR_LWMAIL----
2021-08-25 17:51:23,398 - INFO - starting integration process for new email migrations
2021-08-25 17:51:24,023 - INFO - CLOSED MIGRATION REPOSITORY CONNECTION
2021-08-25 17:51:24,026 - INFO - CLOSED GLOBOMAIL REPOSITORY CONNECTION
2021-08-25 17:51:24,030 - INFO - CLOSED ROUNDCUBE REPOSITORY CONNECTION
2021-08-25 17:52:24,306 - INFO - -----SETUP INTEGRATOR_LWMAIL----
2021-08-25 17:52:24,313 - INFO - CONNECTED TO MIGRATION REPOSITORY: <repositories.migrator_db.MigrationRepository object at 0xffff7f0cb0d0> 
2021-08-25 17:52:24,628 - INFO - CONNECTED TO GLOBOMAIL REPOSITORY: <repositories.globomail.GlobomailRepository object at 0xffff7f0cb4c0> 
2021-08-25 17:52:24,823 - INFO - CONNECTED TO ROUNDCUBE REPOSITORY: <repositories.roundcube.RoundcubeRepository object at 0xffff7f0cbcd0> 
2021-08-25 17:52:24,825 - INFO - -----ENDING SETUP INTEGRATOR_LWMAIL----
2021-08-25 17:52:24,827 - INFO - starting integration process for new email migrations
2021-08-25 17:52:25,412 - INFO - CLOSED MIGRATION REPOSITORY CONNECTION
2021-08-25 17:52:25,415 - INFO - CLOSED GLOBOMAIL REPOSITORY CONNECTION
2021-08-25 17:52:25,419 - INFO - CLOSED ROUNDCUBE REPOSITORY CONNECTION
2021-08-25 17:53:25,685 - INFO - -----SETUP INTEGRATOR_LWMAIL----
2021-08-25 17:53:25,692 - INFO - CONNECTED TO MIGRATION REPOSITORY: <repositories.migrator_db.MigrationRepository object at 0xffff7f0cb130> 
2021-08-25 17:53:25,936 - INFO - CONNECTED TO GLOBOMAIL REPOSITORY: <repositories.globomail.GlobomailRepository object at 0xffff7f0cb610> 
2021-08-25 17:53:26,106 - INFO - CONNECTED TO ROUNDCUBE REPOSITORY: <repositories.roundcube.RoundcubeRepository object at 0xffff7f0cb1f0> 
2021-08-25 17:53:26,110 - INFO - -----ENDING SETUP INTEGRATOR_LWMAIL----
2021-08-25 17:53:26,114 - INFO - starting integration process for new email migrations
2021-08-25 17:53:26,744 - INFO - CLOSED MIGRATION REPOSITORY CONNECTION
2021-08-25 17:53:26,747 - INFO - CLOSED GLOBOMAIL REPOSITORY CONNECTION
2021-08-25 17:53:26,750 - INFO - CLOSED ROUNDCUBE REPOSITORY CONNECTION
2021-08-25 17:54:27,027 - INFO - -----SETUP INTEGRATOR_LWMAIL----
2021-08-25 17:54:27,031 - INFO - CONNECTED TO MIGRATION REPOSITORY: <repositories.migrator_db.MigrationRepository object at 0xffff7f0cb7f0> 
2021-08-25 17:55:34,613 - INFO - CONNECTED TO GLOBOMAIL REPOSITORY: <repositories.globomail.GlobomailRepository object at 0xffff7f0cb610> 
2021-08-25 17:55:34,808 - INFO - CONNECTED TO ROUNDCUBE REPOSITORY: <repositories.roundcube.RoundcubeRepository object at 0xffff7f0c6a90> 
2021-08-25 17:55:34,813 - INFO - -----ENDING SETUP INTEGRATOR_LWMAIL----
2021-08-25 17:55:34,816 - INFO - starting integration process for new email migrations
2021-08-25 17:55:35,427 - INFO - CLOSED MIGRATION REPOSITORY CONNECTION
2021-08-25 17:55:35,432 - INFO - CLOSED GLOBOMAIL REPOSITORY CONNECTION
2021-08-25 17:55:35,437 - INFO - CLOSED ROUNDCUBE REPOSITORY CONNECTION
2021-08-25 17:56:35,696 - INFO - -----SETUP INTEGRATOR_LWMAIL----
2021-08-25 17:56:35,702 - INFO - CONNECTED TO MIGRATION REPOSITORY: <repositories.migrator_db.MigrationRepository object at 0xffff7f91fbb0> 
2021-08-25 17:56:35,883 - INFO - CONNECTED TO GLOBOMAIL REPOSITORY: <repositories.globomail.GlobomailRepository object at 0xffff7f0c6be0> 
2021-08-25 17:57:43,404 - INFO - CONNECTED TO ROUNDCUBE REPOSITORY: <repositories.roundcube.RoundcubeRepository object at 0xffff7f0c6ca0> 
2021-08-25 17:57:43,411 - INFO - -----ENDING SETUP INTEGRATOR_LWMAIL----
2021-08-25 17:57:43,414 - INFO - starting integration process for new email migrations
2021-08-25 17:57:44,012 - INFO - CLOSED MIGRATION REPOSITORY CONNECTION
2021-08-25 17:57:44,018 - INFO - CLOSED GLOBOMAIL REPOSITORY CONNECTION
2021-08-25 17:57:44,022 - INFO - CLOSED ROUNDCUBE REPOSITORY CONNECTION
2021-08-25 17:58:44,301 - INFO - -----SETUP INTEGRATOR_LWMAIL----
2021-08-25 17:58:44,310 - INFO - CONNECTED TO MIGRATION REPOSITORY: <repositories.migrator_db.MigrationRepository object at 0xffff7f8cd700> 
2021-08-25 17:58:44,486 - INFO - CONNECTED TO GLOBOMAIL REPOSITORY: <repositories.globomail.GlobomailRepository object at 0xffff7f0c6a60> 
2021-08-25 17:59:52,062 - INFO - CONNECTED TO ROUNDCUBE REPOSITORY: <repositories.roundcube.RoundcubeRepository object at 0xffff7f1289d0> 
2021-08-25 17:59:52,072 - INFO - -----ENDING SETUP INTEGRATOR_LWMAIL----
2021-08-25 17:59:52,075 - INFO - starting integration process for new email migrations
2021-08-25 17:59:52,679 - INFO - CLOSED MIGRATION REPOSITORY CONNECTION
2021-08-25 17:59:52,681 - INFO - CLOSED GLOBOMAIL REPOSITORY CONNECTION
2021-08-25 17:59:52,686 - INFO - CLOSED ROUNDCUBE REPOSITORY CONNECTION
2021-08-25 18:00:52,938 - INFO - -----SETUP INTEGRATOR_LWMAIL----
2021-08-25 18:00:52,945 - INFO - CONNECTED TO MIGRATION REPOSITORY: <repositories.migrator_db.MigrationRepository object at 0xffff7f1457c0> 
2021-08-25 18:02:00,471 - INFO - CONNECTED TO GLOBOMAIL REPOSITORY: <repositories.globomail.GlobomailRepository object at 0xffff7f0c6a00> 
2021-08-25 18:02:00,639 - INFO - CONNECTED TO ROUNDCUBE REPOSITORY: <repositories.roundcube.RoundcubeRepository object at 0xffff7f0c69d0> 
2021-08-25 18:02:00,645 - INFO - -----ENDING SETUP INTEGRATOR_LWMAIL----
2021-08-25 18:02:00,648 - INFO - starting integration process for new email migrations
2021-08-25 18:02:01,229 - INFO - CLOSED MIGRATION REPOSITORY CONNECTION
2021-08-25 18:02:01,232 - INFO - CLOSED GLOBOMAIL REPOSITORY CONNECTION
2021-08-25 18:02:01,235 - INFO - CLOSED ROUNDCUBE REPOSITORY CONNECTION
2021-08-25 18:03:01,486 - INFO - -----SETUP INTEGRATOR_LWMAIL----
2021-08-25 18:03:01,489 - INFO - CONNECTED TO MIGRATION REPOSITORY: <repositories.migrator_db.MigrationRepository object at 0xffff7f145160> 
2021-08-25 18:04:08,947 - INFO - CONNECTED TO GLOBOMAIL REPOSITORY: <repositories.globomail.GlobomailRepository object at 0xffff7f0c6520> 
2021-08-25 18:05:16,477 - INFO - CONNECTED TO ROUNDCUBE REPOSITORY: <repositories.roundcube.RoundcubeRepository object at 0xffff7f0c65e0> 
2021-08-25 18:05:16,482 - INFO - -----ENDING SETUP INTEGRATOR_LWMAIL----
2021-08-25 18:05:16,485 - INFO - starting integration process for new email migrations
2021-08-25 18:05:17,043 - INFO - CLOSED MIGRATION REPOSITORY CONNECTION
2021-08-25 18:05:17,047 - INFO - CLOSED GLOBOMAIL REPOSITORY CONNECTION
2021-08-25 18:05:17,050 - INFO - CLOSED ROUNDCUBE REPOSITORY CONNECTION
2021-08-25 18:06:17,359 - INFO - -----SETUP INTEGRATOR_LWMAIL----
2021-08-25 18:06:17,367 - INFO - CONNECTED TO MIGRATION REPOSITORY: <repositories.migrator_db.MigrationRepository object at 0xffff810417c0> 
2021-08-25 18:06:17,547 - INFO - CONNECTED TO GLOBOMAIL REPOSITORY: <repositories.globomail.GlobomailRepository object at 0xffff7f0b68e0> 
2021-08-25 18:07:25,060 - INFO - CONNECTED TO ROUNDCUBE REPOSITORY: <repositories.roundcube.RoundcubeRepository object at 0xffff7f0b69a0> 
2021-08-25 18:07:25,067 - INFO - -----ENDING SETUP INTEGRATOR_LWMAIL----
2021-08-25 18:07:25,069 - INFO - starting integration process for new email migrations
2021-08-25 18:07:25,625 - INFO - CLOSED MIGRATION REPOSITORY CONNECTION
2021-08-25 18:07:25,629 - INFO - CLOSED GLOBOMAIL REPOSITORY CONNECTION
2021-08-25 18:07:25,635 - INFO - CLOSED ROUNDCUBE REPOSITORY CONNECTION
2021-08-25 18:08:25,932 - INFO - -----SETUP INTEGRATOR_LWMAIL----
2021-08-25 18:08:25,939 - INFO - CONNECTED TO MIGRATION REPOSITORY: <repositories.migrator_db.MigrationRepository object at 0xffff7f1459a0> 
2021-08-25 18:08:26,106 - INFO - CONNECTED TO GLOBOMAIL REPOSITORY: <repositories.globomail.GlobomailRepository object at 0xffff7f0b6df0> 
2021-08-25 18:08:45,344 - INFO - CONNECTED TO ROUNDCUBE REPOSITORY: <repositories.roundcube.RoundcubeRepository object at 0xffff7f0b6580> 
2021-08-25 18:08:45,350 - INFO - -----ENDING SETUP INTEGRATOR_LWMAIL----
2021-08-25 18:08:45,357 - INFO - starting integration process for new email migrations
2021-08-25 18:08:45,915 - INFO - CLOSED MIGRATION REPOSITORY CONNECTION
2021-08-25 18:08:45,920 - INFO - CLOSED GLOBOMAIL REPOSITORY CONNECTION
2021-08-25 18:08:45,923 - INFO - CLOSED ROUNDCUBE REPOSITORY CONNECTION
2021-08-25 18:09:46,207 - INFO - -----SETUP INTEGRATOR_LWMAIL----
2021-08-25 18:09:46,215 - INFO - CONNECTED TO MIGRATION REPOSITORY: <repositories.migrator_db.MigrationRepository object at 0xffff7f1457f0> 
2021-08-25 18:09:46,455 - INFO - CONNECTED TO GLOBOMAIL REPOSITORY: <repositories.globomail.GlobomailRepository object at 0xffff7f0b6370> 
2021-08-25 18:09:47,685 - INFO - CONNECTED TO ROUNDCUBE REPOSITORY: <repositories.roundcube.RoundcubeRepository object at 0xffff7f0c6460> 
2021-08-25 18:09:47,694 - INFO - -----ENDING SETUP INTEGRATOR_LWMAIL----
2021-08-25 18:09:47,698 - INFO - starting integration process for new email migrations
2021-08-25 18:09:48,299 - INFO - CLOSED MIGRATION REPOSITORY CONNECTION
2021-08-25 18:09:48,303 - INFO - CLOSED GLOBOMAIL REPOSITORY CONNECTION
2021-08-25 18:09:48,305 - INFO - CLOSED ROUNDCUBE REPOSITORY CONNECTION
2021-08-25 18:10:48,582 - INFO - -----SETUP INTEGRATOR_LWMAIL----
2021-08-25 18:10:48,591 - INFO - CONNECTED TO MIGRATION REPOSITORY: <repositories.migrator_db.MigrationRepository object at 0xffff7f1457c0> 
2021-08-25 18:11:56,110 - INFO - CONNECTED TO GLOBOMAIL REPOSITORY: <repositories.globomail.GlobomailRepository object at 0xffff7f91fa60> 
2021-08-25 18:11:56,269 - INFO - CONNECTED TO ROUNDCUBE REPOSITORY: <repositories.roundcube.RoundcubeRepository object at 0xffff7f0cbc40> 
2021-08-25 18:11:56,275 - INFO - -----ENDING SETUP INTEGRATOR_LWMAIL----
2021-08-25 18:11:56,278 - INFO - starting integration process for new email migrations
2021-08-25 18:11:56,905 - INFO - CLOSED MIGRATION REPOSITORY CONNECTION
2021-08-25 18:11:56,908 - INFO - CLOSED GLOBOMAIL REPOSITORY CONNECTION
2021-08-25 18:11:56,910 - INFO - CLOSED ROUNDCUBE REPOSITORY CONNECTION
2021-08-25 18:12:57,171 - INFO - -----SETUP INTEGRATOR_LWMAIL----
2021-08-25 18:12:57,177 - INFO - CONNECTED TO MIGRATION REPOSITORY: <repositories.migrator_db.MigrationRepository object at 0xffff7f145160> 
2021-08-25 18:12:57,382 - INFO - CONNECTED TO GLOBOMAIL REPOSITORY: <repositories.globomail.GlobomailRepository object at 0xffff7f91fe20> 
2021-08-25 18:12:57,541 - INFO - CONNECTED TO ROUNDCUBE REPOSITORY: <repositories.roundcube.RoundcubeRepository object at 0xffff7f0cbeb0> 
2021-08-25 18:12:57,546 - INFO - -----ENDING SETUP INTEGRATOR_LWMAIL----
2021-08-25 18:12:57,549 - INFO - starting integration process for new email migrations
2021-08-25 18:12:58,118 - INFO - CLOSED MIGRATION REPOSITORY CONNECTION
2021-08-25 18:12:58,121 - INFO - CLOSED GLOBOMAIL REPOSITORY CONNECTION
2021-08-25 18:12:58,123 - INFO - CLOSED ROUNDCUBE REPOSITORY CONNECTION
2021-08-25 18:13:58,409 - INFO - -----SETUP INTEGRATOR_LWMAIL----
2021-08-25 18:13:58,415 - INFO - CONNECTED TO MIGRATION REPOSITORY: <repositories.migrator_db.MigrationRepository object at 0xffff7f145760> 
2021-08-25 18:13:58,689 - INFO - CONNECTED TO GLOBOMAIL REPOSITORY: <repositories.globomail.GlobomailRepository object at 0xffff7f0c6e20> 
2021-08-25 18:13:58,845 - INFO - CONNECTED TO ROUNDCUBE REPOSITORY: <repositories.roundcube.RoundcubeRepository object at 0xffff7f128ac0> 
2021-08-25 18:13:58,849 - INFO - -----ENDING SETUP INTEGRATOR_LWMAIL----
2021-08-25 18:13:58,851 - INFO - starting integration process for new email migrations
2021-08-25 18:13:59,414 - INFO - CLOSED MIGRATION REPOSITORY CONNECTION
2021-08-25 18:13:59,418 - INFO - CLOSED GLOBOMAIL REPOSITORY CONNECTION
2021-08-25 18:13:59,421 - INFO - CLOSED ROUNDCUBE REPOSITORY CONNECTION
2021-08-25 18:14:59,706 - INFO - -----SETUP INTEGRATOR_LWMAIL----
2021-08-25 18:14:59,711 - INFO - CONNECTED TO MIGRATION REPOSITORY: <repositories.migrator_db.MigrationRepository object at 0xffff7f1459a0> 
2021-08-25 18:14:59,883 - INFO - CONNECTED TO GLOBOMAIL REPOSITORY: <repositories.globomail.GlobomailRepository object at 0xffff7f128a30> 
2021-08-25 18:15:00,120 - INFO - CONNECTED TO ROUNDCUBE REPOSITORY: <repositories.roundcube.RoundcubeRepository object at 0xffff7f0b6a30> 
2021-08-25 18:15:00,123 - INFO - -----ENDING SETUP INTEGRATOR_LWMAIL----
2021-08-25 18:15:00,125 - INFO - starting integration process for new email migrations
2021-08-25 18:15:00,680 - INFO - CLOSED MIGRATION REPOSITORY CONNECTION
2021-08-25 18:15:00,683 - INFO - CLOSED GLOBOMAIL REPOSITORY CONNECTION
2021-08-25 18:15:00,685 - INFO - CLOSED ROUNDCUBE REPOSITORY CONNECTION
2021-08-25 18:16:00,946 - INFO - -----SETUP INTEGRATOR_LWMAIL----
2021-08-25 18:16:00,954 - INFO - CONNECTED TO MIGRATION REPOSITORY: <repositories.migrator_db.MigrationRepository object at 0xffff7f1459a0> 
2021-08-25 18:16:01,244 - INFO - CONNECTED TO GLOBOMAIL REPOSITORY: <repositories.globomail.GlobomailRepository object at 0xffff7f0b6100> 
2021-08-25 18:16:01,400 - INFO - CONNECTED TO ROUNDCUBE REPOSITORY: <repositories.roundcube.RoundcubeRepository object at 0xffff7f0b6280> 
2021-08-25 18:16:01,403 - INFO - -----ENDING SETUP INTEGRATOR_LWMAIL----
2021-08-25 18:16:01,405 - INFO - starting integration process for new email migrations
2021-08-25 18:16:01,956 - INFO - CLOSED MIGRATION REPOSITORY CONNECTION
2021-08-25 18:16:01,962 - INFO - CLOSED GLOBOMAIL REPOSITORY CONNECTION
2021-08-25 18:16:01,965 - INFO - CLOSED ROUNDCUBE REPOSITORY CONNECTION
2021-08-25 18:19:18,061 - INFO - -----SETUP INTEGRATOR_LWMAIL----
2021-08-25 18:19:18,071 - INFO - CONNECTED TO MIGRATION REPOSITORY: <repositories.migrator_db.MigrationRepository object at 0xffff7f1457f0> 
2021-08-25 18:20:25,693 - INFO - CONNECTED TO GLOBOMAIL REPOSITORY: <repositories.globomail.GlobomailRepository object at 0xffff7f91fd90> 
2021-08-25 18:22:34,252 - INFO - -----SETUP INTEGRATOR_LWMAIL----
2021-08-25 18:22:34,261 - INFO - CONNECTED TO MIGRATION REPOSITORY: <repositories.migrator_db.MigrationRepository object at 0xffff7f145760> 
2021-08-25 18:22:34,456 - INFO - CONNECTED TO GLOBOMAIL REPOSITORY: <repositories.globomail.GlobomailRepository object at 0xffff7f128fd0> 
2021-08-25 18:22:34,641 - INFO - CONNECTED TO ROUNDCUBE REPOSITORY: <repositories.roundcube.RoundcubeRepository object at 0xffff7f128f70> 
2021-08-25 18:22:34,647 - INFO - -----ENDING SETUP INTEGRATOR_LWMAIL----
2021-08-25 18:22:34,652 - INFO - starting integration process for new email migrations
2021-08-25 18:22:35,292 - INFO - CLOSED MIGRATION REPOSITORY CONNECTION
2021-08-25 18:22:35,297 - INFO - CLOSED GLOBOMAIL REPOSITORY CONNECTION
2021-08-25 18:22:35,302 - INFO - CLOSED ROUNDCUBE REPOSITORY CONNECTION
2021-08-25 18:23:35,545 - INFO - -----SETUP INTEGRATOR_LWMAIL----
2021-08-25 18:23:35,558 - INFO - CONNECTED TO MIGRATION REPOSITORY: <repositories.migrator_db.MigrationRepository object at 0xffff7f121760> 
2021-08-25 18:23:35,743 - INFO - CONNECTED TO GLOBOMAIL REPOSITORY: <repositories.globomail.GlobomailRepository object at 0xffff7f121b50> 
2021-08-25 18:23:35,920 - INFO - CONNECTED TO ROUNDCUBE REPOSITORY: <repositories.roundcube.RoundcubeRepository object at 0xffff7f121bb0> 
2021-08-25 18:23:35,925 - INFO - -----ENDING SETUP INTEGRATOR_LWMAIL----
2021-08-25 18:23:35,928 - INFO - starting integration process for new email migrations
2021-08-25 18:23:36,582 - INFO - CLOSED MIGRATION REPOSITORY CONNECTION
2021-08-25 18:23:36,587 - INFO - CLOSED GLOBOMAIL REPOSITORY CONNECTION
2021-08-25 18:23:36,592 - INFO - CLOSED ROUNDCUBE REPOSITORY CONNECTION
2021-08-25 18:24:36,888 - INFO - -----SETUP INTEGRATOR_LWMAIL----
2021-08-25 18:24:36,896 - INFO - CONNECTED TO MIGRATION REPOSITORY: <repositories.migrator_db.MigrationRepository object at 0xffff7f128760> 
2021-08-25 18:24:37,086 - INFO - CONNECTED TO GLOBOMAIL REPOSITORY: <repositories.globomail.GlobomailRepository object at 0xffff7f128e20> 
2021-08-25 18:24:37,271 - INFO - CONNECTED TO ROUNDCUBE REPOSITORY: <repositories.roundcube.RoundcubeRepository object at 0xffff7f128fa0> 
2021-08-25 18:24:37,277 - INFO - -----ENDING SETUP INTEGRATOR_LWMAIL----
2021-08-25 18:24:37,280 - INFO - starting integration process for new email migrations
2021-08-25 18:24:37,916 - INFO - CLOSED MIGRATION REPOSITORY CONNECTION
2021-08-25 18:24:37,922 - INFO - CLOSED GLOBOMAIL REPOSITORY CONNECTION
2021-08-25 18:24:37,925 - INFO - CLOSED ROUNDCUBE REPOSITORY CONNECTION
2021-08-25 18:25:38,221 - INFO - -----SETUP INTEGRATOR_LWMAIL----
2021-08-25 18:25:38,227 - INFO - CONNECTED TO MIGRATION REPOSITORY: <repositories.migrator_db.MigrationRepository object at 0xffff7f91fb50> 
2021-08-25 18:26:45,770 - INFO - CONNECTED TO GLOBOMAIL REPOSITORY: <repositories.globomail.GlobomailRepository object at 0xffff7f91fee0> 
2021-08-25 18:26:46,001 - INFO - CONNECTED TO ROUNDCUBE REPOSITORY: <repositories.roundcube.RoundcubeRepository object at 0xffff7f1286d0> 
2021-08-25 18:26:46,009 - INFO - -----ENDING SETUP INTEGRATOR_LWMAIL----
2021-08-25 18:26:46,012 - INFO - starting integration process for new email migrations
2021-08-25 18:26:46,673 - INFO - CLOSED MIGRATION REPOSITORY CONNECTION
2021-08-25 18:26:46,678 - INFO - CLOSED GLOBOMAIL REPOSITORY CONNECTION
2021-08-25 18:26:46,681 - INFO - CLOSED ROUNDCUBE REPOSITORY CONNECTION
2021-08-25 18:27:46,943 - INFO - -----SETUP INTEGRATOR_LWMAIL----
2021-08-25 18:27:46,951 - INFO - CONNECTED TO MIGRATION REPOSITORY: <repositories.migrator_db.MigrationRepository object at 0xffff7f0c6700> 
2021-08-25 18:27:47,139 - INFO - CONNECTED TO GLOBOMAIL REPOSITORY: <repositories.globomail.GlobomailRepository object at 0xffff7f0c6250> 
2021-08-25 18:27:47,325 - INFO - CONNECTED TO ROUNDCUBE REPOSITORY: <repositories.roundcube.RoundcubeRepository object at 0xffff7f1283d0> 
2021-08-25 18:27:47,330 - INFO - -----ENDING SETUP INTEGRATOR_LWMAIL----
2021-08-25 18:27:47,333 - INFO - starting integration process for new email migrations
2021-08-25 18:27:47,971 - INFO - CLOSED MIGRATION REPOSITORY CONNECTION
2021-08-25 18:27:47,978 - INFO - CLOSED GLOBOMAIL REPOSITORY CONNECTION
2021-08-25 18:27:47,981 - INFO - CLOSED ROUNDCUBE REPOSITORY CONNECTION
2021-08-25 18:28:48,275 - INFO - -----SETUP INTEGRATOR_LWMAIL----
2021-08-25 18:28:48,282 - INFO - CONNECTED TO MIGRATION REPOSITORY: <repositories.migrator_db.MigrationRepository object at 0xffff7f0b60a0> 
2021-08-25 18:28:48,624 - INFO - CONNECTED TO GLOBOMAIL REPOSITORY: <repositories.globomail.GlobomailRepository object at 0xffff7f0b69d0> 
2021-08-25 18:29:56,313 - INFO - CONNECTED TO ROUNDCUBE REPOSITORY: <repositories.roundcube.RoundcubeRepository object at 0xffff7f128b50> 
2021-08-25 18:29:56,319 - INFO - -----ENDING SETUP INTEGRATOR_LWMAIL----
2021-08-25 18:29:56,321 - INFO - starting integration process for new email migrations
2021-08-25 18:29:56,956 - INFO - CLOSED MIGRATION REPOSITORY CONNECTION
2021-08-25 18:29:56,958 - INFO - CLOSED GLOBOMAIL REPOSITORY CONNECTION
2021-08-25 18:29:56,962 - INFO - CLOSED ROUNDCUBE REPOSITORY CONNECTION
2021-08-25 18:30:57,236 - INFO - -----SETUP INTEGRATOR_LWMAIL----
2021-08-25 18:30:57,246 - INFO - CONNECTED TO MIGRATION REPOSITORY: <repositories.migrator_db.MigrationRepository object at 0xffff7f128070> 
2021-08-25 18:30:57,438 - INFO - CONNECTED TO GLOBOMAIL REPOSITORY: <repositories.globomail.GlobomailRepository object at 0xffff7f128fd0> 
2021-08-25 18:32:05,004 - INFO - CONNECTED TO ROUNDCUBE REPOSITORY: <repositories.roundcube.RoundcubeRepository object at 0xffff7f0c6760> 
2021-08-25 18:32:05,012 - INFO - -----ENDING SETUP INTEGRATOR_LWMAIL----
2021-08-25 18:32:05,013 - INFO - starting integration process for new email migrations
2021-08-25 18:32:05,646 - INFO - CLOSED MIGRATION REPOSITORY CONNECTION
2021-08-25 18:32:05,654 - INFO - CLOSED GLOBOMAIL REPOSITORY CONNECTION
2021-08-25 18:32:05,657 - INFO - CLOSED ROUNDCUBE REPOSITORY CONNECTION
2021-08-25 18:33:05,955 - INFO - -----SETUP INTEGRATOR_LWMAIL----
2021-08-25 18:33:05,963 - INFO - CONNECTED TO MIGRATION REPOSITORY: <repositories.migrator_db.MigrationRepository object at 0xffff7f0c6100> 
2021-08-25 18:33:06,145 - INFO - CONNECTED TO GLOBOMAIL REPOSITORY: <repositories.globomail.GlobomailRepository object at 0xffff7f0c6670> 
2021-08-25 18:33:06,521 - INFO - CONNECTED TO ROUNDCUBE REPOSITORY: <repositories.roundcube.RoundcubeRepository object at 0xffff7f0b6640> 
2021-08-25 18:33:06,526 - INFO - -----ENDING SETUP INTEGRATOR_LWMAIL----
2021-08-25 18:33:06,529 - INFO - starting integration process for new email migrations
2021-08-25 18:33:07,409 - INFO - CLOSED MIGRATION REPOSITORY CONNECTION
2021-08-25 18:33:07,413 - INFO - CLOSED GLOBOMAIL REPOSITORY CONNECTION
2021-08-25 18:33:07,416 - INFO - CLOSED ROUNDCUBE REPOSITORY CONNECTION
2021-08-25 18:34:07,686 - INFO - -----SETUP INTEGRATOR_LWMAIL----
2021-08-25 18:34:07,693 - INFO - CONNECTED TO MIGRATION REPOSITORY: <repositories.migrator_db.MigrationRepository object at 0xffff7f0b69d0> 
2021-08-25 18:34:13,028 - INFO - CONNECTED TO GLOBOMAIL REPOSITORY: <repositories.globomail.GlobomailRepository object at 0xffff7f0c6670> 
2021-08-25 18:34:13,212 - INFO - CONNECTED TO ROUNDCUBE REPOSITORY: <repositories.roundcube.RoundcubeRepository object at 0xffff7f121040> 
2021-08-25 18:34:13,217 - INFO - -----ENDING SETUP INTEGRATOR_LWMAIL----
2021-08-25 18:34:13,220 - INFO - starting integration process for new email migrations
2021-08-25 18:34:13,864 - INFO - CLOSED MIGRATION REPOSITORY CONNECTION
2021-08-25 18:34:13,866 - INFO - CLOSED GLOBOMAIL REPOSITORY CONNECTION
2021-08-25 18:34:13,868 - INFO - CLOSED ROUNDCUBE REPOSITORY CONNECTION
2021-08-25 18:35:14,137 - INFO - -----SETUP INTEGRATOR_LWMAIL----
2021-08-25 18:35:14,144 - INFO - CONNECTED TO MIGRATION REPOSITORY: <repositories.migrator_db.MigrationRepository object at 0xffff7f15ac40> 
2021-08-25 18:35:14,354 - INFO - CONNECTED TO GLOBOMAIL REPOSITORY: <repositories.globomail.GlobomailRepository object at 0xffff7f15aee0> 
2021-08-25 18:35:14,531 - INFO - CONNECTED TO ROUNDCUBE REPOSITORY: <repositories.roundcube.RoundcubeRepository object at 0xffff7f91fdf0> 
2021-08-25 18:35:14,535 - INFO - -----ENDING SETUP INTEGRATOR_LWMAIL----
2021-08-25 18:35:14,537 - INFO - starting integration process for new email migrations
2021-08-25 18:35:15,180 - INFO - CLOSED MIGRATION REPOSITORY CONNECTION
2021-08-25 18:35:15,185 - INFO - CLOSED GLOBOMAIL REPOSITORY CONNECTION
2021-08-25 18:35:15,187 - INFO - CLOSED ROUNDCUBE REPOSITORY CONNECTION
2021-08-25 18:36:15,456 - INFO - -----SETUP INTEGRATOR_LWMAIL----
2021-08-25 18:36:15,463 - INFO - CONNECTED TO MIGRATION REPOSITORY: <repositories.migrator_db.MigrationRepository object at 0xffff7f15aeb0> 
2021-08-25 18:36:15,640 - INFO - CONNECTED TO GLOBOMAIL REPOSITORY: <repositories.globomail.GlobomailRepository object at 0xffff7f7354c0> 
2021-08-25 18:36:15,819 - INFO - CONNECTED TO ROUNDCUBE REPOSITORY: <repositories.roundcube.RoundcubeRepository object at 0xffff7f91fd60> 
2021-08-25 18:36:15,826 - INFO - -----ENDING SETUP INTEGRATOR_LWMAIL----
2021-08-25 18:36:15,829 - INFO - starting integration process for new email migrations
2021-08-25 18:36:16,455 - INFO - CLOSED MIGRATION REPOSITORY CONNECTION
2021-08-25 18:36:16,458 - INFO - CLOSED GLOBOMAIL REPOSITORY CONNECTION
2021-08-25 18:36:16,461 - INFO - CLOSED ROUNDCUBE REPOSITORY CONNECTION
2021-08-25 18:37:16,770 - INFO - -----SETUP INTEGRATOR_LWMAIL----
2021-08-25 18:37:16,775 - INFO - CONNECTED TO MIGRATION REPOSITORY: <repositories.migrator_db.MigrationRepository object at 0xffff7f145760> 
2021-08-25 18:37:16,956 - INFO - CONNECTED TO GLOBOMAIL REPOSITORY: <repositories.globomail.GlobomailRepository object at 0xffff7f0cb370> 
2021-08-25 18:37:17,130 - INFO - CONNECTED TO ROUNDCUBE REPOSITORY: <repositories.roundcube.RoundcubeRepository object at 0xffff7f91fa60> 
2021-08-25 18:37:17,133 - INFO - -----ENDING SETUP INTEGRATOR_LWMAIL----
2021-08-25 18:37:17,135 - INFO - starting integration process for new email migrations
2021-08-25 18:37:17,815 - INFO - CLOSED MIGRATION REPOSITORY CONNECTION
2021-08-25 18:37:17,819 - INFO - CLOSED GLOBOMAIL REPOSITORY CONNECTION
2021-08-25 18:37:17,822 - INFO - CLOSED ROUNDCUBE REPOSITORY CONNECTION
2021-08-25 18:40:33,885 - INFO - -----SETUP INTEGRATOR_LWMAIL----
2021-08-25 18:40:33,899 - INFO - CONNECTED TO MIGRATION REPOSITORY: <repositories.migrator_db.MigrationRepository object at 0xffff7f128bb0> 
2021-08-25 18:40:34,146 - INFO - CONNECTED TO GLOBOMAIL REPOSITORY: <repositories.globomail.GlobomailRepository object at 0xffff7f735160> 
2021-08-25 18:40:34,319 - INFO - CONNECTED TO ROUNDCUBE REPOSITORY: <repositories.roundcube.RoundcubeRepository object at 0xffff7f0b6370> 
2021-08-25 18:40:34,327 - INFO - -----ENDING SETUP INTEGRATOR_LWMAIL----
2021-08-25 18:40:34,329 - INFO - starting integration process for new email migrations
2021-08-25 18:40:34,894 - INFO - CLOSED MIGRATION REPOSITORY CONNECTION
2021-08-25 18:40:34,897 - INFO - CLOSED GLOBOMAIL REPOSITORY CONNECTION
2021-08-25 18:40:34,899 - INFO - CLOSED ROUNDCUBE REPOSITORY CONNECTION
2021-08-25 18:41:35,157 - INFO - -----SETUP INTEGRATOR_LWMAIL----
2021-08-25 18:41:35,163 - INFO - CONNECTED TO MIGRATION REPOSITORY: <repositories.migrator_db.MigrationRepository object at 0xffff7f121160> 
2021-08-25 18:41:35,322 - INFO - CONNECTED TO GLOBOMAIL REPOSITORY: <repositories.globomail.GlobomailRepository object at 0xffff7f1218b0> 
2021-08-25 18:41:35,501 - INFO - CONNECTED TO ROUNDCUBE REPOSITORY: <repositories.roundcube.RoundcubeRepository object at 0xffff7f1459a0> 
2021-08-25 18:41:35,505 - INFO - -----ENDING SETUP INTEGRATOR_LWMAIL----
2021-08-25 18:41:35,507 - INFO - starting integration process for new email migrations
2021-08-25 18:41:36,092 - INFO - CLOSED MIGRATION REPOSITORY CONNECTION
2021-08-25 18:41:36,094 - INFO - CLOSED GLOBOMAIL REPOSITORY CONNECTION
2021-08-25 18:41:36,097 - INFO - CLOSED ROUNDCUBE REPOSITORY CONNECTION
2021-08-25 18:43:37,609 - INFO - -----SETUP INTEGRATOR_LWMAIL----
2021-08-25 18:43:37,614 - INFO - CONNECTED TO MIGRATION REPOSITORY: <repositories.migrator_db.MigrationRepository object at 0xffff7f15ae50> 
2021-08-25 18:43:37,824 - INFO - CONNECTED TO GLOBOMAIL REPOSITORY: <repositories.globomail.GlobomailRepository object at 0xffff7f15adf0> 
2021-08-25 18:43:45,055 - INFO - CONNECTED TO ROUNDCUBE REPOSITORY: <repositories.roundcube.RoundcubeRepository object at 0xffff7f128940> 
2021-08-25 18:43:45,059 - INFO - -----ENDING SETUP INTEGRATOR_LWMAIL----
2021-08-25 18:43:45,061 - INFO - starting integration process for new email migrations
2021-08-25 18:43:45,628 - INFO - CLOSED MIGRATION REPOSITORY CONNECTION
2021-08-25 18:43:45,632 - INFO - CLOSED GLOBOMAIL REPOSITORY CONNECTION
2021-08-25 18:43:45,635 - INFO - CLOSED ROUNDCUBE REPOSITORY CONNECTION
2021-08-25 18:44:45,924 - INFO - -----SETUP INTEGRATOR_LWMAIL----
2021-08-25 18:44:45,932 - INFO - CONNECTED TO MIGRATION REPOSITORY: <repositories.migrator_db.MigrationRepository object at 0xffff7f0cb520> 
2021-08-25 18:44:46,128 - INFO - CONNECTED TO GLOBOMAIL REPOSITORY: <repositories.globomail.GlobomailRepository object at 0xffff7f0cb8e0> 
2021-08-25 18:44:46,289 - INFO - CONNECTED TO ROUNDCUBE REPOSITORY: <repositories.roundcube.RoundcubeRepository object at 0xffff7f128a30> 
2021-08-25 18:44:46,296 - INFO - -----ENDING SETUP INTEGRATOR_LWMAIL----
2021-08-25 18:44:46,299 - INFO - starting integration process for new email migrations
2021-08-25 18:44:46,861 - INFO - CLOSED MIGRATION REPOSITORY CONNECTION
2021-08-25 18:44:46,865 - INFO - CLOSED GLOBOMAIL REPOSITORY CONNECTION
2021-08-25 18:44:46,869 - INFO - CLOSED ROUNDCUBE REPOSITORY CONNECTION
2021-08-25 18:45:47,168 - INFO - -----SETUP INTEGRATOR_LWMAIL----
2021-08-25 18:45:47,174 - INFO - CONNECTED TO MIGRATION REPOSITORY: <repositories.migrator_db.MigrationRepository object at 0xffff7f720880> 
2021-08-25 18:45:47,441 - INFO - CONNECTED TO GLOBOMAIL REPOSITORY: <repositories.globomail.GlobomailRepository object at 0xffff7f720e50> 
2021-08-25 18:45:47,608 - INFO - CONNECTED TO ROUNDCUBE REPOSITORY: <repositories.roundcube.RoundcubeRepository object at 0xffff7f1128b0> 
2021-08-25 18:45:47,612 - INFO - -----ENDING SETUP INTEGRATOR_LWMAIL----
2021-08-25 18:45:47,616 - INFO - starting integration process for new email migrations
2021-08-25 18:45:48,190 - INFO - CLOSED MIGRATION REPOSITORY CONNECTION
2021-08-25 18:45:48,194 - INFO - CLOSED GLOBOMAIL REPOSITORY CONNECTION
2021-08-25 18:45:48,197 - INFO - CLOSED ROUNDCUBE REPOSITORY CONNECTION
2021-08-25 18:46:48,461 - INFO - -----SETUP INTEGRATOR_LWMAIL----
2021-08-25 18:46:48,470 - INFO - CONNECTED TO MIGRATION REPOSITORY: <repositories.migrator_db.MigrationRepository object at 0xffff7f91fbb0> 
2021-08-25 18:46:48,758 - INFO - CONNECTED TO GLOBOMAIL REPOSITORY: <repositories.globomail.GlobomailRepository object at 0xffff7f91fa60> 
2021-08-25 18:46:48,920 - INFO - CONNECTED TO ROUNDCUBE REPOSITORY: <repositories.roundcube.RoundcubeRepository object at 0xffff7f112a90> 
2021-08-25 18:46:48,924 - INFO - -----ENDING SETUP INTEGRATOR_LWMAIL----
2021-08-25 18:46:48,926 - INFO - starting integration process for new email migrations
2021-08-25 18:46:49,499 - INFO - CLOSED MIGRATION REPOSITORY CONNECTION
2021-08-25 18:46:49,503 - INFO - CLOSED GLOBOMAIL REPOSITORY CONNECTION
2021-08-25 18:46:49,505 - INFO - CLOSED ROUNDCUBE REPOSITORY CONNECTION
2021-08-25 18:47:49,755 - INFO - -----SETUP INTEGRATOR_LWMAIL----
2021-08-25 18:47:49,763 - INFO - CONNECTED TO MIGRATION REPOSITORY: <repositories.migrator_db.MigrationRepository object at 0xffff7f735550> 
2021-08-25 18:47:49,966 - INFO - CONNECTED TO GLOBOMAIL REPOSITORY: <repositories.globomail.GlobomailRepository object at 0xffff7f735400> 
2021-08-25 18:47:50,132 - INFO - CONNECTED TO ROUNDCUBE REPOSITORY: <repositories.roundcube.RoundcubeRepository object at 0xffff7f112be0> 
2021-08-25 18:47:50,135 - INFO - -----ENDING SETUP INTEGRATOR_LWMAIL----
2021-08-25 18:47:50,137 - INFO - starting integration process for new email migrations
2021-08-25 18:47:50,699 - INFO - CLOSED MIGRATION REPOSITORY CONNECTION
2021-08-25 18:47:50,701 - INFO - CLOSED GLOBOMAIL REPOSITORY CONNECTION
2021-08-25 18:47:50,707 - INFO - CLOSED ROUNDCUBE REPOSITORY CONNECTION
2021-08-25 18:48:51,013 - INFO - -----SETUP INTEGRATOR_LWMAIL----
2021-08-25 18:48:51,026 - INFO - CONNECTED TO MIGRATION REPOSITORY: <repositories.migrator_db.MigrationRepository object at 0xffff7f128e80> 
2021-08-25 18:48:51,284 - INFO - CONNECTED TO GLOBOMAIL REPOSITORY: <repositories.globomail.GlobomailRepository object at 0xffff7f128940> 
2021-08-25 18:48:51,466 - INFO - CONNECTED TO ROUNDCUBE REPOSITORY: <repositories.roundcube.RoundcubeRepository object at 0xffff7f112040> 
2021-08-25 18:48:51,474 - INFO - -----ENDING SETUP INTEGRATOR_LWMAIL----
2021-08-25 18:48:51,477 - INFO - starting integration process for new email migrations
2021-08-25 18:48:52,353 - INFO - CLOSED MIGRATION REPOSITORY CONNECTION
2021-08-25 18:48:52,358 - INFO - CLOSED GLOBOMAIL REPOSITORY CONNECTION
2021-08-25 18:48:52,360 - INFO - CLOSED ROUNDCUBE REPOSITORY CONNECTION
2021-08-25 18:49:52,664 - INFO - -----SETUP INTEGRATOR_LWMAIL----
2021-08-25 18:49:52,673 - INFO - CONNECTED TO MIGRATION REPOSITORY: <repositories.migrator_db.MigrationRepository object at 0xffff7f0b6100> 
2021-08-25 18:49:52,864 - INFO - CONNECTED TO GLOBOMAIL REPOSITORY: <repositories.globomail.GlobomailRepository object at 0xffff7f0f2730> 
2021-08-25 18:49:53,033 - INFO - CONNECTED TO ROUNDCUBE REPOSITORY: <repositories.roundcube.RoundcubeRepository object at 0xffff7f0f2220> 
2021-08-25 18:49:53,039 - INFO - -----ENDING SETUP INTEGRATOR_LWMAIL----
2021-08-25 18:49:53,042 - INFO - starting integration process for new email migrations
2021-08-25 18:49:53,629 - INFO - CLOSED MIGRATION REPOSITORY CONNECTION
2021-08-25 18:49:53,634 - INFO - CLOSED GLOBOMAIL REPOSITORY CONNECTION
2021-08-25 18:49:53,638 - INFO - CLOSED ROUNDCUBE REPOSITORY CONNECTION
2021-08-25 18:50:53,914 - INFO - -----SETUP INTEGRATOR_LWMAIL----
2021-08-25 18:50:53,922 - INFO - CONNECTED TO MIGRATION REPOSITORY: <repositories.migrator_db.MigrationRepository object at 0xffff7f121610> 
2021-08-25 18:50:54,192 - INFO - CONNECTED TO GLOBOMAIL REPOSITORY: <repositories.globomail.GlobomailRepository object at 0xffff7f121400> 
2021-08-25 18:50:54,469 - INFO - CONNECTED TO ROUNDCUBE REPOSITORY: <repositories.roundcube.RoundcubeRepository object at 0xffff7f0f2100> 
2021-08-25 18:50:54,476 - INFO - -----ENDING SETUP INTEGRATOR_LWMAIL----
2021-08-25 18:50:54,478 - INFO - starting integration process for new email migrations
2021-08-25 18:50:55,069 - INFO - CLOSED MIGRATION REPOSITORY CONNECTION
2021-08-25 18:50:55,072 - INFO - CLOSED GLOBOMAIL REPOSITORY CONNECTION
2021-08-25 18:50:55,076 - INFO - CLOSED ROUNDCUBE REPOSITORY CONNECTION
2021-08-25 18:51:55,347 - INFO - -----SETUP INTEGRATOR_LWMAIL----
2021-08-25 18:51:55,355 - INFO - CONNECTED TO MIGRATION REPOSITORY: <repositories.migrator_db.MigrationRepository object at 0xffff7f128190> 
2021-08-25 18:51:55,612 - INFO - CONNECTED TO GLOBOMAIL REPOSITORY: <repositories.globomail.GlobomailRepository object at 0xffff7f128a30> 
2021-08-25 18:51:55,791 - INFO - CONNECTED TO ROUNDCUBE REPOSITORY: <repositories.roundcube.RoundcubeRepository object at 0xffff7f0f2100> 
2021-08-25 18:51:55,796 - INFO - -----ENDING SETUP INTEGRATOR_LWMAIL----
2021-08-25 18:51:55,799 - INFO - starting integration process for new email migrations
2021-08-25 18:51:56,423 - INFO - CLOSED MIGRATION REPOSITORY CONNECTION
2021-08-25 18:51:56,430 - INFO - CLOSED GLOBOMAIL REPOSITORY CONNECTION
2021-08-25 18:51:56,434 - INFO - CLOSED ROUNDCUBE REPOSITORY CONNECTION
2021-08-25 18:52:56,690 - INFO - -----SETUP INTEGRATOR_LWMAIL----
2021-08-25 18:52:56,701 - INFO - CONNECTED TO MIGRATION REPOSITORY: <repositories.migrator_db.MigrationRepository object at 0xffff7f91fd90> 
2021-08-25 18:52:56,956 - INFO - CONNECTED TO GLOBOMAIL REPOSITORY: <repositories.globomail.GlobomailRepository object at 0xffff7f91fee0> 
2021-08-25 18:52:57,157 - INFO - CONNECTED TO ROUNDCUBE REPOSITORY: <repositories.roundcube.RoundcubeRepository object at 0xffff7f0f2af0> 
2021-08-25 18:52:57,161 - INFO - -----ENDING SETUP INTEGRATOR_LWMAIL----
2021-08-25 18:52:57,163 - INFO - starting integration process for new email migrations
2021-08-25 18:52:57,750 - INFO - CLOSED MIGRATION REPOSITORY CONNECTION
2021-08-25 18:52:57,752 - INFO - CLOSED GLOBOMAIL REPOSITORY CONNECTION
2021-08-25 18:52:57,754 - INFO - CLOSED ROUNDCUBE REPOSITORY CONNECTION
2021-08-25 18:53:58,106 - INFO - -----SETUP INTEGRATOR_LWMAIL----
2021-08-25 18:53:58,130 - INFO - CONNECTED TO MIGRATION REPOSITORY: <repositories.migrator_db.MigrationRepository object at 0xffff7f08a430> 
2021-08-25 18:53:59,342 - INFO - CONNECTED TO GLOBOMAIL REPOSITORY: <repositories.globomail.GlobomailRepository object at 0xffff7f08a460> 
2021-08-25 18:54:00,601 - INFO - CONNECTED TO ROUNDCUBE REPOSITORY: <repositories.roundcube.RoundcubeRepository object at 0xffff7f08a3a0> 
2021-08-25 18:54:00,608 - INFO - -----ENDING SETUP INTEGRATOR_LWMAIL----
2021-08-25 18:54:00,611 - INFO - starting integration process for new email migrations
2021-08-25 18:54:01,212 - INFO - CLOSED MIGRATION REPOSITORY CONNECTION
2021-08-25 18:54:01,217 - INFO - CLOSED GLOBOMAIL REPOSITORY CONNECTION
2021-08-25 18:54:01,220 - INFO - CLOSED ROUNDCUBE REPOSITORY CONNECTION
2021-08-25 18:55:01,488 - INFO - -----SETUP INTEGRATOR_LWMAIL----
2021-08-25 18:55:01,495 - INFO - CONNECTED TO MIGRATION REPOSITORY: <repositories.migrator_db.MigrationRepository object at 0xffff7f128910> 
2021-08-25 18:55:01,679 - INFO - CONNECTED TO GLOBOMAIL REPOSITORY: <repositories.globomail.GlobomailRepository object at 0xffff7f128d00> 
2021-08-25 18:55:01,854 - INFO - CONNECTED TO ROUNDCUBE REPOSITORY: <repositories.roundcube.RoundcubeRepository object at 0xffff7f08a430> 
2021-08-25 18:55:01,858 - INFO - -----ENDING SETUP INTEGRATOR_LWMAIL----
2021-08-25 18:55:01,860 - INFO - starting integration process for new email migrations
2021-08-25 18:55:02,471 - INFO - CLOSED MIGRATION REPOSITORY CONNECTION
2021-08-25 18:55:02,476 - INFO - CLOSED GLOBOMAIL REPOSITORY CONNECTION
2021-08-25 18:55:02,480 - INFO - CLOSED ROUNDCUBE REPOSITORY CONNECTION
2021-08-25 18:58:18,654 - INFO - -----SETUP INTEGRATOR_LWMAIL----
2021-08-25 18:58:18,672 - INFO - CONNECTED TO MIGRATION REPOSITORY: <repositories.migrator_db.MigrationRepository object at 0xffff7f1459a0> 
2021-08-25 18:58:18,976 - INFO - CONNECTED TO GLOBOMAIL REPOSITORY: <repositories.globomail.GlobomailRepository object at 0xffff7f128940> 
2021-08-25 18:58:19,214 - INFO - CONNECTED TO ROUNDCUBE REPOSITORY: <repositories.roundcube.RoundcubeRepository object at 0xffff7f1125e0> 
2021-08-25 18:58:19,221 - INFO - -----ENDING SETUP INTEGRATOR_LWMAIL----
2021-08-25 18:58:19,224 - INFO - starting integration process for new email migrations
2021-08-25 18:58:19,873 - INFO - CLOSED MIGRATION REPOSITORY CONNECTION
2021-08-25 18:58:19,879 - INFO - CLOSED GLOBOMAIL REPOSITORY CONNECTION
2021-08-25 18:58:19,884 - INFO - CLOSED ROUNDCUBE REPOSITORY CONNECTION
2021-08-25 18:59:20,157 - INFO - -----SETUP INTEGRATOR_LWMAIL----
2021-08-25 18:59:20,165 - INFO - CONNECTED TO MIGRATION REPOSITORY: <repositories.migrator_db.MigrationRepository object at 0xffff7f91fee0> 
2021-08-25 18:59:39,444 - INFO - CONNECTED TO GLOBOMAIL REPOSITORY: <repositories.globomail.GlobomailRepository object at 0xffff7f91fb20> 
2021-08-25 18:59:39,627 - INFO - CONNECTED TO ROUNDCUBE REPOSITORY: <repositories.roundcube.RoundcubeRepository object at 0xffff7f1127c0> 
2021-08-25 18:59:39,631 - INFO - -----ENDING SETUP INTEGRATOR_LWMAIL----
2021-08-25 18:59:39,633 - INFO - starting integration process for new email migrations
2021-08-25 18:59:40,320 - INFO - CLOSED MIGRATION REPOSITORY CONNECTION
2021-08-25 18:59:40,328 - INFO - CLOSED GLOBOMAIL REPOSITORY CONNECTION
2021-08-25 18:59:40,334 - INFO - CLOSED ROUNDCUBE REPOSITORY CONNECTION
2021-08-25 19:00:40,605 - INFO - -----SETUP INTEGRATOR_LWMAIL----
2021-08-25 19:00:40,615 - INFO - CONNECTED TO MIGRATION REPOSITORY: <repositories.migrator_db.MigrationRepository object at 0xffff7f15adf0> 
2021-08-25 19:00:40,914 - INFO - CONNECTED TO GLOBOMAIL REPOSITORY: <repositories.globomail.GlobomailRepository object at 0xffff7f112670> 
2021-08-25 19:00:41,145 - INFO - CONNECTED TO ROUNDCUBE REPOSITORY: <repositories.roundcube.RoundcubeRepository object at 0xffff7f112be0> 
2021-08-25 19:00:41,151 - INFO - -----ENDING SETUP INTEGRATOR_LWMAIL----
2021-08-25 19:00:41,155 - INFO - starting integration process for new email migrations
2021-08-25 19:00:41,823 - INFO - CLOSED MIGRATION REPOSITORY CONNECTION
2021-08-25 19:00:41,829 - INFO - CLOSED GLOBOMAIL REPOSITORY CONNECTION
2021-08-25 19:00:41,832 - INFO - CLOSED ROUNDCUBE REPOSITORY CONNECTION
2021-08-25 19:01:42,092 - INFO - -----SETUP INTEGRATOR_LWMAIL----
2021-08-25 19:01:42,098 - INFO - CONNECTED TO MIGRATION REPOSITORY: <repositories.migrator_db.MigrationRepository object at 0xffff7f1459a0> 
2021-08-25 19:01:42,319 - INFO - CONNECTED TO GLOBOMAIL REPOSITORY: <repositories.globomail.GlobomailRepository object at 0xffff7f7352b0> 
2021-08-25 19:01:42,536 - INFO - CONNECTED TO ROUNDCUBE REPOSITORY: <repositories.roundcube.RoundcubeRepository object at 0xffff7f128bb0> 
2021-08-25 19:01:42,538 - INFO - -----ENDING SETUP INTEGRATOR_LWMAIL----
2021-08-25 19:01:42,539 - INFO - starting integration process for new email migrations
2021-08-25 19:01:43,398 - INFO - CLOSED MIGRATION REPOSITORY CONNECTION
2021-08-25 19:01:43,406 - INFO - CLOSED GLOBOMAIL REPOSITORY CONNECTION
2021-08-25 19:01:43,409 - INFO - CLOSED ROUNDCUBE REPOSITORY CONNECTION
2021-08-25 19:02:43,679 - INFO - -----SETUP INTEGRATOR_LWMAIL----
2021-08-25 19:02:43,693 - INFO - CONNECTED TO MIGRATION REPOSITORY: <repositories.migrator_db.MigrationRepository object at 0xffff7f0c6a60> 
2021-08-25 19:02:43,881 - INFO - CONNECTED TO GLOBOMAIL REPOSITORY: <repositories.globomail.GlobomailRepository object at 0xffff7f91fe20> 
2021-08-25 19:02:44,302 - INFO - CONNECTED TO ROUNDCUBE REPOSITORY: <repositories.roundcube.RoundcubeRepository object at 0xffff7f0cba30> 
2021-08-25 19:02:44,307 - INFO - -----ENDING SETUP INTEGRATOR_LWMAIL----
2021-08-25 19:02:44,311 - INFO - starting integration process for new email migrations
2021-08-25 19:02:44,994 - INFO - CLOSED MIGRATION REPOSITORY CONNECTION
2021-08-25 19:02:44,998 - INFO - CLOSED GLOBOMAIL REPOSITORY CONNECTION
2021-08-25 19:02:45,002 - INFO - CLOSED ROUNDCUBE REPOSITORY CONNECTION
2021-08-25 19:03:45,301 - INFO - -----SETUP INTEGRATOR_LWMAIL----
2021-08-25 19:03:45,304 - INFO - CONNECTED TO MIGRATION REPOSITORY: <repositories.migrator_db.MigrationRepository object at 0xffff7f112f40> 
2021-08-25 19:03:45,488 - INFO - CONNECTED TO GLOBOMAIL REPOSITORY: <repositories.globomail.GlobomailRepository object at 0xffff7f1123a0> 
2021-08-25 19:03:46,663 - INFO - CONNECTED TO ROUNDCUBE REPOSITORY: <repositories.roundcube.RoundcubeRepository object at 0xffff7f1459a0> 
2021-08-25 19:03:46,669 - INFO - -----ENDING SETUP INTEGRATOR_LWMAIL----
2021-08-25 19:03:46,672 - INFO - starting integration process for new email migrations
2021-08-25 19:03:47,617 - INFO - CLOSED MIGRATION REPOSITORY CONNECTION
2021-08-25 19:03:47,622 - INFO - CLOSED GLOBOMAIL REPOSITORY CONNECTION
2021-08-25 19:03:47,626 - INFO - CLOSED ROUNDCUBE REPOSITORY CONNECTION
2021-08-25 19:04:47,913 - INFO - -----SETUP INTEGRATOR_LWMAIL----
2021-08-25 19:04:47,921 - INFO - CONNECTED TO MIGRATION REPOSITORY: <repositories.migrator_db.MigrationRepository object at 0xffff7f096160> 
2021-08-25 19:04:48,342 - INFO - CONNECTED TO GLOBOMAIL REPOSITORY: <repositories.globomail.GlobomailRepository object at 0xffff7f096eb0> 
2021-08-25 19:04:48,757 - INFO - CONNECTED TO ROUNDCUBE REPOSITORY: <repositories.roundcube.RoundcubeRepository object at 0xffff7f096a60> 
2021-08-25 19:04:48,763 - INFO - -----ENDING SETUP INTEGRATOR_LWMAIL----
2021-08-25 19:04:48,766 - INFO - starting integration process for new email migrations
2021-08-25 19:04:49,785 - INFO - CLOSED MIGRATION REPOSITORY CONNECTION
2021-08-25 19:04:49,791 - INFO - CLOSED GLOBOMAIL REPOSITORY CONNECTION
2021-08-25 19:04:49,795 - INFO - CLOSED ROUNDCUBE REPOSITORY CONNECTION
2021-08-25 19:05:50,077 - INFO - -----SETUP INTEGRATOR_LWMAIL----
2021-08-25 19:05:50,092 - INFO - CONNECTED TO MIGRATION REPOSITORY: <repositories.migrator_db.MigrationRepository object at 0xffff7f096100> 
